[2023-09-18 11:18:59.158762] [CLIENT_CONNECT] setting content : Protocol: TCP, IP: 10.7.12.94, Transaction Delay: 1000, Timeout: 1000
[2023-09-18 11:18:59.264852] [CLIENT_CONNECT] Connection to '10.7.12.94' was successful.
[2023-09-18 11:18:59.383691] [CLIENT_INPUT] paket : 00 01 00 00 00 0D 01 10 00 00 00 03 06 1A 2B 3C 4D 00 01
[2023-09-18 11:18:59.444936] [CLIENT_OUTPUT] paket : 00 01 00 00 00 06 01 10 00 00 00 03
[2023-09-18 11:19:00.242526] [CLIENT_INPUT] paket : 00 03 00 00 00 06 01 03 00 06 00 01
[2023-09-18 11:19:00.300056] [CLIENT_OUTPUT] paket : 00 03 00 00 00 05 01 03 02 00 12
[2023-09-18 11:19:01.209793] [CLIENT_INPUT] paket : 00 02 00 00 00 06 01 03 00 0A 00 04
[2023-09-18 11:19:01.275181] [CLIENT_OUTPUT] paket : 00 02 00 00 00 0B 01 03 08 00 7B 01 C8 03 15 03 F2
[2023-09-18 11:19:02.164899] [CLIENT_INPUT] paket : 00 00 00 00 00 09 01 10 00 00 00 01 02 00 01
[2023-09-18 11:19:02.246302] [CLIENT_OUTPUT] paket : 00 00 00 00 00 06 01 10 00 00 00 01
[2023-09-18 11:19:13.982093] [CLIENT_DISCONNECT] Disconnected
[2023-09-18 11:23:44.757081] [CLIENT_CONNECT] setting content : Protocol: TCP, IP: 10.7.12.94, Transaction Delay: 1000, Timeout: 1000
[2023-09-18 11:23:44.851942] [CLIENT_CONNECT] Connection to '10.7.12.94' was successful.
[2023-09-18 11:23:44.911146] [CLIENT_INPUT] paket : 00 01 00 00 00 06 01 03 00 00 00 03
[2023-09-18 11:23:44.977859] [CLIENT_OUTPUT] paket : 00 01 00 00 00 09 01 03 06 00 01 3C 4D 00 01
[2023-09-18 11:23:45.776222] [CLIENT_INPUT] paket : 00 01 00 00 00 06 01 03 00 0A 00 04
[2023-09-18 11:23:45.883425] [CLIENT_OUTPUT] paket : 00 01 00 00 00 0B 01 03 08 01 C8 00 7B 03 F2 03 15
[2023-09-18 11:23:49.178933] [CLIENT_INPUT] paket : 00 02 00 00 00 06 01 03 00 00 00 03
[2023-09-18 11:23:49.260701] [CLIENT_OUTPUT] paket : 00 02 00 00 00 09 01 03 06 00 01 3C 4D 00 01
[2023-09-18 11:23:50.986434] [CLIENT_INPUT] paket : 00 02 00 00 00 06 01 03 00 0A 00 04
[2023-09-18 11:23:51.055009] [CLIENT_OUTPUT] paket : 00 02 00 00 00 0B 01 03 08 01 C8 00 7B 03 F2 03 15
[2023-09-18 11:23:53.322372] [CLIENT_INPUT] paket : 00 03 00 00 00 06 01 03 00 00 00 03
[2023-09-18 11:23:53.360033] [CLIENT_OUTPUT] paket : 00 03 00 00 00 09 01 03 06 00 01 3C 4D 00 01
[2023-09-18 11:23:56.173979] [CLIENT_INPUT] paket : 00 03 00 00 00 06 01 03 00 0A 00 04
[2023-09-18 11:23:56.272558] [CLIENT_OUTPUT] paket : 00 03 00 00 00 0B 01 03 08 01 C8 00 7B 03 F2 03 15
[2023-09-18 11:23:57.511645] [CLIENT_INPUT] paket : 00 04 00 00 00 06 01 03 00 00 00 03
[2023-09-18 11:23:57.571706] [CLIENT_OUTPUT] paket : 00 04 00 00 00 09 01 03 06 00 01 3C 4D 00 01
[2023-09-18 11:24:01.360039] [CLIENT_INPUT] paket : 00 04 00 00 00 06 01 03 00 0A 00 04
[2023-09-18 11:24:01.446225] [CLIENT_OUTPUT] paket : 00 04 00 00 00 0B 01 03 08 01 C8 00 7B 03 F2 03 15
[2023-09-18 11:24:01.650954] [CLIENT_INPUT] paket : 00 05 00 00 00 06 01 03 00 00 00 03
[2023-09-18 11:24:01.682722] [CLIENT_OUTPUT] paket : 00 05 00 00 00 09 01 03 06 00 01 3C 4D 00 01
[2023-09-18 11:24:05.824060] [CLIENT_INPUT] paket : 00 06 00 00 00 06 01 03 00 00 00 03
[2023-09-18 11:24:05.926256] [CLIENT_OUTPUT] paket : 00 06 00 00 00 09 01 03 06 00 01 3C 4D 00 01
[2023-09-18 11:24:06.524788] [CLIENT_INPUT] paket : 00 05 00 00 00 06 01 03 00 0A 00 04
[2023-09-18 11:24:06.676989] [CLIENT_OUTPUT] paket : 00 05 00 00 00 0B 01 03 08 01 C8 00 7B 03 F2 03 15
[2023-09-18 11:24:10.035568] [CLIENT_INPUT] paket : 00 07 00 00 00 06 01 03 00 00 00 03
[2023-09-18 11:24:10.069243] [CLIENT_OUTPUT] paket : 00 07 00 00 00 09 01 03 06 00 01 3C 4D 00 01
[2023-09-18 11:24:11.751423] [CLIENT_INPUT] paket : 00 06 00 00 00 06 01 03 00 0A 00 04
[2023-09-18 11:24:11.962455] [CLIENT_OUTPUT] paket : 00 06 00 00 00 0B 01 03 08 01 C8 00 7B 03 F2 03 15
[2023-09-18 11:24:14.135240] [CLIENT_INPUT] paket : 00 08 00 00 00 06 01 03 00 00 00 03
[2023-09-18 11:24:14.171483] [CLIENT_OUTPUT] paket : 00 08 00 00 00 09 01 03 06 00 01 3C 4D 00 01
[2023-09-18 11:24:16.070385] [CLIENT_INPUT] paket : 00 01 00 00 00 0D 01 10 00 00 00 03 06 1A 2B 3C 4D 00 01
[2023-09-18 11:24:16.131825] [CLIENT_OUTPUT] paket : 00 01 00 00 00 06 01 10 00 00 00 03
[2023-09-18 11:24:17.051528] [CLIENT_INPUT] paket : 00 07 00 00 00 06 01 03 00 0A 00 04
[2023-09-18 11:24:17.125795] [CLIENT_OUTPUT] paket : 00 01 00 00 00 06 01 06 00 06 00 12
[2023-09-18 11:24:17.154794] [CLIENT_INPUT] paket : 00 03 00 00 00 06 01 03 00 06 00 01
[2023-09-18 11:24:17.202099] [CLIENT_OUTPUT] paket : 00 03 00 00 00 05 01 03 02 00 12
[2023-09-18 11:24:18.112749] [CLIENT_INPUT] paket : 00 02 00 00 00 06 01 03 00 0A 00 04
[2023-09-18 11:24:18.193646] [CLIENT_OUTPUT] paket : 00 02 00 00 00 0B 01 03 08 00 7B 01 C8 03 15 03 F2
[2023-09-18 11:24:18.241712] [CLIENT_INPUT] paket : 00 09 00 00 00 06 01 03 00 00 00 03
[2023-09-18 11:24:18.310609] [CLIENT_OUTPUT] paket : 00 09 00 00 00 09 01 03 06 1A 2B 3C 4D 00 01
[2023-09-18 11:24:19.061737] [CLIENT_INPUT] paket : 00 00 00 00 00 09 01 10 00 00 00 01 02 00 01
[2023-09-18 11:24:19.093839] [CLIENT_OUTPUT] paket : 00 00 00 00 00 06 01 10 00 00 00 01
[2023-09-18 11:24:21.250047] [CLIENT_INPUT] paket : 00 01 00 00 00 0D 01 10 00 00 00 03 06 1A 2B 3C 4D 00 01
[2023-09-18 11:24:21.289620] [CLIENT_OUTPUT] paket : 00 01 00 00 00 06 01 10 00 00 00 03
[2023-09-18 11:24:22.190046] [CLIENT_INPUT] paket : 00 08 00 00 00 06 01 03 00 0A 00 04
[2023-09-18 11:24:22.216445] [CLIENT_OUTPUT] paket : 00 08 00 00 00 0B 01 03 08 01 C8 00 7B 03 F2 03 15
[2023-09-18 11:24:22.303097] [CLIENT_INPUT] paket : 00 03 00 00 00 06 01 03 00 06 00 01
[2023-09-18 11:24:22.344851] [CLIENT_OUTPUT] paket : 00 03 00 00 00 05 01 03 02 00 12
[2023-09-18 11:24:22.380315] [CLIENT_INPUT] paket : 00 0A 00 00 00 06 01 03 00 00 00 03
[2023-09-18 11:24:22.424058] [CLIENT_OUTPUT] paket : 00 0A 00 00 00 09 01 03 06 1A 2B 3C 4D 00 01
[2023-09-18 11:24:23.285533] [CLIENT_INPUT] paket : 00 02 00 00 00 06 01 03 00 0A 00 04
[2023-09-18 11:24:23.347677] [CLIENT_OUTPUT] paket : 00 02 00 00 00 0B 01 03 08 00 7B 01 C8 03 15 03 F2
[2023-09-18 11:24:24.231531] [CLIENT_INPUT] paket : 00 00 00 00 00 09 01 10 00 00 00 01 02 00 01
[2023-09-18 11:24:24.284106] [CLIENT_OUTPUT] paket : 00 00 00 00 00 06 01 10 00 00 00 01
[2023-09-18 11:24:26.499952] [CLIENT_INPUT] paket : 00 0B 00 00 00 06 01 03 00 00 00 03
[2023-09-18 11:24:26.548787] [CLIENT_OUTPUT] paket : 00 0B 00 00 00 09 01 03 06 00 01 3C 4D 00 01
[2023-09-18 11:24:27.183024] [CLIENT_INPUT] paket : 00 01 00 00 00 0D 01 10 00 00 00 03 06 1A 2B 3C 4D 00 01
[2023-09-18 11:24:27.264824] [CLIENT_INPUT] paket : 00 09 00 00 00 06 01 03 00 0A 00 04
[2023-09-18 11:24:27.266994] [CLIENT_OUTPUT] paket : 00 09 00 00 00 0B 01 03 08 01 C8 00 7B 03 F2 03 15
[2023-09-18 11:24:27.372223] [CLIENT_OUTPUT] paket : 00 09 00 00 00 0B 01 03 08 01 C8 00 7B 03 F2 03 15
[2023-09-18 11:24:28.234692] [CLIENT_INPUT] paket : 00 03 00 00 00 06 01 03 00 06 00 01
[2023-09-18 11:24:28.289792] [CLIENT_OUTPUT] paket : 00 03 00 00 00 05 01 03 02 00 12
[2023-09-18 11:24:29.210400] [CLIENT_INPUT] paket : 00 02 00 00 00 06 01 03 00 0A 00 04
[2023-09-18 11:24:29.277839] [CLIENT_OUTPUT] paket : 00 02 00 00 00 0B 01 03 08 00 7B 01 C8 03 15 03 F2
[2023-09-18 11:24:30.168699] [CLIENT_INPUT] paket : 00 00 00 00 00 09 01 10 00 00 00 01 02 00 01
[2023-09-18 11:24:30.218992] [CLIENT_OUTPUT] paket : 00 00 00 00 00 06 01 10 00 00 00 01
[2023-09-18 11:24:30.610884] [CLIENT_INPUT] paket : 00 0C 00 00 00 06 01 03 00 00 00 03
[2023-09-18 11:24:30.658377] [CLIENT_OUTPUT] paket : 00 0C 00 00 00 09 01 03 06 00 01 3C 4D 00 01
[2023-09-18 11:24:32.083625] [CLIENT_INPUT] paket : 00 01 00 00 00 0D 01 10 00 00 00 03 06 1A 2B 3C 4D 00 01
[2023-09-18 11:24:51.273091] [CLIENT_CONNECT] setting content : Protocol: TCP, IP: 10.7.12.94, Transaction Delay: 1000, Timeout: 1000
[2023-09-18 11:24:51.440414] [CLIENT_CONNECT] Connection to '10.7.12.94' was successful.
[2023-09-18 11:24:51.764018] [CLIENT_INPUT] paket : 00 01 00 00 00 06 01 03 00 00 00 03
[2023-09-18 11:24:51.836626] [CLIENT_OUTPUT] paket : 00 01 00 00 00 09 01 03 06 1A 2B 3C 4D 00 01
[2023-09-18 11:24:52.299070] [CLIENT_INPUT] paket : 00 01 00 00 00 06 01 03 00 0A 00 04
[2023-09-18 11:24:52.362374] [CLIENT_OUTPUT] paket : 00 01 00 00 00 0B 01 03 08 01 C8 00 7B 03 F2 03 15
[2023-09-18 11:24:55.938148] [CLIENT_INPUT] paket : 00 02 00 00 00 06 01 03 00 00 00 03
[2023-09-18 11:24:55.984327] [CLIENT_OUTPUT] paket : 00 02 00 00 00 09 01 03 06 1A 2B 3C 4D 00 01
[2023-09-18 11:24:57.532024] [CLIENT_INPUT] paket : 00 02 00 00 00 06 01 03 00 0A 00 04
[2023-09-18 11:24:57.579673] [CLIENT_OUTPUT] paket : 00 02 00 00 00 0B 01 03 08 01 C8 00 7B 03 F2 03 15
[2023-09-18 11:25:00.041825] [CLIENT_INPUT] paket : 00 03 00 00 00 06 01 03 00 00 00 03
[2023-09-18 11:25:00.083133] [CLIENT_OUTPUT] paket : 00 03 00 00 00 09 01 03 06 1A 2B 3C 4D 00 01
[2023-09-18 11:25:02.686348] [CLIENT_INPUT] paket : 00 03 00 00 00 06 01 03 00 0A 00 04
[2023-09-18 11:25:02.753953] [CLIENT_OUTPUT] paket : 00 03 00 00 00 0B 01 03 08 01 C8 00 7B 03 F2 03 15
[2023-09-18 11:25:04.275271] [CLIENT_INPUT] paket : 00 04 00 00 00 06 01 03 00 00 00 03
[2023-09-18 11:25:04.315352] [CLIENT_OUTPUT] paket : 00 04 00 00 00 09 01 03 06 1A 2B 3C 4D 00 01
[2023-09-18 11:25:07.966001] [CLIENT_INPUT] paket : 00 04 00 00 00 06 01 03 00 0A 00 04
[2023-09-18 11:25:08.076586] [CLIENT_OUTPUT] paket : 00 04 00 00 00 0B 01 03 08 01 C8 00 7B 03 F2 03 15
[2023-09-18 11:25:08.378328] [CLIENT_INPUT] paket : 00 05 00 00 00 06 01 03 00 00 00 03
[2023-09-18 11:25:08.493976] [CLIENT_OUTPUT] paket : 00 05 00 00 00 09 01 03 06 1A 2B 3C 4D 00 01
[2023-09-18 11:25:10.496567] [CLIENT_INPUT] paket : 00 01 00 00 00 0D 01 10 00 00 00 03 06 1A 2B 3C 4D 00 01
[2023-09-18 11:25:10.594899] [CLIENT_OUTPUT] paket : 00 01 00 00 00 06 01 10 00 00 00 03
[2023-09-18 11:25:11.543829] [CLIENT_INPUT] paket : 00 03 00 00 00 06 01 03 00 06 00 01
[2023-09-18 11:25:11.659082] [CLIENT_OUTPUT] paket : 00 03 00 00 00 05 01 03 02 00 12
[2023-09-18 11:25:12.525596] [CLIENT_INPUT] paket : 00 02 00 00 00 06 01 03 00 0A 00 04
[2023-09-18 11:25:12.555390] [CLIENT_INPUT] paket : 00 06 00 00 00 06 01 03 00 00 00 03
[2023-09-18 11:25:12.580054] [CLIENT_OUTPUT] paket : 00 06 00 00 00 09 01 03 06 1A 2B 3C 4D 00 01
[2023-09-18 11:25:12.639049] [CLIENT_OUTPUT] paket : 00 06 00 00 00 09 01 03 06 1A 2B 3C 4D 00 01
[2023-09-18 11:25:13.134163] [CLIENT_INPUT] paket : 00 05 00 00 00 06 01 03 00 0A 00 04
[2023-09-18 11:25:13.163278] [CLIENT_OUTPUT] paket : 00 05 00 00 00 0B 01 03 08 01 C8 00 7B 03 F2 03 15
[2023-09-18 11:25:13.499931] [CLIENT_INPUT] paket : 00 00 00 00 00 09 01 10 00 00 00 01 02 00 01
[2023-09-18 11:25:13.560894] [CLIENT_OUTPUT] paket : 00 00 00 00 00 06 01 10 00 00 00 01
[2023-09-18 11:25:16.345478] [CLIENT_INPUT] paket : 00 01 00 00 00 0D 01 10 00 00 00 03 06 1A 2B 3C 4D 00 01
[2023-09-18 11:25:16.404558] [CLIENT_OUTPUT] paket : 00 01 00 00 00 06 01 10 00 00 00 03
[2023-09-18 11:25:16.906937] [CLIENT_INPUT] paket : 00 07 00 00 00 06 01 03 00 00 00 03
[2023-09-18 11:25:16.962305] [CLIENT_OUTPUT] paket : 00 07 00 00 00 09 01 03 06 1A 2B 3C 4D 00 01
[2023-09-18 11:25:17.395468] [CLIENT_INPUT] paket : 00 03 00 00 00 06 01 03 00 06 00 01
[2023-09-18 11:25:17.469637] [CLIENT_OUTPUT] paket : 00 03 00 00 00 05 01 03 02 00 12
[2023-09-18 11:25:18.211694] [CLIENT_INPUT] paket : 00 06 00 00 00 06 01 03 00 0A 00 04
[2023-09-18 11:25:18.293435] [CLIENT_OUTPUT] paket : 00 06 00 00 00 0B 01 03 08 01 C8 00 7B 03 F2 03 15
[2023-09-18 11:25:18.405851] [CLIENT_INPUT] paket : 00 02 00 00 00 06 01 03 00 0A 00 04
[2023-09-18 11:25:18.448774] [CLIENT_OUTPUT] paket : 00 02 00 00 00 0B 01 03 08 00 7B 01 C8 03 15 03 F2
[2023-09-18 11:25:19.348724] [CLIENT_INPUT] paket : 00 00 00 00 00 09 01 10 00 00 00 01 02 00 01
[2023-09-18 11:25:19.406329] [CLIENT_OUTPUT] paket : 00 00 00 00 00 06 01 10 00 00 00 01
[2023-09-18 11:25:21.045727] [CLIENT_INPUT] paket : 00 08 00 00 00 06 01 03 00 00 00 03
[2023-09-18 11:25:21.110974] [CLIENT_OUTPUT] paket : 00 08 00 00 00 09 01 03 06 00 01 3C 4D 00 01
[2023-09-18 11:25:38.455079] [CLIENT_CONNECT] setting content : Protocol: TCP, IP: 10.7.12.94, Transaction Delay: 1000, Timeout: 1000
[2023-09-18 11:25:38.528633] [CLIENT_CONNECT] Connection to '10.7.12.94' was successful.
[2023-09-18 11:25:38.583308] [CLIENT_INPUT] paket : 00 01 00 00 00 06 01 03 00 00 00 03
[2023-09-18 11:25:38.620223] [CLIENT_OUTPUT] paket : 00 01 00 00 00 09 01 03 06 00 01 3C 4D 00 01
[2023-09-18 11:25:39.481510] [CLIENT_INPUT] paket : 00 01 00 00 00 06 01 03 00 0A 00 04
[2023-09-18 11:25:39.580651] [CLIENT_OUTPUT] paket : 00 01 00 00 00 0B 01 03 08 01 C8 00 7B 03 F2 03 15
[2023-09-18 11:25:42.706554] [CLIENT_INPUT] paket : 00 02 00 00 00 06 01 03 00 00 00 03
[2023-09-18 11:25:42.802087] [CLIENT_OUTPUT] paket : 00 02 00 00 00 09 01 03 06 00 01 3C 4D 00 01
[2023-09-18 11:25:43.075692] [CLIENT_INPUT] paket : 00 01 00 00 00 0D 01 10 00 00 00 03 06 1A 2B 3C 4D 00 01
[2023-09-18 11:25:43.177262] [CLIENT_OUTPUT] paket : 00 01 00 00 00 06 01 10 00 00 00 03
[2023-09-18 11:25:44.134949] [CLIENT_INPUT] paket : 00 03 00 00 00 06 01 03 00 06 00 01
[2023-09-18 11:25:44.392611] [CLIENT_OUTPUT] paket : 00 03 00 00 00 05 01 03 02 00 12
[2023-09-18 11:25:44.662668] [CLIENT_INPUT] paket : 00 02 00 00 00 06 01 03 00 0A 00 04
[2023-09-18 11:25:44.693804] [CLIENT_OUTPUT] paket : 00 02 00 00 00 0B 01 03 08 01 C8 00 7B 03 F2 03 15
[2023-09-18 11:25:45.102876] [CLIENT_INPUT] paket : 00 02 00 00 00 06 01 03 00 0A 00 04
[2023-09-18 11:25:45.178160] [CLIENT_OUTPUT] paket : 00 02 00 00 00 0B 01 03 08 00 7B 01 C8 03 15 03 F2
[2023-09-18 11:25:46.058047] [CLIENT_INPUT] paket : 00 00 00 00 00 09 01 10 00 00 00 01 02 00 01
[2023-09-18 11:25:46.166249] [CLIENT_OUTPUT] paket : 00 00 00 00 00 06 01 10 00 00 00 01
[2023-09-18 11:25:46.993119] [CLIENT_INPUT] paket : 00 03 00 00 00 06 01 03 00 00 00 03
[2023-09-18 11:25:47.080861] [CLIENT_OUTPUT] paket : 00 03 00 00 00 09 01 03 06 00 01 3C 4D 00 01
[2023-09-18 11:25:48.603021] [CLIENT_INPUT] paket : 00 01 00 00 00 0D 01 10 00 00 00 03 06 1A 2B 3C 4D 00 01
[2023-09-18 11:25:48.643143] [CLIENT_OUTPUT] paket : 00 01 00 00 00 06 01 10 00 00 00 03
[2023-09-18 11:25:49.651330] [CLIENT_INPUT] paket : 00 03 00 00 00 06 01 03 00 06 00 01
[2023-09-18 11:25:49.700747] [CLIENT_OUTPUT] paket : 00 03 00 00 00 05 01 03 02 00 12
[2023-09-18 11:25:49.844856] [CLIENT_INPUT] paket : 00 03 00 00 00 06 01 03 00 0A 00 04
[2023-09-18 11:25:49.906738] [CLIENT_OUTPUT] paket : 00 03 00 00 00 0B 01 03 08 01 C8 00 7B 03 F2 03 15
[2023-09-18 11:25:50.627566] [CLIENT_INPUT] paket : 00 02 00 00 00 06 01 03 00 0A 00 04
[2023-09-18 11:25:50.680545] [CLIENT_OUTPUT] paket : 00 02 00 00 00 0B 01 03 08 00 7B 01 C8 03 15 03 F2
[2023-09-18 11:25:51.170068] [CLIENT_INPUT] paket : 00 04 00 00 00 06 01 03 00 00 00 03
[2023-09-18 11:25:51.268315] [CLIENT_OUTPUT] paket : 00 04 00 00 00 09 01 03 06 1A 2B 3C 4D 00 01
[2023-09-18 11:25:51.585122] [CLIENT_INPUT] paket : 00 00 00 00 00 09 01 10 00 00 00 01 02 00 01
[2023-09-18 11:25:51.708869] [CLIENT_OUTPUT] paket : 00 00 00 00 00 06 01 10 00 00 00 01
[2023-09-18 11:25:53.684247] [CLIENT_INPUT] paket : 00 01 00 00 00 0D 01 10 00 00 00 03 06 1A 2B 3C 4D 00 01
[2023-09-18 11:26:10.710556] [CLIENT_CONNECT] setting content : Protocol: TCP, IP: 10.7.12.94, Transaction Delay: 1000, Timeout: 1000
[2023-09-18 11:26:10.820731] [CLIENT_CONNECT] Connection to '10.7.12.94' was successful.
[2023-09-18 11:26:10.905385] [CLIENT_INPUT] paket : 00 01 00 00 00 06 01 03 00 00 00 03
[2023-09-18 11:26:10.990904] [CLIENT_OUTPUT] paket : 00 01 00 00 00 09 01 03 06 1A 2B 3C 4D 00 01
[2023-09-18 11:26:11.756238] [CLIENT_INPUT] paket : 00 01 00 00 00 06 01 03 00 0A 00 04
[2023-09-18 11:26:11.848577] [CLIENT_OUTPUT] paket : 00 01 00 00 00 0B 01 03 08 01 C8 00 7B 03 F2 03 15
[2023-09-18 11:26:15.119464] [CLIENT_INPUT] paket : 00 02 00 00 00 06 01 03 00 00 00 03
[2023-09-18 11:26:15.157411] [CLIENT_OUTPUT] paket : 00 02 00 00 00 09 01 03 06 1A 2B 3C 4D 00 01
[2023-09-18 11:26:16.929796] [CLIENT_INPUT] paket : 00 02 00 00 00 06 01 03 00 0A 00 04
[2023-09-18 11:26:16.990567] [CLIENT_OUTPUT] paket : 00 02 00 00 00 0B 01 03 08 01 C8 00 7B 03 F2 03 15
[2023-09-18 11:26:19.317115] [CLIENT_INPUT] paket : 00 03 00 00 00 06 01 03 00 00 00 03
[2023-09-18 11:26:19.411369] [CLIENT_OUTPUT] paket : 00 03 00 00 00 09 01 03 06 1A 2B 3C 4D 00 01
[2023-09-18 11:26:22.052458] [CLIENT_INPUT] paket : 00 03 00 00 00 06 01 03 00 0A 00 04
[2023-09-18 11:26:22.106580] [CLIENT_OUTPUT] paket : 00 03 00 00 00 0B 01 03 08 01 C8 00 7B 03 F2 03 15
[2023-09-18 11:26:24.476598] [CLIENT_INPUT] paket : 00 04 00 00 00 06 01 03 00 00 00 03
[2023-09-18 11:26:24.550282] [CLIENT_OUTPUT] paket : 00 04 00 00 00 09 01 03 06 1A 2B 3C 4D 00 01
[2023-09-18 11:26:26.072134] [CLIENT_INPUT] paket : 00 01 00 00 00 0D 01 10 00 00 00 03 06 1A 2B 3C 4D 00 01
[2023-09-18 11:26:26.115217] [CLIENT_OUTPUT] paket : 00 01 00 00 00 06 01 10 00 00 00 03
[2023-09-18 11:26:27.161340] [CLIENT_INPUT] paket : 00 04 00 00 00 06 01 03 00 0A 00 04
[2023-09-18 11:26:27.240056] [CLIENT_OUTPUT] paket : 00 00 00 04 01 03 00 0B 08
[2023-09-18 11:26:28.122134] [CLIENT_INPUT] paket : 00 02 00 00 00 06 01 03 00 0A 00 04
[2023-09-18 11:26:28.178778] [CLIENT_OUTPUT] paket : 00 02 00 00 00 0B 01 03 08 00 7B 01 C8 03 15 03 F2
[2023-09-18 11:26:28.622767] [CLIENT_INPUT] paket : 00 05 00 00 00 06 01 03 00 00 00 03
[2023-09-18 11:26:28.658779] [CLIENT_OUTPUT] paket : 00 05 00 00 00 09 01 03 06 1A 2B 3C 4D 00 01
[2023-09-18 11:26:29.060131] [CLIENT_INPUT] paket : 00 00 00 00 00 09 01 10 00 00 00 01 02 00 01
[2023-09-18 11:26:29.097949] [CLIENT_OUTPUT] paket : 00 00 00 00 00 06 01 10 00 00 00 01
[2023-09-18 11:26:32.168323] [CLIENT_INPUT] paket : 00 00 00 00 00 09 01 10 00 00 00 01 02 00 01
[2023-09-18 11:26:32.197705] [CLIENT_OUTPUT] paket : 00 00 00 00 00 06 01 10 00 00 00 01
[2023-09-18 11:30:48.130237] [CLIENT_CONNECT] setting content : Protocol: TCP, IP: 10.7.12.94, Transaction Delay: 1000, Timeout: 1000
[2023-09-18 11:30:48.201906] [CLIENT_CONNECT] Connection to '10.7.12.94' was successful.
[2023-09-18 11:30:48.287630] [CLIENT_INPUT] paket : 00 01 00 00 00 06 01 03 00 00 00 03
[2023-09-18 11:30:48.310358] [CLIENT_OUTPUT] paket : 00 01 00 00 00 09 01 03 06 00 01 3C 4D 00 01
[2023-09-18 11:30:49.156035] [CLIENT_INPUT] paket : 00 01 00 00 00 06 01 03 00 0A 00 04
[2023-09-18 11:30:49.198278] [CLIENT_OUTPUT] paket : 00 01 00 00 00 0B 01 03 08 01 C8 00 7B 03 F2 03 15
[2023-09-18 11:30:52.402071] [CLIENT_INPUT] paket : 00 02 00 00 00 06 01 03 00 00 00 03
[2023-09-18 11:30:52.532605] [CLIENT_OUTPUT] paket : 00 02 00 00 00 09 01 03 06 00 01 3C 4D 00 01
[2023-09-18 11:30:52.797698] [CLIENT_INPUT] paket : 00 01 00 00 00 0D 01 10 00 00 00 03 06 1A 2B 3C 4D 00 01
[2023-09-18 11:30:52.856447] [CLIENT_OUTPUT] paket : 00 01 00 00 00 06 01 10 00 00 00 03
[2023-09-18 11:30:53.843124] [CLIENT_INPUT] paket : 00 03 00 00 00 06 01 03 00 06 00 01
[2023-09-18 11:30:53.901941] [CLIENT_OUTPUT] paket : 00 03 00 00 00 05 01 03 02 00 12
[2023-09-18 11:30:54.278068] [CLIENT_INPUT] paket : 00 02 00 00 00 06 01 03 00 0A 00 04
[2023-09-18 11:30:54.343379] [CLIENT_OUTPUT] paket : 00 02 00 00 00 0B 01 03 08 01 C8 00 7B 03 F2 03 15
[2023-09-18 11:30:54.822373] [CLIENT_INPUT] paket : 00 02 00 00 00 06 01 03 00 0A 00 04
[2023-09-18 11:30:54.882962] [CLIENT_OUTPUT] paket : 00 02 00 00 00 0B 01 03 08 00 7B 01 C8 03 15 03 F2
[2023-09-18 11:30:55.784100] [CLIENT_INPUT] paket : 00 00 00 00 00 09 01 10 00 00 00 01 02 00 01
[2023-09-18 11:30:55.853389] [CLIENT_OUTPUT] paket : 00 00 00 00 00 06 01 10 00 00 00 01
[2023-09-18 11:30:56.598620] [CLIENT_INPUT] paket : 00 03 00 00 00 06 01 03 00 00 00 03
[2023-09-18 11:30:56.653895] [CLIENT_OUTPUT] paket : 00 03 00 00 00 09 01 03 06 00 01 3C 4D 00 01
[2023-09-18 11:30:57.895818] [CLIENT_INPUT] paket : 00 01 00 00 00 0D 01 10 00 00 00 03 06 1A 2B 3C 4D 00 01
[2023-09-18 11:31:25.994019] [CLIENT_CONNECT] setting content : Protocol: TCP, IP: 10.7.12.94, Transaction Delay: 1000, Timeout: 1000
[2023-09-18 11:31:26.050376] [CLIENT_CONNECT] Connection to '10.7.12.94' was successful.
[2023-09-18 11:31:26.123759] [CLIENT_INPUT] paket : 00 01 00 00 00 06 01 03 00 00 00 03
[2023-09-18 11:31:26.178432] [CLIENT_OUTPUT] paket : 00 01 00 00 00 09 01 03 06 1A 2B 3C 4D 00 01
[2023-09-18 11:31:27.020723] [CLIENT_INPUT] paket : 00 01 00 00 00 06 01 03 00 0A 00 04
[2023-09-18 11:31:27.075284] [CLIENT_OUTPUT] paket : 00 01 00 00 00 0B 01 03 08 01 C8 00 7B 03 F2 03 15
[2023-09-18 11:31:30.260585] [CLIENT_INPUT] paket : 00 02 00 00 00 06 01 03 00 00 00 03
[2023-09-18 11:31:30.299923] [CLIENT_OUTPUT] paket : 00 02 00 00 00 09 01 03 06 1A 2B 3C 4D 00 01
[2023-09-18 11:31:31.031129] [CLIENT_INPUT] paket : 00 01 00 00 00 0D 01 10 00 00 00 03 06 1A 2B 3C 4D 00 01
[2023-09-18 11:31:31.124085] [CLIENT_OUTPUT] paket : 00 01 00 00 00 06 01 10 00 00 00 03
[2023-09-18 11:31:32.081430] [CLIENT_INPUT] paket : 00 03 00 00 00 06 01 03 00 06 00 01
[2023-09-18 11:31:32.171658] [CLIENT_OUTPUT] paket : 00 03 00 00 00 05 01 03 02 00 12
[2023-09-18 11:31:32.181187] [CLIENT_INPUT] paket : 00 02 00 00 00 06 01 03 00 0A 00 04
[2023-09-18 11:31:32.308431] [CLIENT_OUTPUT] paket : 00 02 00 00 00 0B 01 03 08 01 C8 00 7B 03 F2 03 15
[2023-09-18 11:31:33.064029] [CLIENT_INPUT] paket : 00 02 00 00 00 06 01 03 00 0A 00 04
[2023-09-18 11:31:33.122003] [CLIENT_OUTPUT] paket : 00 02 00 00 00 0B 01 03 08 00 7B 01 C8 03 15 03 F2
[2023-09-18 11:31:34.017240] [CLIENT_INPUT] paket : 00 00 00 00 00 09 01 10 00 00 00 01 02 00 01
[2023-09-18 11:31:34.060071] [CLIENT_OUTPUT] paket : 00 00 00 00 00 06 01 10 00 00 00 01
[2023-09-18 11:31:34.364004] [CLIENT_INPUT] paket : 00 03 00 00 00 06 01 03 00 00 00 03
[2023-09-18 11:31:34.427598] [CLIENT_OUTPUT] paket : 00 03 00 00 00 09 01 03 06 00 01 3C 4D 00 01
[2023-09-18 11:31:37.417474] [CLIENT_INPUT] paket : 00 03 00 00 00 06 01 03 00 0A 00 04
[2023-09-18 11:31:37.466019] [CLIENT_INPUT] paket : 00 01 00 00 00 0D 01 10 00 00 00 03 06 1A 2B 3C 4D 00 01
[2023-09-18 11:31:37.468172] [CLIENT_OUTPUT] paket : 00 01 00 00 00 06 01 10 00 00 00 03
[2023-09-18 11:31:37.524598] [CLIENT_OUTPUT] paket : 00 01 00 00 00 06 01 10 00 00 00 03
[2023-09-18 11:31:38.515336] [CLIENT_INPUT] paket : 00 02 00 00 00 08 01 16 00 06 00 15 00 07
[2023-09-18 11:31:38.562144] [CLIENT_INPUT] paket : 00 03 00 00 00 06 01 03 00 06 00 01
[2023-09-18 11:31:38.568250] [CLIENT_OUTPUT] paket : 00 03 00 00 00 05 01 03 02 00 12
[2023-09-18 11:31:38.606837] [CLIENT_OUTPUT] paket : 00 03 00 00 00 05 01 03 02 00 12
[2023-09-18 11:31:39.491284] [CLIENT_INPUT] paket : 00 02 00 00 00 06 01 03 00 0A 00 04
[2023-09-18 11:31:39.527698] [CLIENT_OUTPUT] paket : 00 02 00 00 00 0B 01 03 08 00 7B 01 C8 03 15 03 F2
[2023-09-18 11:31:40.451101] [CLIENT_INPUT] paket : 00 00 00 00 00 09 01 10 00 00 00 01 02 00 01
[2023-09-18 11:31:40.516645] [CLIENT_OUTPUT] paket : 00 00 00 00 00 06 01 10 00 00 00 01
[2023-09-18 11:31:42.577953] [CLIENT_INPUT] paket : 00 04 00 00 00 06 01 03 00 0A 00 04
[2023-09-18 11:31:42.623409] [CLIENT_OUTPUT] paket : 00 04 00 00 00 0B 01 03 08 01 C8 00 7B 03 F2 03 15
[2023-09-18 11:31:42.624135] [CLIENT_INPUT] paket : 00 05 00 00 00 06 01 03 00 00 00 03
[2023-09-18 11:31:42.736408] [CLIENT_OUTPUT] paket : 00 05 00 00 00 09 01 03 06 00 01 3C 4D 00 01
[2023-09-18 11:31:46.812177] [CLIENT_INPUT] paket : 00 06 00 00 00 06 01 03 00 00 00 03
[2023-09-18 11:31:46.858173] [CLIENT_OUTPUT] paket : 00 06 00 00 00 09 01 03 06 00 01 3C 4D 00 01
[2023-09-18 11:31:47.795387] [CLIENT_INPUT] paket : 00 05 00 00 00 06 01 03 00 0A 00 04
[2023-09-18 11:31:47.858715] [CLIENT_OUTPUT] paket : 00 05 00 00 00 0B 01 03 08 01 C8 00 7B 03 F2 03 15
[2023-09-18 11:35:23.804156] [CLIENT_CONNECT] setting content : Protocol: RTU, IP: 10.7.12.94, Transaction Delay: 1000, Timeout: 1000
[2023-09-18 11:35:23.858760] [CLIENT_CONNECT] Connection to '10.7.12.94' was failed.
[2023-09-18 11:35:56.615722] [CLIENT_CONNECT] setting content : Protocol: RTU, IP: 10.7.12.94, Transaction Delay: 1000, Timeout: 1000
[2023-09-18 11:35:56.690340] [CLIENT_CONNECT] Connection to '10.7.12.94' was failed.
[2023-09-18 13:28:00.536574] [CLIENT_CONNECT] setting content : Protocol: RTU, IP: 10.7.12.94, Transaction Delay: 1000, Timeout: 1000
[2023-09-18 13:28:00.593539] [CLIENT_CONNECT] Connection to '10.7.12.94' was failed.
[2023-09-18 13:35:15.052944] [CLIENT_CONNECT] setting content : Protocol: RTU, IP: 10.7.12.94, Transaction Delay: 1000, Timeout: 1000
[2023-09-18 13:35:15.109719] [CLIENT_CONNECT] Connection to '10.7.12.94' was failed.
[2023-09-18 13:36:05.867923] [CLIENT_CONNECT] setting content : Protocol: RTU, IP: 10.7.12.94, Transaction Delay: 1000, Timeout: 1000
[2023-09-18 13:36:05.915552] [CLIENT_CONNECT] Connection to '10.7.12.94' was failed.
[2023-09-18 13:38:17.235926] [CLIENT_CONNECT] setting content : Protocol: , IP: 10.7.12.94, Transaction Delay: 1000, Timeout: 1000
[2023-09-18 13:38:17.334031] [CLIENT_CONNECT] Connection to '10.7.12.94' was successful.
[2023-09-18 13:38:21.876820] [CLIENT_INPUT] paket : 00 01 00 00 00 06 01 03 00 0A 00 04
[2023-09-18 13:38:21.941842] [CLIENT_OUTPUT] paket :
[2023-09-18 13:38:23.893069] [CLIENT_INPUT] paket : 00 01 00 00 00 06 01 03 00 0A 00 04
[2023-09-18 13:38:23.987030] [CLIENT_OUTPUT] paket :
[2023-09-18 13:51:26.509032] [CLIENT_CONNECT] setting content : Protocol: , IP: 10.7.12.94, Transaction Delay: 1000, Timeout: 1000
[2023-09-18 13:51:26.685233] [CLIENT_CONNECT] Connection to '10.7.12.94' was successful.
[2023-09-18 13:51:26.784410] [CLIENT_INPUT] paket : 00 01 00 00 00 06 01 03 00 00 00 03
[2023-09-18 13:51:26.845059] [CLIENT_OUTPUT] paket : 00 01 00 00 00 09 01 03 06 00 01 3C 4D 00 01
[2023-09-18 13:51:27.539005] [CLIENT_INPUT] paket : 00 01 00 00 00 06 01 03 00 0A 00 04
[2023-09-18 13:51:27.694969] [CLIENT_OUTPUT] paket : 00 01 00 00 00 0B 01 03 08 C8 01 7B 00 F2 03 15 03
[2023-09-18 13:51:30.955541] [CLIENT_INPUT] paket : 00 02 00 00 00 06 01 03 00 00 00 03
[2023-09-18 13:51:31.051072] [CLIENT_OUTPUT] paket : 00 02 00 00 00 09 01 03 06 00 01 3C 4D 00 01
[2023-09-18 13:51:32.754904] [CLIENT_INPUT] paket : 00 02 00 00 00 06 01 03 00 0A 00 04
[2023-09-18 13:51:32.793257] [CLIENT_OUTPUT] paket : 00 02 00 00 00 0B 01 03 08 C8 01 7B 00 F2 03 15 03
[2023-09-18 13:51:35.110539] [CLIENT_INPUT] paket : 00 03 00 00 00 06 01 03 00 00 00 03
[2023-09-18 13:51:35.179222] [CLIENT_OUTPUT] paket : 00 03 00 00 00 09 01 03 06 00 01 3C 4D 00 01
[2023-09-18 13:51:37.844832] [CLIENT_INPUT] paket : 00 03 00 00 00 06 01 03 00 0A 00 04
[2023-09-18 13:51:37.878513] [CLIENT_OUTPUT] paket : 00 03 00 00 00 0B 01 03 08 C8 01 7B 00 F2 03 15 03
[2023-09-18 13:51:39.280687] [CLIENT_INPUT] paket : 00 04 00 00 00 06 01 03 00 00 00 03
[2023-09-18 13:51:39.317153] [CLIENT_OUTPUT] paket : 00 04 00 00 00 09 01 03 06 00 01 3C 4D 00 01
[2023-09-18 13:51:42.972638] [CLIENT_INPUT] paket : 00 04 00 00 00 06 01 03 00 0A 00 04
[2023-09-18 13:51:43.010871] [CLIENT_OUTPUT] paket : 00 04 00 00 00 0B 01 03 08 C8 01 7B 00 F2 03 15 03
[2023-09-18 13:51:43.418059] [CLIENT_INPUT] paket : 00 05 00 00 00 06 01 03 00 00 00 03
[2023-09-18 13:51:43.448817] [CLIENT_OUTPUT] paket : 00 05 00 00 00 09 01 03 06 00 01 3C 4D 00 01
[2023-09-18 13:51:47.523426] [CLIENT_INPUT] paket : 00 06 00 00 00 06 01 03 00 00 00 03
[2023-09-18 13:51:47.689499] [CLIENT_OUTPUT] paket : 00 06 00 00 00 09 01 03 06 00 01 3C 4D 00 01
[2023-09-18 13:51:48.090751] [CLIENT_INPUT] paket : 00 05 00 00 00 06 01 03 00 0A 00 04
[2023-09-18 13:51:48.139239] [CLIENT_OUTPUT] paket : 00 05 00 00 00 0B 01 03 08 C8 01 7B 00 F2 03 15 03
[2023-09-18 13:51:51.765656] [CLIENT_INPUT] paket : 00 07 00 00 00 06 01 03 00 00 00 03
[2023-09-18 13:51:51.826000] [CLIENT_OUTPUT] paket : 00 07 00 00 00 09 01 03 06 00 01 3C 4D 00 01
[2023-09-18 13:51:53.253885] [CLIENT_INPUT] paket : 00 06 00 00 00 06 01 03 00 0A 00 04
[2023-09-18 13:51:53.333053] [CLIENT_OUTPUT] paket : 00 06 00 00 00 0B 01 03 08 C8 01 7B 00 F2 03 15 03
[2023-09-18 13:51:55.927698] [CLIENT_INPUT] paket : 00 08 00 00 00 06 01 03 00 00 00 03
[2023-09-18 13:51:55.996704] [CLIENT_OUTPUT] paket : 00 08 00 00 00 09 01 03 06 00 01 3C 4D 00 01
[2023-09-18 13:51:58.395504] [CLIENT_INPUT] paket : 00 07 00 00 00 06 01 03 00 0A 00 04
[2023-09-18 13:51:58.487248] [CLIENT_OUTPUT] paket : 00 07 00 00 00 0B 01 03 08 C8 01 7B 00 F2 03 15 03
[2023-09-18 13:52:00.082202] [CLIENT_INPUT] paket : 00 09 00 00 00 06 01 03 00 00 00 03
[2023-09-18 13:52:00.140432] [CLIENT_OUTPUT] paket : 00 09 00 00 00 09 01 03 06 00 01 3C 4D 00 01
[2023-09-18 13:52:03.875848] [CLIENT_INPUT] paket : 00 08 00 00 00 06 01 03 00 0A 00 04
[2023-09-18 13:52:03.958015] [CLIENT_OUTPUT] paket : 00 08 00 00 00 0B 01 03 08 C8 01 7B 00 F2 03 15 03
[2023-09-18 13:52:04.189032] [CLIENT_INPUT] paket : 00 0A 00 00 00 06 01 03 00 00 00 03
[2023-09-18 13:52:04.247923] [CLIENT_OUTPUT] paket : 00 0A 00 00 00 09 01 03 06 00 01 3C 4D 00 01
[2023-09-18 13:52:08.338450] [CLIENT_INPUT] paket : 00 0B 00 00 00 06 01 03 00 00 00 03
[2023-09-18 13:52:08.441303] [CLIENT_OUTPUT] paket : 00 0B 00 00 00 09 01 03 06 00 01 3C 4D 00 01
[2023-09-18 13:52:09.047428] [CLIENT_INPUT] paket : 00 09 00 00 00 06 01 03 00 0A 00 04
[2023-09-18 13:52:09.152236] [CLIENT_OUTPUT] paket : 00 09 00 00 00 0B 01 03 08 C8 01 7B 00 F2 03 15 03
[2023-09-18 13:52:12.483592] [CLIENT_INPUT] paket : 00 0C 00 00 00 06 01 03 00 00 00 03
[2023-09-18 13:52:12.725188] [CLIENT_OUTPUT] paket : 00 0C 00 00 00 09 01 03 06 00 01 3C 4D 00 01
[2023-09-18 13:52:14.229458] [CLIENT_INPUT] paket : 00 0A 00 00 00 06 01 03 00 0A 00 04
[2023-09-18 13:52:14.254598] [CLIENT_OUTPUT] paket : 00 0A 00 00 00 0B 01 03 08 C8 01 7B 00 F2 03 15 03
[2023-09-18 13:52:16.813269] [CLIENT_INPUT] paket : 00 0D 00 00 00 06 01 03 00 00 00 03
[2023-09-18 13:52:16.864313] [CLIENT_OUTPUT] paket : 00 0D 00 00 00 09 01 03 06 00 01 3C 4D 00 01
[2023-09-18 13:52:19.329057] [CLIENT_INPUT] paket : 00 0B 00 00 00 06 01 03 00 0A 00 04
[2023-09-18 13:52:19.378868] [CLIENT_OUTPUT] paket : 00 0B 00 00 00 0B 01 03 08 C8 01 7B 00 F2 03 15 03
[2023-09-18 13:52:20.925595] [CLIENT_INPUT] paket : 00 0E 00 00 00 06 01 03 00 00 00 03
[2023-09-18 13:52:20.973480] [CLIENT_OUTPUT] paket : 00 0E 00 00 00 09 01 03 06 00 01 3C 4D 00 01
[2023-09-18 13:52:24.463922] [CLIENT_INPUT] paket : 00 0C 00 00 00 06 01 03 00 0A 00 04
[2023-09-18 13:52:24.577943] [CLIENT_OUTPUT] paket : 00 0C 00 00 00 0B 01 03 08 C8 01 7B 00 F2 03 15 03
[2023-09-18 13:52:25.145080] [CLIENT_INPUT] paket : 00 0F 00 00 00 06 01 03 00 00 00 03
[2023-09-18 13:52:25.177995] [CLIENT_OUTPUT] paket : 00 0F 00 00 00 09 01 03 06 00 01 3C 4D 00 01
[2023-09-18 13:52:29.276967] [CLIENT_INPUT] paket : 00 10 00 00 00 06 01 03 00 00 00 03
[2023-09-18 13:52:29.311569] [CLIENT_OUTPUT] paket : 00 10 00 00 00 09 01 03 06 00 01 3C 4D 00 01
[2023-09-18 13:52:29.671887] [CLIENT_INPUT] paket : 00 0D 00 00 00 06 01 03 00 0A 00 04
[2023-09-18 13:52:29.718821] [CLIENT_OUTPUT] paket : 00 0D 00 00 00 0B 01 03 08 C8 01 7B 00 F2 03 15 03
[2023-09-18 13:52:33.358733] [CLIENT_INPUT] paket : 00 11 00 00 00 06 01 03 00 00 00 03
[2023-09-18 13:52:33.418467] [CLIENT_OUTPUT] paket : 00 11 00 00 00 09 01 03 06 00 01 3C 4D 00 01
[2023-09-18 13:52:34.798675] [CLIENT_INPUT] paket : 00 0E 00 00 00 06 01 03 00 0A 00 04
[2023-09-18 13:52:34.843049] [CLIENT_OUTPUT] paket : 00 0E 00 00 00 0B 01 03 08 C8 01 7B 00 F2 03 15 03
[2023-09-18 13:52:37.466382] [CLIENT_INPUT] paket : 00 12 00 00 00 06 01 03 00 00 00 03
[2023-09-18 13:52:37.518929] [CLIENT_OUTPUT] paket : 00 12 00 00 00 09 01 03 06 00 01 3C 4D 00 01
[2023-09-18 13:52:39.880637] [CLIENT_INPUT] paket : 00 0F 00 00 00 06 01 03 00 0A 00 04
[2023-09-18 13:52:39.908635] [CLIENT_OUTPUT] paket : 00 0F 00 00 00 0B 01 03 08 C8 01 7B 00 F2 03 15 03
[2023-09-18 13:52:41.738974] [CLIENT_INPUT] paket : 00 13 00 00 00 06 01 03 00 00 00 03
[2023-09-18 13:52:41.777394] [CLIENT_OUTPUT] paket : 00 13 00 00 00 09 01 03 06 00 01 3C 4D 00 01
[2023-09-18 13:52:45.011408] [CLIENT_INPUT] paket : 00 10 00 00 00 06 01 03 00 0A 00 04
[2023-09-18 13:52:45.059054] [CLIENT_OUTPUT] paket : 00 10 00 00 00 0B 01 03 08 C8 01 7B 00 F2 03 15 03
[2023-09-18 13:52:45.827119] [CLIENT_INPUT] paket : 00 14 00 00 00 06 01 03 00 00 00 03
[2023-09-18 13:52:45.918119] [CLIENT_OUTPUT] paket : 00 14 00 00 00 09 01 03 06 00 01 3C 4D 00 01
[2023-09-18 13:52:49.993867] [CLIENT_INPUT] paket : 00 15 00 00 00 06 01 03 00 00 00 03
[2023-09-18 13:52:50.054168] [CLIENT_OUTPUT] paket : 00 15 00 00 00 09 01 03 06 00 01 3C 4D 00 01
[2023-09-18 13:52:50.122897] [CLIENT_INPUT] paket : 00 11 00 00 00 06 01 03 00 0A 00 04
[2023-09-18 13:52:50.201374] [CLIENT_OUTPUT] paket : 00 11 00 00 00 0B 01 03 08 C8 01 7B 00 F2 03 15 03
[2023-09-18 13:52:54.198089] [CLIENT_INPUT] paket : 00 16 00 00 00 06 01 03 00 00 00 03
[2023-09-18 13:52:54.259971] [CLIENT_OUTPUT] paket : 00 16 00 00 00 09 01 03 06 00 01 3C 4D 00 01
[2023-09-18 13:52:55.267579] [CLIENT_INPUT] paket : 00 12 00 00 00 06 01 03 00 0A 00 04
[2023-09-18 13:52:55.371485] [CLIENT_OUTPUT] paket : 00 12 00 00 00 0B 01 03 08 C8 01 7B 00 F2 03 15 03
[2023-09-18 13:52:58.350954] [CLIENT_INPUT] paket : 00 17 00 00 00 06 01 03 00 00 00 03
[2023-09-18 13:52:58.416904] [CLIENT_OUTPUT] paket : 00 17 00 00 00 09 01 03 06 00 01 3C 4D 00 01
[2023-09-18 13:53:00.451487] [CLIENT_INPUT] paket : 00 13 00 00 00 06 01 03 00 0A 00 04
[2023-09-18 13:53:00.496017] [CLIENT_OUTPUT] paket : 00 13 00 00 00 0B 01 03 08 C8 01 7B 00 F2 03 15 03
[2023-09-18 13:53:02.517392] [CLIENT_INPUT] paket : 00 18 00 00 00 06 01 03 00 00 00 03
[2023-09-18 13:53:02.551652] [CLIENT_OUTPUT] paket : 00 18 00 00 00 09 01 03 06 00 01 3C 4D 00 01
[2023-09-18 13:53:05.671017] [CLIENT_INPUT] paket : 00 14 00 00 00 06 01 03 00 0A 00 04
[2023-09-18 13:53:05.731950] [CLIENT_OUTPUT] paket : 00 14 00 00 00 0B 01 03 08 C8 01 7B 00 F2 03 15 03
[2023-09-18 13:53:06.711123] [CLIENT_INPUT] paket : 00 19 00 00 00 06 01 03 00 00 00 03
[2023-09-18 13:53:06.770003] [CLIENT_OUTPUT] paket : 00 19 00 00 00 09 01 03 06 00 01 3C 4D 00 01
[2023-09-18 13:53:10.822025] [CLIENT_INPUT] paket : 00 15 00 00 00 06 01 03 00 0A 00 04
[2023-09-18 13:53:10.843903] [CLIENT_INPUT] paket : 00 1A 00 00 00 06 01 03 00 00 00 03
[2023-09-18 13:53:10.895307] [CLIENT_OUTPUT] paket : 00 1A 00 00 00 09 01 03 06 00 01 3C 4D 00 01
[2023-09-18 13:53:10.896269] [CLIENT_OUTPUT] paket : 00 1A 00 00 00 09 01 03 06 00 01 3C 4D 00 01
[2023-09-18 13:53:15.029722] [CLIENT_INPUT] paket : 00 1B 00 00 00 06 01 03 00 00 00 03
[2023-09-18 13:53:15.090009] [CLIENT_OUTPUT] paket : 00 1B 00 00 00 09 01 03 06 00 01 3C 4D 00 01
[2023-09-18 13:53:15.989511] [CLIENT_INPUT] paket : 00 16 00 00 00 06 01 03 00 0A 00 04
[2023-09-18 13:53:16.050161] [CLIENT_OUTPUT] paket : 00 16 00 00 00 0B 01 03 08 C8 01 7B 00 F2 03 15 03
[2023-09-18 13:53:19.157322] [CLIENT_INPUT] paket : 00 1C 00 00 00 06 01 03 00 00 00 03
[2023-09-18 13:53:19.219851] [CLIENT_OUTPUT] paket : 00 1C 00 00 00 09 01 03 06 00 01 3C 4D 00 01
[2023-09-18 13:53:21.123057] [CLIENT_INPUT] paket : 00 17 00 00 00 06 01 03 00 0A 00 04
[2023-09-18 13:53:21.178345] [CLIENT_OUTPUT] paket : 00 17 00 00 00 0B 01 03 08 C8 01 7B 00 F2 03 15 03
[2023-09-18 13:53:23.309859] [CLIENT_INPUT] paket : 00 1D 00 00 00 06 01 03 00 00 00 03
[2023-09-18 13:53:23.387270] [CLIENT_OUTPUT] paket : 00 1D 00 00 00 09 01 03 06 00 01 3C 4D 00 01
[2023-09-18 13:53:26.281824] [CLIENT_INPUT] paket : 00 18 00 00 00 06 01 03 00 0A 00 04
[2023-09-18 13:53:26.393005] [CLIENT_OUTPUT] paket : 00 18 00 00 00 0B 01 03 08 C8 01 7B 00 F2 03 15 03
[2023-09-18 13:53:27.465311] [CLIENT_INPUT] paket : 00 1E 00 00 00 06 01 03 00 00 00 03
[2023-09-18 13:53:27.508030] [CLIENT_OUTPUT] paket : 00 1E 00 00 00 09 01 03 06 00 01 3C 4D 00 01
[2023-09-18 13:53:31.494071] [CLIENT_INPUT] paket : 00 19 00 00 00 06 01 03 00 0A 00 04
[2023-09-18 13:53:31.553370] [CLIENT_OUTPUT] paket : 00 19 00 00 00 0B 01 03 08 C8 01 7B 00 F2 03 15 03
[2023-09-18 13:53:31.562529] [CLIENT_INPUT] paket : 00 1F 00 00 00 06 01 03 00 00 00 03
[2023-09-18 13:53:31.679428] [CLIENT_OUTPUT] paket : 00 1F 00 00 00 09 01 03 06 00 01 3C 4D 00 01
[2023-09-18 13:53:35.732238] [CLIENT_INPUT] paket : 00 20 00 00 00 06 01 03 00 00 00 03
[2023-09-18 13:53:35.767827] [CLIENT_OUTPUT] paket : 00 20 00 00 00 09 01 03 06 00 01 3C 4D 00 01
[2023-09-18 13:53:36.675560] [CLIENT_INPUT] paket : 00 1A 00 00 00 06 01 03 00 0A 00 04
[2023-09-18 13:53:36.745488] [CLIENT_OUTPUT] paket : 00 1A 00 00 00 0B 01 03 08 C8 01 7B 00 F2 03 15 03
[2023-09-18 13:53:39.821833] [CLIENT_INPUT] paket : 00 21 00 00 00 06 01 03 00 00 00 03
[2023-09-18 13:53:39.862269] [CLIENT_OUTPUT] paket : 00 21 00 00 00 09 01 03 06 00 01 3C 4D 00 01
[2023-09-18 13:53:41.847406] [CLIENT_INPUT] paket : 00 1B 00 00 00 06 01 03 00 0A 00 04
[2023-09-18 13:53:41.883713] [CLIENT_OUTPUT] paket : 00 1B 00 00 00 0B 01 03 08 C8 01 7B 00 F2 03 15 03
[2023-09-18 13:53:43.952273] [CLIENT_INPUT] paket : 00 22 00 00 00 06 01 03 00 00 00 03
[2023-09-18 13:53:43.994760] [CLIENT_OUTPUT] paket : 00 22 00 00 00 09 01 03 06 00 01 3C 4D 00 01
[2023-09-18 14:04:22.958489] [CLIENT_CONNECT] setting content : Protocol: , IP: 10.7.12.94, Transaction Delay: 1000, Timeout: 1000
[2023-09-18 14:04:23.029852] [CLIENT_CONNECT] Connection to '10.7.12.94' was successful.
[2023-09-18 14:04:23.069430] [CLIENT_INPUT] paket : 00 01 00 00 00 06 01 03 00 00 00 03
[2023-09-18 14:04:23.158985] [CLIENT_OUTPUT] paket : 00 01 00 00 00 09 01 03 06 00 01 3C 4D 00 01
[2023-09-18 14:04:24.006929] [CLIENT_INPUT] paket : 00 01 00 00 00 06 01 03 00 0A 00 04
[2023-09-18 14:04:24.152508] [CLIENT_OUTPUT] paket : 00 01 00 00 00 0B 01 03 08 C8 01 7B 00 F2 03 15 03
[2023-09-18 14:42:24.231996] [CLIENT_CONNECT] setting content : Protocol: , IP: 10.7.12.94, Transaction Delay: 1000, Timeout: 1000
[2023-09-18 14:42:24.358579] [CLIENT_CONNECT] Connection to '10.7.12.94' was failed.
[2023-09-18 14:43:03.898597] [CLIENT_CONNECT] setting content : Protocol: TCP, IP: 10.7.12.94, Transaction Delay: 1000, Timeout: 1000
[2023-09-18 14:43:03.969439] [CLIENT_CONNECT] Connection to '10.7.12.94' was failed.
[2023-09-18 14:43:24.960801] [CLIENT_CONNECT] setting content : Protocol: TCP, IP: 10.7.12.94, Transaction Delay: 1000, Timeout: 1000
[2023-09-18 14:43:25.017913] [CLIENT_CONNECT] Connection to '10.7.12.94' was failed.
[2023-09-18 14:44:30.450735] [CLIENT_CONNECT] setting content : Protocol: TCP, IP: 10.7.12.94, Transaction Delay: 1000, Timeout: 1000
[2023-09-18 14:44:30.503315] [CLIENT_CONNECT] Connection to '10.7.12.94' was failed.
[2023-09-18 14:44:50.091102] [CLIENT_CONNECT] setting content : Protocol: TCP, IP: 10.7.12.94, Transaction Delay: 1000, Timeout: 1000
[2023-09-18 14:44:50.189608] [CLIENT_CONNECT] Connection to '10.7.12.94' was successful.
[2023-09-18 14:44:50.269510] [CLIENT_INPUT] paket : 00 01 00 00 00 06 01 03 00 00 00 03
[2023-09-18 14:44:50.309853] [CLIENT_OUTPUT] paket : 00 01 00 00 00 09 01 03 06 00 01 3C 4D 00 01
[2023-09-18 14:46:01.031010] [CLIENT_CONNECT] setting content : Protocol: TCP, IP: 10.7.12.94, Transaction Delay: 1000, Timeout: 1000
[2023-09-18 14:46:01.073198] [CLIENT_CONNECT] Connection to '10.7.12.94' was successful.
[2023-09-18 14:46:01.174070] [CLIENT_INPUT] paket : 00 01 00 00 00 06 01 03 00 00 00 03
[2023-09-18 14:46:01.248952] [CLIENT_OUTPUT] paket : 00 01 00 00 00 09 01 03 06 00 01 3C 4D 00 01
[2023-09-18 14:46:57.179526] [CLIENT_CONNECT] setting content : Protocol: TCP, IP: 10.7.12.94, Transaction Delay: 1000, Timeout: 2
[2023-09-18 14:46:57.218525] [CLIENT_CONNECT] Connection to '10.7.12.94' was successful.
[2023-09-18 14:46:57.269664] [CLIENT_INPUT] paket : 00 01 00 00 00 06 01 03 00 00 00 03
[2023-09-18 14:46:57.315479] [CLIENT_OUTPUT] paket : 00 01 00 00 00 09 01 03 06 00 01 3C 4D 00 01
[2023-09-18 14:46:58.211047] [CLIENT_INPUT] paket : 00 01 00 00 00 06 01 03 00 0A 00 04
[2023-09-18 14:46:58.252208] [CLIENT_OUTPUT] paket : 00 01 00 00 00 0B 01 03 08 01 C8 00 7B 03 F2 03 15
[2023-09-18 14:47:01.407481] [CLIENT_INPUT] paket : 00 02 00 00 00 06 01 03 00 00 00 03
[2023-09-18 14:47:01.453501] [CLIENT_OUTPUT] paket : 00 02 00 00 00 09 01 03 06 00 01 3C 4D 00 01
[2023-09-18 14:47:03.296721] [CLIENT_INPUT] paket : 00 02 00 00 00 06 01 03 00 0A 00 04
[2023-09-18 14:47:03.366075] [CLIENT_OUTPUT] paket : 00 02 00 00 00 0B 01 03 08 01 C8 00 7B 03 F2 03 15
[2023-09-18 14:47:05.527858] [CLIENT_INPUT] paket : 00 03 00 00 00 06 01 03 00 00 00 03
[2023-09-18 14:47:05.571184] [CLIENT_OUTPUT] paket : 00 03 00 00 00 09 01 03 06 00 01 3C 4D 00 01
[2023-09-18 14:47:08.440783] [CLIENT_INPUT] paket : 00 03 00 00 00 06 01 03 00 0A 00 04
[2023-09-18 14:47:08.509505] [CLIENT_OUTPUT] paket : 00 03 00 00 00 0B 01 03 08 01 C8 00 7B 03 F2 03 15
