[2023-09-18 10:19:21.739059] [SERVER_INPUT] paket : 00 00 00 00 00 06 01 03 00 00 00 0A
[2023-09-18 10:19:22.782467] [SERVER_INPUT] paket : 00 01 00 00 00 06 01 03 00 00 00 0A
[2023-09-18 10:19:23.814274] [SERVER_INPUT] paket : 00 02 00 00 00 06 01 03 00 00 00 0A
[2023-09-18 10:19:24.831989] [SERVER_INPUT] paket : 00 03 00 00 00 06 01 03 00 00 00 0A
[2023-09-18 10:19:25.854627] [SERVER_INPUT] paket : 00 04 00 00 00 06 01 03 00 00 00 0A
[2023-09-18 10:19:26.883199] [SERVER_INPUT] paket : 00 05 00 00 00 06 01 03 00 00 00 0A
[2023-09-18 10:19:27.913949] [SERVER_INPUT] paket : 00 06 00 00 00 06 01 03 00 00 00 0A
[2023-09-18 10:19:28.922639] [SERVER_INPUT] paket : 00 07 00 00 00 06 01 03 00 00 00 0A
[2023-09-18 10:19:29.963793] [SERVER_INPUT] paket : 00 08 00 00 00 06 01 03 00 00 00 0A
[2023-09-18 10:19:30.999425] [SERVER_INPUT] paket : 00 09 00 00 00 06 01 03 00 00 00 0A
[2023-09-18 10:19:32.008034] [SERVER_INPUT] paket : 00 0A 00 00 00 06 01 03 00 00 00 0A
[2023-09-18 10:19:33.040867] [SERVER_INPUT] paket : 00 0B 00 00 00 06 01 03 00 00 00 0A
[2023-09-18 10:19:34.052750] [SERVER_INPUT] paket : 00 0C 00 00 00 06 01 03 00 00 00 0A
[2023-09-18 10:19:35.066978] [SERVER_INPUT] paket : 00 0D 00 00 00 06 01 03 00 00 00 0A
[2023-09-18 10:19:36.093362] [SERVER_INPUT] paket : 00 0E 00 00 00 06 01 03 00 00 00 0A
[2023-09-18 10:19:37.133435] [SERVER_INPUT] paket : 00 0F 00 00 00 06 01 03 00 00 00 0A
[2023-09-18 10:19:38.167504] [SERVER_INPUT] paket : 00 10 00 00 00 06 01 03 00 00 00 0A
[2023-09-18 10:19:38.555376] [SERVER_INPUT] paket :
[2023-09-18 10:57:17.452217] [SERVER_INPUT] paket : 00 11 00 00 00 06 01 03 00 00 00 0A
[2023-09-18 10:57:20.469438] [SERVER_INPUT] paket : 00 12 00 00 00 06 01 03 00 00 00 0A
[2023-09-18 10:57:23.511688] [SERVER_INPUT] paket : 00 13 00 00 00 06 01 03 00 00 00 0A
[2023-09-18 10:57:26.527162] [SERVER_INPUT] paket : 00 14 00 00 00 06 01 03 00 00 00 0A
[2023-09-18 10:57:29.547012] [SERVER_INPUT] paket : 00 15 00 00 00 06 01 03 00 00 00 0A
[2023-09-18 10:57:32.579607] [SERVER_INPUT] paket : 00 16 00 00 00 06 01 03 00 00 00 0A
[2023-09-18 10:57:35.599704] [SERVER_INPUT] paket : 00 17 00 00 00 06 01 03 00 00 00 0A
[2023-09-18 10:57:38.633006] [SERVER_INPUT] paket : 00 18 00 00 00 06 01 03 00 00 00 0A
[2023-09-18 10:57:41.641364] [SERVER_INPUT] paket : 00 19 00 00 00 06 01 03 00 00 00 0A
[2023-09-18 10:57:44.658050] [SERVER_INPUT] paket : 00 1A 00 00 00 06 01 03 00 00 00 0A
[2023-09-18 10:57:47.696045] [SERVER_INPUT] paket : 00 1B 00 00 00 06 01 03 00 00 00 0A
[2023-09-18 10:57:50.711569] [SERVER_INPUT] paket : 00 1C 00 00 00 06 01 03 00 00 00 0A
[2023-09-18 10:57:53.730039] [SERVER_INPUT] paket : 00 1D 00 00 00 06 01 03 00 00 00 0A
[2023-09-18 10:57:56.745777] [SERVER_INPUT] paket : 00 1E 00 00 00 06 01 03 00 00 00 0A
[2023-09-18 10:57:59.759877] [SERVER_INPUT] paket : 00 1F 00 00 00 06 01 03 00 00 00 0A
[2023-09-18 10:58:02.776474] [SERVER_INPUT] paket : 00 20 00 00 00 06 01 03 00 00 00 0A
[2023-09-18 10:58:05.781110] [SERVER_INPUT] paket : 00 21 00 00 00 06 01 03 00 00 00 0A
[2023-09-18 10:58:08.820452] [SERVER_INPUT] paket : 00 22 00 00 00 06 01 03 00 00 00 0A
[2023-09-18 10:58:11.830526] [SERVER_INPUT] paket : 00 23 00 00 00 06 01 03 00 00 00 0A
[2023-09-18 10:59:04.246398] [SERVER_INPUT] paket : 00 00 00 00 00 06 01 03 00 00 00 0A
[2023-09-18 10:59:05.283392] [SERVER_INPUT] paket : 00 01 00 00 00 06 01 03 00 00 00 0A
[2023-09-18 10:59:06.305938] [SERVER_INPUT] paket : 00 02 00 00 00 06 01 03 00 00 00 0A
[2023-09-18 10:59:07.310493] [SERVER_INPUT] paket : 00 03 00 00 00 06 01 03 00 00 00 0A
[2023-09-18 10:59:08.347420] [SERVER_INPUT] paket : 00 04 00 00 00 06 01 03 00 00 00 0A
[2023-09-18 10:59:09.358031] [SERVER_INPUT] paket : 00 05 00 00 00 06 01 03 00 00 00 0A
[2023-09-18 10:59:10.375337] [SERVER_INPUT] paket : 00 06 00 00 00 06 01 03 00 00 00 0A
[2023-09-18 10:59:11.399031] [SERVER_INPUT] paket : 00 07 00 00 00 06 01 03 00 00 00 0A
[2023-09-18 10:59:12.425256] [SERVER_INPUT] paket : 00 08 00 00 00 06 01 03 00 00 00 0A
[2023-09-18 10:59:13.435908] [SERVER_INPUT] paket : 00 09 00 00 00 06 01 03 00 00 00 0A
[2023-09-18 10:59:14.475197] [SERVER_INPUT] paket : 00 0A 00 00 00 06 01 03 00 00 00 0A
[2023-09-18 10:59:15.492173] [SERVER_INPUT] paket : 00 0B 00 00 00 06 01 03 00 00 00 0A
[2023-09-18 10:59:16.522775] [SERVER_INPUT] paket : 00 0C 00 00 00 06 01 03 00 00 00 0A
[2023-09-18 10:59:17.545329] [SERVER_INPUT] paket : 00 0D 00 00 00 06 01 03 00 00 00 0A
[2023-09-18 10:59:18.559981] [SERVER_INPUT] paket : 00 0E 00 00 00 06 01 03 00 00 00 0A
[2023-09-18 10:59:19.606041] [SERVER_INPUT] paket : 00 0F 00 00 00 06 01 03 00 00 00 0A
[2023-09-18 10:59:20.607427] [SERVER_INPUT] paket : 00 10 00 00 00 06 01 03 00 00 00 0A
[2023-09-18 10:59:21.628288] [SERVER_INPUT] paket : 00 11 00 00 00 06 01 03 00 00 00 0A
[2023-09-18 10:59:22.657911] [SERVER_INPUT] paket : 00 12 00 00 00 06 01 03 00 00 00 0A
[2023-09-18 10:59:23.286624] [SERVER_INPUT] paket :
[2023-09-18 10:59:56.093405] [SERVER_INPUT] paket : 00 13 00 00 00 06 01 03 00 00 00 0A
[2023-09-18 10:59:57.136144] [SERVER_INPUT] paket : 00 14 00 00 00 06 01 03 00 00 00 0A
[2023-09-18 10:59:58.162923] [SERVER_INPUT] paket : 00 15 00 00 00 06 01 03 00 00 00 0A
[2023-09-18 10:59:59.180403] [SERVER_INPUT] paket : 00 16 00 00 00 06 01 03 00 00 00 0A
[2023-09-18 10:59:59.747047] [SERVER_INPUT] paket : 00 17 00 00 00 09 01 00 00 00 00 00 00 00 00
[2023-09-18 11:00:00.342224] [SERVER_INPUT] paket : 00 18 00 00 00 06 01 03 00 00 00 0A
[2023-09-18 11:00:01.354812] [SERVER_INPUT] paket : 00 19 00 00 00 09 01 00 00 00 00 00 00 00 00
[2023-09-18 11:00:02.090441] [SERVER_INPUT] paket : 00 1A 00 00 00 06 01 03 00 00 00 0A
[2023-09-18 11:00:03.098506] [SERVER_INPUT] paket : 00 1B 00 00 00 06 01 03 00 00 00 0A
[2023-09-18 11:00:04.120613] [SERVER_INPUT] paket : 00 1C 00 00 00 06 01 03 00 00 00 0A
[2023-09-18 11:00:04.365970] [SERVER_INPUT] paket : 00 1D 00 00 00 09 01 00 00 00 00 00 00 00 00
[2023-09-18 11:00:05.178471] [SERVER_INPUT] paket : 00 1E 00 00 00 06 01 03 00 00 00 0A
[2023-09-18 11:00:06.186001] [SERVER_INPUT] paket : 00 1F 00 00 00 06 01 03 00 00 00 0A
[2023-09-18 11:00:07.202291] [SERVER_INPUT] paket : 00 20 00 00 00 06 01 03 00 00 00 0A
[2023-09-18 11:00:08.215838] [SERVER_INPUT] paket : 00 21 00 00 00 06 01 03 00 00 00 0A
[2023-09-18 11:00:09.240491] [SERVER_INPUT] paket : 00 22 00 00 00 06 01 03 00 00 00 0A
[2023-09-18 11:00:10.252274] [SERVER_INPUT] paket : 00 23 00 00 00 06 01 03 00 00 00 0A
[2023-09-18 11:00:11.283702] [SERVER_INPUT] paket : 00 24 00 00 00 06 01 03 00 00 00 0A
[2023-09-18 11:00:12.304468] [SERVER_INPUT] paket : 00 25 00 00 00 06 01 03 00 00 00 0A
[2023-09-18 11:00:13.314505] [SERVER_INPUT] paket : 00 26 00 00 00 06 01 03 00 00 00 0A
[2023-09-18 11:00:14.353242] [SERVER_INPUT] paket : 00 27 00 00 00 06 01 03 00 00 00 0A
[2023-09-18 11:00:15.372624] [SERVER_INPUT] paket : 00 28 00 00 00 06 01 03 00 00 00 0A
[2023-09-18 11:00:16.391879] [SERVER_INPUT] paket : 00 29 00 00 00 06 01 03 00 00 00 0A
[2023-09-18 11:00:17.425447] [SERVER_INPUT] paket : 00 2A 00 00 00 06 01 03 00 00 00 0A
[2023-09-18 11:00:18.444501] [SERVER_INPUT] paket : 00 2B 00 00 00 06 01 03 00 00 00 0A
[2023-09-18 11:00:19.470473] [SERVER_INPUT] paket : 00 2C 00 00 00 06 01 03 00 00 00 0A
[2023-09-18 11:00:20.502310] [SERVER_INPUT] paket : 00 2D 00 00 00 06 01 03 00 00 00 0A
[2023-09-18 11:00:21.533967] [SERVER_INPUT] paket : 00 2E 00 00 00 06 01 03 00 00 00 0A
[2023-09-18 11:00:22.552531] [SERVER_INPUT] paket : 00 2F 00 00 00 06 01 03 00 00 00 0A
[2023-09-18 11:00:23.587319] [SERVER_INPUT] paket : 00 30 00 00 00 06 01 03 00 00 00 0A
[2023-09-18 11:00:23.808646] [SERVER_INPUT] paket : 00 31 00 00 00 09 01 00 00 00 00 00 00 00 00
[2023-09-18 11:00:24.817637] [SERVER_INPUT] paket : 00 32 00 00 00 06 01 03 00 00 00 0A
[2023-09-18 11:00:24.941154] [SERVER_INPUT] paket : 00 33 00 00 00 09 01 00 00 00 00 00 00 00 00
[2023-09-18 11:00:25.812216] [SERVER_INPUT] paket : 00 34 00 00 00 09 01 00 00 00 00 00 00 00 00
[2023-09-18 11:00:26.491018] [SERVER_INPUT] paket : 00 35 00 00 00 06 01 03 00 00 00 0A
[2023-09-18 11:00:26.690911] [SERVER_INPUT] paket : 00 36 00 00 00 09 01 00 00 00 00 00 00 00 00
[2023-09-18 11:00:27.704811] [SERVER_INPUT] paket : 00 37 00 00 00 06 01 03 00 00 00 0A
[2023-09-18 11:01:07.306588] [SERVER_INPUT] paket : 00 00 00 00 00 06 01 03 00 00 00 0A
[2023-09-18 11:01:08.343251] [SERVER_INPUT] paket : 00 01 00 00 00 06 01 03 00 00 00 0A
[2023-09-18 11:01:09.390211] [SERVER_INPUT] paket : 00 02 00 00 00 06 01 03 00 00 00 0A
[2023-09-18 11:01:10.434573] [SERVER_INPUT] paket : 00 03 00 00 00 06 01 03 00 00 00 0A
[2023-09-18 11:01:11.356268] [SERVER_INPUT] paket : 00 04 00 00 00 09 01 10 00 00 00 01 02 00 01
[2023-09-18 11:01:11.486578] [SERVER_INPUT] paket : 00 05 00 00 00 06 01 03 00 00 00 0A
[2023-09-18 11:01:11.636216] [SERVER_INPUT] paket : 00 06 00 00 00 09 01 10 00 00 00 01 02 00 01
[2023-09-18 11:01:11.874269] [SERVER_INPUT] paket : 00 07 00 00 00 09 01 10 00 00 00 01 02 00 01
[2023-09-18 11:01:12.199237] [SERVER_INPUT] paket : 00 08 00 00 00 09 01 10 00 00 00 01 02 00 01
[2023-09-18 11:01:12.463990] [SERVER_INPUT] paket : 00 09 00 00 00 09 01 10 00 00 00 01 02 00 01
[2023-09-18 11:01:12.654302] [SERVER_INPUT] paket : 00 0A 00 00 00 06 01 03 00 00 00 0A
[2023-09-18 11:01:12.818534] [SERVER_INPUT] paket : 00 0B 00 00 00 09 01 10 00 00 00 01 02 00 01
[2023-09-18 11:01:12.984434] [SERVER_INPUT] paket : 00 0C 00 00 00 09 01 10 00 00 00 01 02 00 01
[2023-09-18 11:01:13.202315] [SERVER_INPUT] paket : 00 0D 00 00 00 09 01 10 00 00 00 01 02 00 01
[2023-09-18 11:01:13.778342] [SERVER_INPUT] paket : 00 0E 00 00 00 06 01 03 00 00 00 0A
[2023-09-18 11:01:14.374761] [SERVER_INPUT] paket : 00 0F 00 00 00 09 01 10 00 00 00 01 02 00 01
[2023-09-18 11:01:14.821139] [SERVER_INPUT] paket : 00 10 00 00 00 06 01 03 00 00 00 0A
[2023-09-18 11:01:14.906059] [SERVER_INPUT] paket : 00 11 00 00 00 09 01 10 00 00 00 01 02 00 01
[2023-09-18 11:01:15.035929] [SERVER_INPUT] paket : 00 12 00 00 00 09 01 10 00 00 00 01 02 00 01
[2023-09-18 11:01:15.445710] [SERVER_INPUT] paket : 00 13 00 00 00 09 01 10 00 00 00 01 02 00 01
[2023-09-18 11:01:15.653836] [SERVER_INPUT] paket : 00 14 00 00 00 09 01 10 00 00 00 01 02 00 01
[2023-09-18 11:01:16.005892] [SERVER_INPUT] paket : 00 15 00 00 00 09 01 10 00 00 00 01 02 00 01
[2023-09-18 11:01:16.205317] [SERVER_INPUT] paket : 00 16 00 00 00 06 01 03 00 00 00 0A
[2023-09-18 11:01:16.353582] [SERVER_INPUT] paket : 00 17 00 00 00 09 01 10 00 00 00 01 02 00 01
[2023-09-18 11:01:16.704415] [SERVER_INPUT] paket : 00 18 00 00 00 09 01 10 00 00 00 01 02 00 01
[2023-09-18 11:01:16.863359] [SERVER_INPUT] paket : 00 19 00 00 00 09 01 10 00 00 00 01 02 00 01
[2023-09-18 11:01:17.192148] [SERVER_INPUT] paket : 00 1A 00 00 00 09 01 10 00 00 00 01 02 00 01
[2023-09-18 11:01:17.351819] [SERVER_INPUT] paket : 00 1B 00 00 00 06 01 03 00 00 00 0A
[2023-09-18 11:01:17.455252] [SERVER_INPUT] paket : 00 1C 00 00 00 09 01 10 00 00 00 01 02 00 01
[2023-09-18 11:01:18.476912] [SERVER_INPUT] paket : 00 1D 00 00 00 06 01 03 00 00 00 0A
[2023-09-18 11:01:19.089376] [SERVER_INPUT] paket : 00 1E 00 00 00 09 01 10 00 00 00 01 02 00 01
[2023-09-18 11:01:19.535406] [SERVER_INPUT] paket : 00 1F 00 00 00 06 01 03 00 00 00 0A
[2023-09-18 11:01:19.605178] [SERVER_INPUT] paket : 00 20 00 00 00 09 01 10 00 00 00 01 02 00 01
[2023-09-18 11:01:19.972370] [SERVER_INPUT] paket : 00 21 00 00 00 09 01 10 00 00 00 01 02 00 01
[2023-09-18 11:01:20.169504] [SERVER_INPUT] paket : 00 22 00 00 00 09 01 10 00 00 00 01 02 00 01
[2023-09-18 11:01:20.356730] [SERVER_INPUT] paket : 00 23 00 00 00 09 01 10 00 00 00 01 02 00 01
[2023-09-18 11:01:20.545053] [SERVER_INPUT] paket : 00 24 00 00 00 09 01 10 00 00 00 01 02 00 01
[2023-09-18 11:01:20.718910] [SERVER_INPUT] paket : 00 25 00 00 00 06 01 03 00 00 00 0A
[2023-09-18 11:01:20.869419] [SERVER_INPUT] paket : 00 26 00 00 00 09 01 10 00 00 00 01 02 00 01
[2023-09-18 11:01:21.773618] [SERVER_INPUT] paket : 00 27 00 00 00 06 01 03 00 00 00 0A
[2023-09-18 11:01:22.778770] [SERVER_INPUT] paket : 00 28 00 00 00 06 01 03 00 00 00 0A
[2023-09-18 11:01:23.820415] [SERVER_INPUT] paket : 00 29 00 00 00 06 01 03 00 00 00 0A
[2023-09-18 11:01:24.831771] [SERVER_INPUT] paket : 00 2A 00 00 00 06 01 03 00 00 00 0A
[2023-09-18 11:01:25.412238] [SERVER_INPUT] paket : 00 2B 00 00 00 09 01 10 00 00 00 01 02 00 01
[2023-09-18 11:01:25.780363] [SERVER_INPUT] paket : 00 2C 00 00 00 09 01 10 00 00 00 01 02 00 01
[2023-09-18 11:01:25.902523] [SERVER_INPUT] paket : 00 2D 00 00 00 06 01 03 00 00 00 0A
[2023-09-18 11:01:26.936888] [SERVER_INPUT] paket : 00 2E 00 00 00 06 01 03 00 00 00 0A
[2023-09-18 11:04:14.115411] [SERVER_INPUT] paket : 00 00 00 00 00 06 01 03 00 00 00 0A
[2023-09-18 11:04:19.134092] [SERVER_INPUT] paket : 00 01 00 00 00 06 01 03 00 00 00 0A
[2023-09-18 11:04:24.138324] [SERVER_INPUT] paket : 00 02 00 00 00 06 01 03 00 00 00 0A
[2023-09-18 11:04:29.163339] [SERVER_INPUT] paket : 00 03 00 00 00 06 01 03 00 00 00 0A
[2023-09-18 11:04:34.197964] [SERVER_INPUT] paket : 00 04 00 00 00 06 01 03 00 00 00 0A
[2023-09-18 11:04:35.809950] [SERVER_INPUT] paket : 00 05 00 00 00 1B 01 00 00 00 00 00 00 00 00 00 00 00 00 00 00 00 00 00 00 00 00 00 00 00 00 00 00
[2023-09-18 11:04:39.256460] [SERVER_INPUT] paket : 00 06 00 00 00 06 01 03 00 00 00 0A
[2023-09-18 11:04:42.414222] [SERVER_INPUT] paket : 00 07 00 00 00 1B 01 00 00 00 00 00 00 00 00 00 00 00 00 00 00 00 00 00 00 00 00 00 00 00 00 00 00
[2023-09-18 11:04:44.304545] [SERVER_INPUT] paket : 00 08 00 00 00 06 01 03 00 00 00 0A
[2023-09-18 11:04:49.332505] [SERVER_INPUT] paket : 00 09 00 00 00 06 01 03 00 00 00 0A
[2023-09-18 11:04:54.371329] [SERVER_INPUT] paket : 00 0A 00 00 00 06 01 03 00 00 00 0A
[2023-09-18 11:04:59.395665] [SERVER_INPUT] paket : 00 0B 00 00 00 06 01 03 00 00 00 0A
[2023-09-18 11:05:00.885756] [SERVER_INPUT] paket : 00 0C 00 00 00 09 01 00 00 00 00 00 00 00 00
[2023-09-18 11:05:04.444082] [SERVER_INPUT] paket : 00 0D 00 00 00 06 01 03 00 00 00 0A
[2023-09-18 11:05:07.121961] [SERVER_INPUT] paket : 00 0E 00 00 00 09 01 00 00 00 00 00 00 00 00
[2023-09-18 11:05:09.510305] [SERVER_INPUT] paket : 00 0F 00 00 00 06 01 03 00 00 00 0A
[2023-09-18 11:05:09.727885] [SERVER_INPUT] paket : 00 10 00 00 00 09 01 00 00 00 00 00 00 00 00
[2023-09-18 11:05:12.040325] [SERVER_INPUT] paket : 00 11 00 00 00 09 01 00 00 00 00 00 00 00 00
[2023-09-18 11:05:14.763106] [SERVER_INPUT] paket : 00 12 00 00 00 06 01 03 00 00 00 0A
[2023-09-18 11:05:19.808583] [SERVER_INPUT] paket : 00 13 00 00 00 06 01 03 00 00 00 0A
[2023-09-18 11:05:24.830706] [SERVER_INPUT] paket : 00 14 00 00 00 06 01 03 00 00 00 0A
[2023-09-18 11:05:29.862162] [SERVER_INPUT] paket : 00 15 00 00 00 06 01 03 00 00 00 0A
[2023-09-18 11:05:34.897348] [SERVER_INPUT] paket : 00 16 00 00 00 06 01 03 00 00 00 0A
[2023-09-18 11:05:55.658259] [SERVER_INPUT] paket : 00 00 00 00 00 06 01 03 00 00 00 0A
[2023-09-18 11:05:56.691187] [SERVER_INPUT] paket : 00 01 00 00 00 06 01 03 00 00 00 0A
[2023-09-18 11:05:57.726455] [SERVER_INPUT] paket : 00 02 00 00 00 06 01 03 00 00 00 0A
[2023-09-18 11:05:58.763268] [SERVER_INPUT] paket : 00 03 00 00 00 06 01 03 00 00 00 0A
[2023-09-18 11:05:59.790897] [SERVER_INPUT] paket : 00 04 00 00 00 06 01 03 00 00 00 0A
[2023-09-18 11:05:59.973599] [SERVER_INPUT] paket : 00 05 00 00 00 06 01 03 00 00 00 0A
[2023-09-18 11:06:09.099891] [SERVER_INPUT] paket : 00 06 00 00 00 09 01 10 00 00 00 01 02 00 04
[2023-09-18 11:06:10.031939] [SERVER_INPUT] paket : 00 07 00 00 00 06 01 03 00 00 00 0A
[2023-09-18 11:06:10.884937] [SERVER_INPUT] paket : 00 08 00 00 00 09 01 10 00 00 00 01 02 00 04
[2023-09-18 11:06:11.268887] [SERVER_INPUT] paket : 00 09 00 00 00 09 01 10 00 00 00 01 02 00 04
[2023-09-18 11:06:11.471101] [SERVER_INPUT] paket : 00 0A 00 00 00 09 01 10 00 00 00 01 02 00 04
[2023-09-18 11:06:19.204052] [SERVER_INPUT] paket : 00 0B 00 00 00 09 01 10 00 00 00 01 02 00 04
[2023-09-18 11:06:20.059231] [SERVER_INPUT] paket : 00 0C 00 00 00 09 01 10 00 00 00 01 02 00 04
[2023-09-18 11:06:20.190629] [SERVER_INPUT] paket : 00 0D 00 00 00 06 01 03 00 00 00 0A
[2023-09-18 11:06:21.158418] [SERVER_INPUT] paket : 00 0E 00 00 00 09 01 10 00 00 00 01 02 00 04
[2023-09-18 11:06:21.747916] [SERVER_INPUT] paket : 00 0F 00 00 00 09 01 10 00 00 00 01 02 00 04
[2023-09-18 11:06:22.541240] [SERVER_INPUT] paket : 00 10 00 00 00 09 01 10 00 00 00 01 02 00 04
[2023-09-18 11:06:25.593679] [SERVER_INPUT] paket : 00 11 00 00 00 09 01 10 00 00 00 01 02 00 02
[2023-09-18 11:06:26.479686] [SERVER_INPUT] paket : 00 12 00 00 00 09 01 10 00 00 00 01 02 00 02
[2023-09-18 11:06:30.354450] [SERVER_INPUT] paket : 00 13 00 00 00 06 01 03 00 00 00 0A
[2023-09-18 11:06:40.393766] [SERVER_INPUT] paket : 00 14 00 00 00 06 01 03 00 00 00 0A
[2023-09-18 11:06:50.430763] [SERVER_INPUT] paket : 00 15 00 00 00 06 01 03 00 00 00 0A
[2023-09-18 11:07:00.452241] [SERVER_INPUT] paket : 00 16 00 00 00 06 01 03 00 00 00 0A
[2023-09-18 11:07:10.492286] [SERVER_INPUT] paket : 00 17 00 00 00 06 01 03 00 00 00 0A
[2023-09-18 11:07:20.504635] [SERVER_INPUT] paket : 00 18 00 00 00 06 01 03 00 00 00 0A
[2023-09-18 11:07:30.532987] [SERVER_INPUT] paket : 00 19 00 00 00 06 01 03 00 00 00 0A
[2023-09-18 11:07:40.551390] [SERVER_INPUT] paket : 00 1A 00 00 00 06 01 03 00 00 00 0A
[2023-09-18 11:07:41.566098] [SERVER_INPUT] paket : 00 1B 00 00 00 09 01 10 00 01 00 01 02 00 03
[2023-09-18 11:07:50.600464] [SERVER_INPUT] paket : 00 1C 00 00 00 06 01 03 00 00 00 0A
[2023-09-18 11:07:55.122903] [SERVER_INPUT] paket : 00 1D 00 00 00 09 01 10 00 01 00 01 02 00 03
[2023-09-18 11:07:56.210515] [SERVER_INPUT] paket : 00 1E 00 00 00 09 01 10 00 01 00 01 02 00 03
[2023-09-18 11:08:00.683933] [SERVER_INPUT] paket : 00 1F 00 00 00 06 01 03 00 00 00 0A
[2023-09-18 11:08:10.724389] [SERVER_INPUT] paket : 00 20 00 00 00 06 01 03 00 00 00 0A
[2023-09-18 11:08:11.400026] [SERVER_INPUT] paket : 00 21 00 00 00 09 01 10 00 01 00 01 02 00 03
[2023-09-18 11:08:14.937334] [SERVER_INPUT] paket : 00 22 00 00 00 09 01 10 00 00 00 01 02 00 03
[2023-09-18 11:08:15.256853] [SERVER_INPUT] paket : 00 23 00 00 00 09 01 10 00 00 00 01 02 00 03
[2023-09-18 11:08:20.835051] [SERVER_INPUT] paket : 00 24 00 00 00 06 01 03 00 00 00 0A
[2023-09-18 11:08:30.868703] [SERVER_INPUT] paket : 00 25 00 00 00 06 01 03 00 00 00 0A
[2023-09-18 11:08:40.065588] [SERVER_INPUT] paket : 00 26 00 00 00 09 01 10 00 00 00 01 02 00 03
[2023-09-18 11:08:40.923474] [SERVER_INPUT] paket : 00 27 00 00 00 06 01 03 00 00 00 0A
[2023-09-18 11:08:50.948803] [SERVER_INPUT] paket : 00 28 00 00 00 06 01 03 00 00 00 0A
[2023-09-18 11:09:00.992918] [SERVER_INPUT] paket : 00 29 00 00 00 06 01 03 00 00 00 0A
[2023-09-18 11:09:11.019284] [SERVER_INPUT] paket : 00 2A 00 00 00 06 01 03 00 00 00 0A
[2023-09-18 11:09:21.052155] [SERVER_INPUT] paket : 00 2B 00 00 00 06 01 03 00 00 00 0A
[2023-09-18 11:09:31.075296] [SERVER_INPUT] paket : 00 2C 00 00 00 06 01 03 00 00 00 0A
[2023-09-18 11:09:41.098149] [SERVER_INPUT] paket : 00 2D 00 00 00 06 01 03 00 00 00 0A
[2023-09-18 11:09:51.130589] [SERVER_INPUT] paket : 00 2E 00 00 00 06 01 03 00 00 00 0A
[2023-09-18 11:10:01.147301] [SERVER_INPUT] paket : 00 2F 00 00 00 06 01 03 00 00 00 0A
[2023-09-18 11:10:11.165772] [SERVER_INPUT] paket : 00 30 00 00 00 06 01 03 00 00 00 0A
[2023-09-18 11:10:21.169877] [SERVER_INPUT] paket : 00 31 00 00 00 06 01 03 00 00 00 0A
[2023-09-18 11:10:31.201929] [SERVER_INPUT] paket : 00 32 00 00 00 06 01 03 00 00 00 0A
[2023-09-18 11:10:41.243665] [SERVER_INPUT] paket : 00 33 00 00 00 06 01 03 00 00 00 0A
[2023-09-18 11:10:51.247483] [SERVER_INPUT] paket : 00 34 00 00 00 06 01 03 00 00 00 0A
[2023-09-18 11:11:01.281025] [SERVER_INPUT] paket : 00 35 00 00 00 06 01 03 00 00 00 0A
[2023-09-18 11:11:11.320673] [SERVER_INPUT] paket : 00 36 00 00 00 06 01 03 00 00 00 0A
[2023-09-18 11:11:21.326839] [SERVER_INPUT] paket : 00 37 00 00 00 06 01 03 00 00 00 0A
[2023-09-18 11:11:31.342827] [SERVER_INPUT] paket : 00 38 00 00 00 06 01 03 00 00 00 0A
[2023-09-18 11:11:41.363261] [SERVER_INPUT] paket : 00 39 00 00 00 06 01 03 00 00 00 0A
[2023-09-18 11:11:51.387498] [SERVER_INPUT] paket : 00 3A 00 00 00 06 01 03 00 00 00 0A
[2023-09-18 11:12:01.403573] [SERVER_INPUT] paket : 00 3B 00 00 00 06 01 03 00 00 00 0A
[2023-09-18 11:12:11.423528] [SERVER_INPUT] paket : 00 3C 00 00 00 06 01 03 00 00 00 0A
[2023-09-18 11:12:21.456478] [SERVER_INPUT] paket : 00 3D 00 00 00 06 01 03 00 00 00 0A
[2023-09-18 11:12:31.494596] [SERVER_INPUT] paket : 00 3E 00 00 00 06 01 03 00 00 00 0A
[2023-09-18 11:12:41.502115] [SERVER_INPUT] paket : 00 3F 00 00 00 06 01 03 00 00 00 0A
[2023-09-18 11:12:51.520397] [SERVER_INPUT] paket : 00 40 00 00 00 06 01 03 00 00 00 0A
[2023-09-18 11:13:01.541095] [SERVER_INPUT] paket : 00 41 00 00 00 06 01 03 00 00 00 0A
[2023-09-18 11:13:11.568730] [SERVER_INPUT] paket : 00 42 00 00 00 06 01 03 00 00 00 0A
[2023-09-18 11:13:21.595774] [SERVER_INPUT] paket : 00 43 00 00 00 06 01 03 00 00 00 0A
[2023-09-18 11:13:31.608322] [SERVER_INPUT] paket : 00 44 00 00 00 06 01 03 00 00 00 0A
[2023-09-18 11:13:41.628492] [SERVER_INPUT] paket : 00 45 00 00 00 06 01 03 00 00 00 0A
[2023-09-18 11:13:51.646681] [SERVER_INPUT] paket : 00 46 00 00 00 06 01 03 00 00 00 0A
[2023-09-18 11:14:01.679326] [SERVER_INPUT] paket : 00 47 00 00 00 06 01 03 00 00 00 0A
[2023-09-18 11:14:11.698795] [SERVER_INPUT] paket : 00 48 00 00 00 06 01 03 00 00 00 0A
[2023-09-18 11:14:21.713235] [SERVER_INPUT] paket : 00 49 00 00 00 06 01 03 00 00 00 0A
[2023-09-18 11:14:31.746980] [SERVER_INPUT] paket : 00 4A 00 00 00 06 01 03 00 00 00 0A
[2023-09-18 11:14:41.747323] [SERVER_INPUT] paket : 00 4B 00 00 00 06 01 03 00 00 00 0A
[2023-09-18 11:14:51.773544] [SERVER_INPUT] paket : 00 4C 00 00 00 06 01 03 00 00 00 0A
[2023-09-18 11:15:01.791584] [SERVER_INPUT] paket : 00 4D 00 00 00 06 01 03 00 00 00 0A
[2023-09-18 11:15:11.821885] [SERVER_INPUT] paket : 00 4E 00 00 00 06 01 03 00 00 00 0A
[2023-09-18 11:15:21.825168] [SERVER_INPUT] paket : 00 4F 00 00 00 06 01 03 00 00 00 0A
[2023-09-18 11:15:31.846695] [SERVER_INPUT] paket : 00 50 00 00 00 06 01 03 00 00 00 0A
[2023-09-18 11:15:41.865609] [SERVER_INPUT] paket : 00 51 00 00 00 06 01 03 00 00 00 0A
[2023-09-18 11:15:51.887598] [SERVER_INPUT] paket : 00 52 00 00 00 06 01 03 00 00 00 0A
[2023-09-18 11:16:01.917067] [SERVER_INPUT] paket : 00 53 00 00 00 06 01 03 00 00 00 0A
[2023-09-18 11:16:11.931623] [SERVER_INPUT] paket : 00 54 00 00 00 06 01 03 00 00 00 0A
[2023-09-18 11:16:21.936105] [SERVER_INPUT] paket : 00 55 00 00 00 06 01 03 00 00 00 0A
[2023-09-18 11:16:29.756132] [SERVER_INPUT] paket : 00 56 00 00 00 09 01 10 00 00 00 01 02 00 03
[2023-09-18 11:16:31.298198] [SERVER_INPUT] paket : 00 57 00 00 00 09 01 10 00 00 00 01 02 00 03
[2023-09-18 11:16:32.027996] [SERVER_INPUT] paket : 00 58 00 00 00 06 01 03 00 00 00 0A
[2023-09-18 11:16:42.068969] [SERVER_INPUT] paket : 00 59 00 00 00 06 01 03 00 00 00 0A
[2023-09-18 11:16:47.220875] [SERVER_INPUT] paket : 00 5A 00 00 00 06 01 06 00 00 00 03
[2023-09-18 11:16:48.226250] [SERVER_INPUT] paket : 00 5B 00 00 00 06 01 06 00 00 00 03
[2023-09-18 11:16:50.696470] [SERVER_INPUT] paket : 00 5C 00 00 00 09 01 10 00 00 00 01 02 00 03
[2023-09-18 11:16:52.177645] [SERVER_INPUT] paket : 00 5D 00 00 00 06 01 03 00 00 00 0A
[2023-09-18 11:16:56.604628] [SERVER_INPUT] paket : 00 5E 00 00 00 06 01 06 00 00 00 03
[2023-09-18 11:16:57.196971] [SERVER_INPUT] paket : 00 5F 00 00 00 06 01 06 00 00 00 03
[2023-09-18 11:16:58.223620] [SERVER_INPUT] paket : 00 60 00 00 00 06 01 06 00 00 00 03
[2023-09-18 11:16:58.912840] [SERVER_INPUT] paket : 00 61 00 00 00 06 01 06 00 00 00 03
[2023-09-18 11:17:00.646996] [SERVER_INPUT] paket : 00 62 00 00 00 06 01 06 00 00 00 03
[2023-09-18 11:17:01.291311] [SERVER_INPUT] paket : 00 63 00 00 00 06 01 06 00 00 00 03
[2023-09-18 11:17:01.801366] [SERVER_INPUT] paket : 00 64 00 00 00 06 01 06 00 00 00 03
[2023-09-18 11:17:02.389187] [SERVER_INPUT] paket : 00 65 00 00 00 06 01 03 00 00 00 0A
[2023-09-18 11:17:04.073918] [SERVER_INPUT] paket : 00 66 00 00 00 09 01 10 00 00 00 01 02 00 03
[2023-09-18 11:17:05.963737] [SERVER_INPUT] paket : 00 67 00 00 00 09 01 10 00 00 00 01 02 00 03
[2023-09-18 11:17:07.914407] [SERVER_INPUT] paket : 00 68 00 00 00 09 01 10 00 00 00 01 02 00 03
[2023-09-18 11:17:08.848711] [SERVER_INPUT] paket : 00 69 00 00 00 09 01 10 00 00 00 01 02 00 03
[2023-09-18 11:17:09.694138] [SERVER_INPUT] paket : 00 6A 00 00 00 09 01 10 00 00 00 01 02 00 03
[2023-09-18 11:17:12.585858] [SERVER_INPUT] paket : 00 6B 00 00 00 06 01 03 00 00 00 0A
[2023-09-18 11:17:14.500097] [SERVER_INPUT] paket : 00 6C 00 00 00 06 01 06 00 00 00 03
[2023-09-18 11:18:09.478129] [SERVER_INPUT] paket : 00 00 00 00 00 06 01 03 00 00 00 0A
[2023-09-18 11:18:10.504950] [SERVER_INPUT] paket : 00 01 00 00 00 06 01 03 00 00 00 0A
[2023-09-18 11:18:11.540017] [SERVER_INPUT] paket : 00 02 00 00 00 06 01 03 00 00 00 0A
[2023-09-18 11:18:12.569414] [SERVER_INPUT] paket : 00 03 00 00 00 06 01 03 00 00 00 0A
[2023-09-18 11:18:13.581647] [SERVER_INPUT] paket : 00 04 00 00 00 06 01 03 00 00 00 0A
[2023-09-18 11:18:14.608544] [SERVER_INPUT] paket : 00 05 00 00 00 06 01 03 00 00 00 0A
[2023-09-18 11:18:15.371664] [SERVER_INPUT] paket : 00 06 00 00 00 06 01 03 00 00 00 0A
[2023-09-18 11:18:23.946810] [SERVER_INPUT] paket : 00 07 00 00 00 06 01 06 00 00 00 05
[2023-09-18 11:18:25.196334] [SERVER_INPUT] paket : 00 08 00 00 00 06 01 06 00 00 00 05
[2023-09-18 11:18:25.450016] [SERVER_INPUT] paket : 00 09 00 00 00 06 01 03 00 00 00 0A
[2023-09-18 11:18:26.133941] [SERVER_INPUT] paket : 00 0A 00 00 00 06 01 06 00 00 00 05
[2023-09-18 11:18:26.508583] [SERVER_INPUT] paket : 00 0B 00 00 00 06 01 06 00 00 00 05
[2023-09-18 11:18:26.831273] [SERVER_INPUT] paket : 00 0C 00 00 00 06 01 06 00 00 00 05
[2023-09-18 11:18:27.123113] [SERVER_INPUT] paket : 00 0D 00 00 00 06 01 06 00 00 00 05
[2023-09-18 11:18:27.430471] [SERVER_INPUT] paket : 00 0E 00 00 00 06 01 06 00 00 00 05
[2023-09-18 11:18:31.766089] [SERVER_INPUT] paket : 00 0F 00 00 00 06 02 06 00 00 00 05
[2023-09-18 11:18:34.898774] [SERVER_INPUT] paket : 00 10 00 00 00 06 02 06 00 00 00 05
[2023-09-18 11:18:35.683492] [SERVER_INPUT] paket : 00 11 00 00 00 06 01 03 00 00 00 0A
[2023-09-18 11:18:45.710957] [SERVER_INPUT] paket : 00 12 00 00 00 06 01 03 00 00 00 0A
[2023-09-18 11:18:51.664097] [SERVER_INPUT] paket : 00 13 00 00 00 09 02 10 00 00 00 01 02 00 05
[2023-09-18 11:18:55.748053] [SERVER_INPUT] paket : 00 14 00 00 00 06 01 03 00 00 00 0A
[2023-09-18 11:20:15.605178] [SERVER_INPUT] paket : 00 00 00 00 00 06 01 03 00 00 00 0A
[2023-09-18 11:20:16.622632] [SERVER_INPUT] paket : 00 01 00 00 00 06 01 03 00 00 00 0A
[2023-09-18 11:20:17.666902] [SERVER_INPUT] paket : 00 02 00 00 00 06 01 03 00 00 00 0A
[2023-09-18 11:20:18.695009] [SERVER_INPUT] paket : 00 03 00 00 00 06 01 03 00 00 00 0A
[2023-09-18 11:20:19.711945] [SERVER_INPUT] paket : 00 04 00 00 00 06 01 03 00 00 00 0A
[2023-09-18 11:20:20.720778] [SERVER_INPUT] paket : 00 05 00 00 00 06 01 03 00 00 00 0A
[2023-09-18 11:20:21.485379] [SERVER_INPUT] paket : 00 06 00 00 00 06 01 03 00 00 00 0A
[2023-09-18 11:20:30.487719] [SERVER_INPUT] paket : 00 07 00 00 00 06 01 00 00 00 00 00
[2023-09-18 11:20:31.544183] [SERVER_INPUT] paket : 00 08 00 00 00 06 01 03 00 00 00 0A
[2023-09-18 11:20:34.591173] [SERVER_INPUT] paket : 00 09 00 00 00 06 01 00 00 00 00 00
[2023-09-18 11:20:35.671168] [SERVER_INPUT] paket : 00 0A 00 00 00 06 01 00 00 00 00 00
[2023-09-18 11:20:41.621355] [SERVER_INPUT] paket : 00 0B 00 00 00 06 01 03 00 00 00 0A
[2023-09-18 11:20:51.622661] [SERVER_INPUT] paket : 00 0C 00 00 00 06 01 03 00 00 00 0A
[2023-09-18 11:20:57.211101] [SERVER_INPUT] paket : 00 0D 00 00 00 06 01 00 00 00 00 00
[2023-09-18 11:20:57.994963] [SERVER_INPUT] paket : 00 0E 00 00 00 06 01 00 00 00 00 00
[2023-09-18 11:21:00.103091] [SERVER_INPUT] paket : 00 0F 00 00 00 06 01 00 00 00 00 00
[2023-09-18 11:21:01.757286] [SERVER_INPUT] paket : 00 10 00 00 00 06 01 03 00 00 00 0A
[2023-09-18 11:21:11.772959] [SERVER_INPUT] paket : 00 11 00 00 00 06 01 03 00 00 00 0A
[2023-09-18 14:10:32.573318] [CLIENT_CONNECT] setting content : Protocol: TCP, IP: 127.0.0.1, Transaction Delay: 100, Timeout: 5
[2023-09-18 14:10:32.635077] [CLIENT_CONNECT] Connection to '127.0.0.1' was failed.
[2023-09-18 14:14:16.570817] [CLIENT_CONNECT] setting content : Protocol: TCP, IP: 127.0.0.1, Transaction Delay: 1000, Timeout: 5
[2023-09-18 14:14:16.605747] [CLIENT_CONNECT] Connection to '127.0.0.1' was failed.
[2023-09-18 14:15:52.911528] [CLIENT_CONNECT] setting content : Protocol: TCP, IP: 127.0.0.1, Transaction Delay: 1000, Timeout: 5
[2023-09-18 14:15:52.962031] [CLIENT_CONNECT] Connection to '127.0.0.1' was failed.
[2023-09-18 14:15:52.997800] [CLIENT_INPUT] paket : 00 01 00 00 00 06 30 03 00 00 00 0A
[2023-09-18 14:15:53.052951] [CLIENT_OUTPUT] paket :
[2023-09-18 14:15:53.938795] [CLIENT_INPUT] paket : 00 01 00 00 00 06 30 03 00 05 00 03
[2023-09-18 14:15:53.982853] [CLIENT_OUTPUT] paket :
[2023-09-18 14:15:57.182135] [CLIENT_INPUT] paket : 00 02 00 00 00 06 30 03 00 00 00 0A
[2023-09-18 14:15:57.240764] [CLIENT_OUTPUT] paket :
[2023-09-18 14:15:58.069085] [CLIENT_INPUT] paket : 00 02 00 00 00 06 30 03 00 05 00 03
[2023-09-18 14:15:58.134127] [CLIENT_OUTPUT] paket :
[2023-09-18 14:16:01.295744] [CLIENT_INPUT] paket : 00 03 00 00 00 06 30 03 00 00 00 0A
[2023-09-18 14:16:01.357121] [CLIENT_OUTPUT] paket :
[2023-09-18 14:16:02.181071] [CLIENT_INPUT] paket : 00 03 00 00 00 06 30 03 00 05 00 03
[2023-09-18 14:16:02.251974] [CLIENT_OUTPUT] paket :
[2023-09-18 14:16:05.431595] [CLIENT_INPUT] paket : 00 04 00 00 00 06 30 03 00 00 00 0A
[2023-09-18 14:16:05.487919] [CLIENT_OUTPUT] paket :
[2023-09-18 14:16:06.349275] [CLIENT_INPUT] paket : 00 04 00 00 00 06 30 03 00 05 00 03
[2023-09-18 14:16:06.394694] [CLIENT_OUTPUT] paket :
[2023-09-18 14:16:09.516143] [CLIENT_INPUT] paket : 00 05 00 00 00 06 30 03 00 00 00 0A
[2023-09-18 14:16:09.564424] [CLIENT_OUTPUT] paket :
[2023-09-18 14:16:10.454062] [CLIENT_INPUT] paket : 00 05 00 00 00 06 30 03 00 05 00 03
[2023-09-18 14:16:10.575126] [CLIENT_OUTPUT] paket :
[2023-09-18 14:16:13.654854] [CLIENT_INPUT] paket : 00 06 00 00 00 06 30 03 00 00 00 0A
[2023-09-18 14:16:13.777405] [CLIENT_OUTPUT] paket :
[2023-09-18 14:16:14.629058] [CLIENT_INPUT] paket : 00 06 00 00 00 06 30 03 00 05 00 03
[2023-09-18 14:16:14.693650] [CLIENT_OUTPUT] paket :
[2023-09-18 14:16:17.826550] [CLIENT_INPUT] paket : 00 07 00 00 00 06 30 03 00 00 00 0A
[2023-09-18 14:16:17.877651] [CLIENT_OUTPUT] paket :
[2023-09-18 14:16:18.728442] [CLIENT_INPUT] paket : 00 07 00 00 00 06 30 03 00 05 00 03
[2023-09-18 14:16:18.772117] [CLIENT_OUTPUT] paket :
[2023-09-18 14:16:21.939459] [CLIENT_INPUT] paket : 00 08 00 00 00 06 30 03 00 00 00 0A
[2023-09-18 14:16:21.985260] [CLIENT_OUTPUT] paket :
[2023-09-18 14:16:22.801904] [CLIENT_INPUT] paket : 00 08 00 00 00 06 30 03 00 05 00 03
[2023-09-18 14:16:22.872983] [CLIENT_OUTPUT] paket :
[2023-09-18 14:16:26.029809] [CLIENT_INPUT] paket : 00 09 00 00 00 06 30 03 00 00 00 0A
[2023-09-18 14:16:26.064035] [CLIENT_OUTPUT] paket :
[2023-09-18 14:16:26.931201] [CLIENT_INPUT] paket : 00 09 00 00 00 06 30 03 00 05 00 03
[2023-09-18 14:16:26.962429] [CLIENT_OUTPUT] paket :
[2023-09-18 14:16:30.150637] [CLIENT_INPUT] paket : 00 0A 00 00 00 06 30 03 00 00 00 0A
[2023-09-18 14:16:30.210595] [CLIENT_OUTPUT] paket :
[2023-09-18 14:16:31.006678] [CLIENT_INPUT] paket : 00 0A 00 00 00 06 30 03 00 05 00 03
[2023-09-18 14:16:31.063586] [CLIENT_OUTPUT] paket :
[2023-09-18 14:16:34.266729] [CLIENT_INPUT] paket : 00 0B 00 00 00 06 30 03 00 00 00 0A
[2023-09-18 14:16:34.318149] [CLIENT_OUTPUT] paket :
[2023-09-18 14:16:35.098227] [CLIENT_INPUT] paket : 00 0B 00 00 00 06 30 03 00 05 00 03
[2023-09-18 14:16:35.174599] [CLIENT_OUTPUT] paket :
[2023-09-18 14:17:52.369023] [CLIENT_CONNECT] setting content : Protocol: TCP, IP: 1.1.1.1, Transaction Delay: 111, Timeout: 11
[2023-09-18 14:17:52.468993] [CLIENT_CONNECT] Connection to '1.1.1.1' was failed.
[2023-09-18 14:19:03.248291] [CLIENT_CONNECT] setting content : Protocol: TCP, IP: 1.1.1.1, Transaction Delay: 111, Timeout: 11
[2023-09-18 14:19:03.302279] [CLIENT_CONNECT] Connection to '1.1.1.1' was failed.
[2023-09-18 14:19:03.376254] [CLIENT_INPUT] paket : 00 01 00 00 00 06 30 01 00 01 00 01
[2023-09-18 14:19:03.426676] [CLIENT_OUTPUT] paket :
[2023-09-18 14:19:04.481216] [CLIENT_INPUT] paket : 00 02 00 00 00 06 30 01 00 01 00 01
[2023-09-18 14:19:04.566199] [CLIENT_OUTPUT] paket :
[2023-09-18 14:19:05.630367] [CLIENT_INPUT] paket : 00 03 00 00 00 06 30 01 00 01 00 01
[2023-09-18 14:19:05.666310] [CLIENT_OUTPUT] paket :
[2023-09-18 14:19:06.705095] [CLIENT_INPUT] paket : 00 04 00 00 00 06 30 01 00 01 00 01
[2023-09-18 14:19:06.738634] [CLIENT_OUTPUT] paket :
[2023-09-18 14:19:07.786236] [CLIENT_INPUT] paket : 00 05 00 00 00 06 30 01 00 01 00 01
[2023-09-18 14:19:07.834913] [CLIENT_OUTPUT] paket :
[2023-09-18 14:19:08.889241] [CLIENT_INPUT] paket : 00 06 00 00 00 06 30 01 00 01 00 01
[2023-09-18 14:19:08.941839] [CLIENT_OUTPUT] paket :
[2023-09-18 14:19:10.094740] [CLIENT_INPUT] paket : 00 07 00 00 00 06 30 01 00 01 00 01
[2023-09-18 14:19:10.186647] [CLIENT_OUTPUT] paket :
[2023-09-18 14:19:11.242828] [CLIENT_INPUT] paket : 00 08 00 00 00 06 30 01 00 01 00 01
[2023-09-18 14:19:11.291851] [CLIENT_OUTPUT] paket :
[2023-09-18 14:19:12.345853] [CLIENT_INPUT] paket : 00 09 00 00 00 06 30 01 00 01 00 01
[2023-09-18 14:19:12.418415] [CLIENT_OUTPUT] paket :
[2023-09-18 14:19:13.511649] [CLIENT_INPUT] paket : 00 0A 00 00 00 06 30 01 00 01 00 01
[2023-09-18 14:19:13.707820] [CLIENT_OUTPUT] paket :
[2023-09-18 14:19:14.821482] [CLIENT_INPUT] paket : 00 0B 00 00 00 06 30 01 00 01 00 01
[2023-09-18 14:19:14.849229] [CLIENT_OUTPUT] paket :
[2023-09-18 14:19:15.950312] [CLIENT_INPUT] paket : 00 0C 00 00 00 06 30 01 00 01 00 01
[2023-09-18 14:19:16.090987] [CLIENT_OUTPUT] paket :
[2023-09-18 14:19:17.200667] [CLIENT_INPUT] paket : 00 0D 00 00 00 06 30 01 00 01 00 01
[2023-09-18 14:19:17.273688] [CLIENT_OUTPUT] paket :
[2023-09-18 14:19:18.386153] [CLIENT_INPUT] paket : 00 0E 00 00 00 06 30 01 00 01 00 01
[2023-09-18 14:19:18.449907] [CLIENT_OUTPUT] paket :
[2023-09-18 14:19:19.582577] [CLIENT_INPUT] paket : 00 0F 00 00 00 06 30 01 00 01 00 01
[2023-09-18 14:19:19.624556] [CLIENT_OUTPUT] paket :
[2023-09-18 14:19:20.793941] [CLIENT_INPUT] paket : 00 10 00 00 00 06 30 01 00 01 00 01
[2023-09-18 14:19:20.839676] [CLIENT_OUTPUT] paket :
[2023-09-18 14:19:21.980259] [CLIENT_INPUT] paket : 00 11 00 00 00 06 30 01 00 01 00 01
[2023-09-18 14:19:22.085445] [CLIENT_OUTPUT] paket :
[2023-09-18 14:19:23.143186] [CLIENT_INPUT] paket : 00 12 00 00 00 06 30 01 00 01 00 01
[2023-09-18 14:19:23.187261] [CLIENT_OUTPUT] paket :
[2023-09-18 14:19:24.341039] [CLIENT_INPUT] paket : 00 13 00 00 00 06 30 01 00 01 00 01
[2023-09-18 14:19:24.405795] [CLIENT_OUTPUT] paket :
[2023-09-18 14:19:25.452598] [CLIENT_INPUT] paket : 00 14 00 00 00 06 30 01 00 01 00 01
[2023-09-18 14:19:25.498750] [CLIENT_OUTPUT] paket :
[2023-09-18 14:19:26.613057] [CLIENT_INPUT] paket : 00 15 00 00 00 06 30 01 00 01 00 01
[2023-09-18 14:19:26.704134] [CLIENT_OUTPUT] paket :
[2023-09-18 14:19:27.801707] [CLIENT_INPUT] paket : 00 16 00 00 00 06 30 01 00 01 00 01
[2023-09-18 14:19:27.892303] [CLIENT_OUTPUT] paket :
[2023-09-18 14:20:33.774328] [CLIENT_CONNECT] setting content : Protocol: TCP, IP: 127.0.0.1, Transaction Delay: 1000, Timeout: 5
[2023-09-18 14:20:33.977169] [CLIENT_CONNECT] Connection to '127.0.0.1' was failed.
[2023-09-18 14:22:50.914051] [SERVER_INPUT] paket : 00 00 00 00 00 06 01 03 00 00 00 0A
[2023-09-18 14:22:52.024052] [SERVER_INPUT] paket : 00 01 00 00 00 06 01 03 00 00 00 0A
[2023-09-18 14:22:53.116652] [SERVER_INPUT] paket : 00 02 00 00 00 06 01 03 00 00 00 0A
[2023-09-18 14:22:54.228615] [SERVER_INPUT] paket : 00 03 00 00 00 06 01 03 00 00 00 0A
[2023-09-18 14:22:55.349507] [SERVER_INPUT] paket : 00 04 00 00 00 06 01 03 00 00 00 0A
[2023-09-18 14:22:56.463890] [SERVER_INPUT] paket : 00 05 00 00 00 06 01 03 00 00 00 0A
[2023-09-18 14:22:57.567238] [SERVER_INPUT] paket : 00 06 00 00 00 06 01 03 00 00 00 0A
[2023-09-18 14:22:58.658407] [SERVER_INPUT] paket : 00 07 00 00 00 06 01 03 00 00 00 0A
[2023-09-18 14:22:59.757149] [SERVER_INPUT] paket : 00 08 00 00 00 06 01 03 00 00 00 0A
[2023-09-18 14:23:00.875777] [SERVER_INPUT] paket : 00 09 00 00 00 06 01 03 00 00 00 0A
[2023-09-18 14:23:01.970554] [SERVER_INPUT] paket : 00 0A 00 00 00 06 01 03 00 00 00 0A
[2023-09-18 14:23:03.102207] [SERVER_INPUT] paket : 00 0B 00 00 00 06 01 03 00 00 00 0A
[2023-09-18 14:23:04.211622] [SERVER_INPUT] paket : 00 0C 00 00 00 06 01 03 00 00 00 0A
[2023-09-18 14:23:05.335086] [SERVER_INPUT] paket : 00 0D 00 00 00 06 01 03 00 00 00 0A
[2023-09-18 14:23:06.454397] [SERVER_INPUT] paket : 00 0E 00 00 00 06 01 03 00 00 00 0A
[2023-09-18 14:23:07.553289] [SERVER_INPUT] paket : 00 0F 00 00 00 06 01 03 00 00 00 0A
[2023-09-18 14:23:08.643209] [SERVER_INPUT] paket : 00 10 00 00 00 06 01 03 00 00 00 0A
[2023-09-18 14:23:09.749543] [SERVER_INPUT] paket : 00 11 00 00 00 06 01 03 00 00 00 0A
[2023-09-18 14:23:09.872887] [SERVER_INPUT] paket : 00 12 00 00 00 06 01 03 00 00 00 08
[2023-09-18 14:23:10.948793] [SERVER_INPUT] paket : 00 13 00 00 00 06 01 03 00 00 00 08
[2023-09-18 14:23:12.061697] [SERVER_INPUT] paket : 00 14 00 00 00 06 01 03 00 00 00 08
[2023-09-18 14:23:13.185866] [SERVER_INPUT] paket : 00 15 00 00 00 06 01 03 00 00 00 08
[2023-09-18 14:23:14.285011] [SERVER_INPUT] paket : 00 16 00 00 00 06 01 03 00 00 00 08
[2023-09-18 14:23:15.397575] [SERVER_INPUT] paket : 00 17 00 00 00 06 01 03 00 00 00 08
[2023-09-18 14:23:16.506009] [SERVER_INPUT] paket : 00 18 00 00 00 06 01 03 00 00 00 08
[2023-09-18 14:23:17.603413] [SERVER_INPUT] paket : 00 19 00 00 00 06 01 03 00 00 00 08
[2023-09-18 14:23:18.700484] [SERVER_INPUT] paket : 00 1A 00 00 00 06 01 03 00 00 00 08
[2023-09-18 14:23:19.804701] [SERVER_INPUT] paket : 00 1B 00 00 00 06 01 03 00 00 00 08
[2023-09-18 14:23:20.896657] [SERVER_INPUT] paket : 00 1C 00 00 00 06 01 03 00 00 00 08
[2023-09-18 14:23:22.020376] [SERVER_INPUT] paket : 00 1D 00 00 00 06 01 03 00 00 00 08
[2023-09-18 14:23:23.141352] [SERVER_INPUT] paket : 00 1E 00 00 00 06 01 03 00 00 00 08
[2023-09-18 14:23:24.247765] [SERVER_INPUT] paket : 00 1F 00 00 00 06 01 03 00 00 00 08
[2023-09-18 14:23:39.605895] [CLIENT_CONNECT] setting content : Protocol: TCP, IP: 10.7.12.94, Transaction Delay: 1000, Timeout: 1000
[2023-09-18 14:23:39.647913] [CLIENT_CONNECT] Connection to '10.7.12.94' was successful.
[2023-09-18 14:23:39.709217] [CLIENT_INPUT] paket : 00 01 00 00 00 06 01 03 00 00 00 03
[2023-09-18 14:23:39.757102] [CLIENT_OUTPUT] paket : 00 01 00 00 00 09 01 03 06 00 01 3C 4D 00 01
[2023-09-18 14:24:40.423406] [CLIENT_CONNECT] setting content : Protocol: TCP, IP: 10.7.12.94, Transaction Delay: 1000, Timeout: 2
[2023-09-18 14:24:40.465309] [CLIENT_CONNECT] Connection to '10.7.12.94' was successful.
[2023-09-18 14:24:40.527324] [CLIENT_INPUT] paket : 00 01 00 00 00 06 01 03 00 00 00 03
[2023-09-18 14:24:40.571199] [CLIENT_OUTPUT] paket : 00 01 00 00 00 09 01 03 06 00 01 3C 4D 00 01
[2023-09-18 14:24:41.489840] [CLIENT_INPUT] paket : 00 01 00 00 00 06 01 03 00 0A 00 04
[2023-09-18 14:24:41.559115] [CLIENT_OUTPUT] paket : 00 01 00 00 00 0B 01 03 08 01 C8 00 7B 03 F2 03 15
[2023-09-18 14:24:44.679193] [CLIENT_INPUT] paket : 00 02 00 00 00 06 01 03 00 00 00 03
[2023-09-18 14:24:44.728989] [CLIENT_OUTPUT] paket : 00 02 00 00 00 09 01 03 06 00 01 3C 4D 00 01
[2023-09-18 14:24:46.633000] [CLIENT_INPUT] paket : 00 02 00 00 00 06 01 03 00 0A 00 04
[2023-09-18 14:24:46.706976] [CLIENT_OUTPUT] paket : 00 02 00 00 00 0B 01 03 08 01 C8 00 7B 03 F2 03 15
[2023-09-18 14:24:48.850448] [CLIENT_INPUT] paket : 00 03 00 00 00 06 01 03 00 00 00 03
[2023-09-18 14:24:48.922951] [CLIENT_OUTPUT] paket : 00 03 00 00 00 09 01 03 06 00 01 3C 4D 00 01
[2023-09-18 14:24:51.855185] [CLIENT_INPUT] paket : 00 03 00 00 00 06 01 03 00 0A 00 04
[2023-09-18 14:24:51.901816] [CLIENT_OUTPUT] paket : 00 03 00 00 00 0B 01 03 08 01 C8 00 7B 03 F2 03 15
[2023-09-18 14:24:53.012205] [CLIENT_INPUT] paket : 00 04 00 00 00 06 01 03 00 00 00 03
[2023-09-18 14:24:53.058082] [CLIENT_OUTPUT] paket : 00 04 00 00 00 09 01 03 06 00 01 3C 4D 00 01
[2023-09-18 14:24:56.952046] [CLIENT_INPUT] paket : 00 04 00 00 00 06 01 03 00 0A 00 04
[2023-09-18 14:24:57.065495] [CLIENT_OUTPUT] paket : 00 04 00 00 00 0B 01 03 08 01 C8 00 7B 03 F2 03 15
[2023-09-18 14:24:57.124965] [CLIENT_INPUT] paket : 00 05 00 00 00 06 01 03 00 00 00 03
[2023-09-18 14:24:57.282214] [CLIENT_OUTPUT] paket : 00 05 00 00 00 09 01 03 06 00 01 3C 4D 00 01
[2023-09-18 14:25:01.406488] [CLIENT_INPUT] paket : 00 06 00 00 00 06 01 03 00 00 00 03
[2023-09-18 14:25:01.453188] [CLIENT_OUTPUT] paket : 00 06 00 00 00 09 01 03 06 00 01 3C 4D 00 01
[2023-09-18 14:25:02.271910] [CLIENT_INPUT] paket : 00 05 00 00 00 06 01 03 00 0A 00 04
[2023-09-18 14:25:02.405333] [CLIENT_OUTPUT] paket : 00 05 00 00 00 0B 01 03 08 01 C8 00 7B 03 F2 03 15
[2023-09-18 14:25:05.568417] [CLIENT_INPUT] paket : 00 07 00 00 00 06 01 03 00 00 00 03
[2023-09-18 14:25:05.656187] [CLIENT_OUTPUT] paket : 00 07 00 00 00 09 01 03 06 00 01 3C 4D 00 01
[2023-09-18 14:25:07.604433] [CLIENT_INPUT] paket : 00 06 00 00 00 06 01 03 00 0A 00 04
[2023-09-18 14:25:07.646759] [CLIENT_OUTPUT] paket : 00 06 00 00 00 0B 01 03 08 01 C8 00 7B 03 F2 03 15
[2023-09-18 14:25:09.726230] [CLIENT_INPUT] paket : 00 08 00 00 00 06 01 03 00 00 00 03
[2023-09-18 14:25:09.827460] [CLIENT_OUTPUT] paket : 00 08 00 00 00 09 01 03 06 00 01 3C 4D 00 01
[2023-09-18 14:25:12.749437] [CLIENT_INPUT] paket : 00 07 00 00 00 06 01 03 00 0A 00 04
[2023-09-18 14:25:12.811030] [CLIENT_OUTPUT] paket : 00 07 00 00 00 0B 01 03 08 01 C8 00 7B 03 F2 03 15
[2023-09-18 14:25:13.925634] [CLIENT_INPUT] paket : 00 09 00 00 00 06 01 03 00 00 00 03
[2023-09-18 14:25:13.993964] [CLIENT_OUTPUT] paket : 00 09 00 00 00 09 01 03 06 00 01 3C 4D 00 01
[2023-09-18 14:25:17.917780] [CLIENT_INPUT] paket : 00 08 00 00 00 06 01 03 00 0A 00 04
[2023-09-18 14:25:17.973262] [CLIENT_OUTPUT] paket : 00 08 00 00 00 0B 01 03 08 01 C8 00 7B 03 F2 03 15
[2023-09-18 14:25:18.085827] [CLIENT_INPUT] paket : 00 0A 00 00 00 06 01 03 00 00 00 03
[2023-09-18 14:25:18.125825] [CLIENT_OUTPUT] paket : 00 0A 00 00 00 09 01 03 06 00 01 3C 4D 00 01
[2023-09-18 14:25:22.187315] [CLIENT_INPUT] paket : 00 0B 00 00 00 06 01 03 00 00 00 03
[2023-09-18 14:25:22.233476] [CLIENT_OUTPUT] paket : 00 0B 00 00 00 09 01 03 06 00 01 3C 4D 00 01
[2023-09-18 14:25:23.061810] [CLIENT_INPUT] paket : 00 09 00 00 00 06 01 03 00 0A 00 04
[2023-09-18 14:25:23.328634] [CLIENT_OUTPUT] paket : 00 09 00 00 00 0B 01 03 08 01 C8 00 7B 03 F2 03 15
[2023-09-18 14:25:26.319423] [CLIENT_INPUT] paket : 00 0C 00 00 00 06 01 03 00 00 00 03
[2023-09-18 14:25:26.377267] [CLIENT_OUTPUT] paket : 00 0C 00 00 00 09 01 03 06 00 01 3C 4D 00 01
[2023-09-18 14:25:28.420356] [CLIENT_INPUT] paket : 00 0A 00 00 00 06 01 03 00 0A 00 04
[2023-09-18 14:25:28.510229] [CLIENT_OUTPUT] paket : 00 0A 00 00 00 0B 01 03 08 01 C8 00 7B 03 F2 03 15
[2023-09-18 14:25:30.560619] [CLIENT_INPUT] paket : 00 0D 00 00 00 06 01 03 00 00 00 03
[2023-09-18 14:25:30.642163] [CLIENT_OUTPUT] paket : 00 0D 00 00 00 09 01 03 06 00 01 3C 4D 00 01
[2023-09-18 14:25:33.589827] [CLIENT_INPUT] paket : 00 0B 00 00 00 06 01 03 00 0A 00 04
[2023-09-18 14:27:29.437178] [CLIENT_CONNECT] setting content : Protocol: TCP, IP: 127.0.0.1, Transaction Delay: 100, Timeout: 5
[2023-09-18 14:27:29.499547] [CLIENT_CONNECT] Connection to '127.0.0.1' was failed.
[2023-09-18 14:28:06.838230] [CLIENT_CONNECT] setting content : Protocol: TCP, IP: 10.7.12.94, Transaction Delay: 100, Timeout: 5
[2023-09-18 14:28:06.896961] [CLIENT_CONNECT] Connection to '10.7.12.94' was successful.
[2023-09-18 14:28:06.957674] [CLIENT_INPUT] paket : 00 01 00 00 00 06 01 03 00 00 00 0A
[2023-09-18 14:28:06.978955] [CLIENT_OUTPUT] paket : 00 01 00 00 00 17 01 03 14 00 01 3C 4D 00 01 00 00 00 00 00 00 00 12 00 00 00 00 00 00
[2023-09-18 14:28:12.046195] [CLIENT_INPUT] paket : 00 02 00 00 00 06 01 03 00 00 00 0A
[2023-09-18 14:28:12.098002] [CLIENT_OUTPUT] paket : 00 02 00 00 00 17 01 03 14 00 01 3C 4D 00 01 00 00 00 00 00 00 00 12 00 00 00 00 00 00
[2023-09-18 14:28:17.300741] [CLIENT_INPUT] paket : 00 03 00 00 00 06 01 03 00 00 00 0A
[2023-09-18 14:28:17.354384] [CLIENT_OUTPUT] paket : 00 03 00 00 00 17 01 03 14 00 01 3C 4D 00 01 00 00 00 00 00 00 00 12 00 00 00 00 00 00
[2023-09-18 14:28:22.424856] [CLIENT_INPUT] paket : 00 04 00 00 00 06 01 03 00 00 00 0A
[2023-09-18 14:28:22.477539] [CLIENT_OUTPUT] paket : 00 04 00 00 00 17 01 03 14 00 01 3C 4D 00 01 00 00 00 00 00 00 00 12 00 00 00 00 00 00
[2023-09-18 14:28:27.532731] [CLIENT_INPUT] paket : 00 05 00 00 00 06 01 03 00 00 00 0A
[2023-09-18 14:28:27.634795] [CLIENT_OUTPUT] paket : 00 05 00 00 00 17 01 03 14 00 01 3C 4D 00 01 00 00 00 00 00 00 00 12 00 00 00 00 00 00
[2023-09-18 14:28:32.737966] [CLIENT_INPUT] paket : 00 06 00 00 00 06 01 03 00 00 00 0A
[2023-09-18 14:28:32.905462] [CLIENT_OUTPUT] paket : 00 06 00 00 00 17 01 03 14 00 01 3C 4D 00 01 00 00 00 00 00 00 00 12 00 00 00 00 00 00
[2023-09-18 14:28:37.975483] [CLIENT_INPUT] paket : 00 07 00 00 00 06 01 03 00 00 00 0A
[2023-09-18 14:28:38.048598] [CLIENT_OUTPUT] paket : 00 07 00 00 00 17 01 03 14 00 01 3C 4D 00 01 00 00 00 00 00 00 00 12 00 00 00 00 00 00
[2023-09-18 14:28:43.132232] [CLIENT_INPUT] paket : 00 08 00 00 00 06 01 03 00 00 00 0A
[2023-09-18 14:28:43.178199] [CLIENT_OUTPUT] paket : 00 08 00 00 00 17 01 03 14 00 01 3C 4D 00 01 00 00 00 00 00 00 00 12 00 00 00 00 00 00
[2023-09-18 14:29:27.136828] [CLIENT_CONNECT] setting content : Protocol: TCP, IP: 127.0.0.1, Transaction Delay: 100, Timeout: 5
[2023-09-18 14:29:27.208635] [CLIENT_CONNECT] Connection to '127.0.0.1' was failed.
[2023-09-18 14:29:27.260142] [CLIENT_INPUT] paket : 00 01 00 00 00 06 30 03 00 00 00 0A
[2023-09-18 14:29:27.311961] [CLIENT_OUTPUT] paket :
[2023-09-18 14:29:32.363105] [CLIENT_INPUT] paket : 00 02 00 00 00 06 30 03 00 00 00 0A
[2023-09-18 14:29:32.574462] [CLIENT_OUTPUT] paket :
[2023-09-18 14:29:37.661911] [CLIENT_INPUT] paket : 00 03 00 00 00 06 30 03 00 00 00 0A
[2023-09-18 14:29:37.738068] [CLIENT_OUTPUT] paket :
[2023-09-18 14:30:48.983073] [SERVER_INPUT] paket : 00 00 00 00 00 06 01 03 00 00 00 0A
[2023-09-18 14:30:50.089949] [SERVER_INPUT] paket : 00 01 00 00 00 06 01 03 00 00 00 0A
[2023-09-18 14:30:51.207943] [SERVER_INPUT] paket : 00 02 00 00 00 06 01 03 00 00 00 0A
[2023-09-18 14:30:52.326243] [SERVER_INPUT] paket : 00 03 00 00 00 06 01 03 00 00 00 0A
[2023-09-18 14:30:52.941990] [SERVER_INPUT] paket :
[2023-09-18 14:30:57.937911] [SERVER_INPUT] paket : 00 04 00 00 00 06 01 03 00 00 00 0A
[2023-09-18 14:30:59.029696] [SERVER_INPUT] paket : 00 05 00 00 00 06 01 03 00 00 00 0A
[2023-09-18 14:31:00.154865] [SERVER_INPUT] paket : 00 06 00 00 00 06 01 03 00 00 00 0A
[2023-09-18 14:31:01.247526] [SERVER_INPUT] paket : 00 07 00 00 00 06 01 03 00 00 00 0A
[2023-09-18 14:31:02.359928] [SERVER_INPUT] paket : 00 08 00 00 00 06 01 03 00 00 00 0A
[2023-09-18 14:31:03.457754] [SERVER_INPUT] paket : 00 09 00 00 00 06 01 03 00 00 00 0A
[2023-09-18 14:31:04.555973] [SERVER_INPUT] paket : 00 0A 00 00 00 06 01 03 00 00 00 0A
[2023-09-18 14:31:05.665312] [SERVER_INPUT] paket : 00 0B 00 00 00 06 01 03 00 00 00 0A
[2023-09-18 14:31:06.787252] [SERVER_INPUT] paket : 00 0C 00 00 00 06 01 03 00 00 00 0A
[2023-09-18 14:31:07.892865] [SERVER_INPUT] paket : 00 0D 00 00 00 06 01 03 00 00 00 0A
[2023-09-18 14:31:09.015217] [SERVER_INPUT] paket : 00 0E 00 00 00 06 01 03 00 00 00 0A
[2023-09-18 14:31:10.143943] [SERVER_INPUT] paket : 00 0F 00 00 00 06 01 03 00 00 00 0A
[2023-09-18 14:31:11.244768] [SERVER_INPUT] paket : 00 10 00 00 00 06 01 03 00 00 00 0A
[2023-09-18 14:31:12.345504] [SERVER_INPUT] paket : 00 11 00 00 00 06 01 03 00 00 00 0A
[2023-09-18 14:31:13.442974] [SERVER_INPUT] paket : 00 12 00 00 00 06 01 03 00 00 00 0A
[2023-09-18 14:31:14.549791] [SERVER_INPUT] paket : 00 13 00 00 00 06 01 03 00 00 00 0A
[2023-09-18 14:31:15.653020] [SERVER_INPUT] paket : 00 14 00 00 00 06 01 03 00 00 00 0A
[2023-09-18 14:31:16.769223] [SERVER_INPUT] paket : 00 15 00 00 00 06 01 03 00 00 00 0A
[2023-09-18 14:31:17.884435] [SERVER_INPUT] paket : 00 16 00 00 00 06 01 03 00 00 00 0A
[2023-09-18 14:31:18.992753] [SERVER_INPUT] paket : 00 17 00 00 00 06 01 03 00 00 00 0A
[2023-09-18 14:31:20.100429] [SERVER_INPUT] paket : 00 18 00 00 00 06 01 03 00 00 00 0A
[2023-09-18 14:31:21.220910] [SERVER_INPUT] paket : 00 19 00 00 00 06 01 03 00 00 00 0A
[2023-09-18 14:31:22.320691] [SERVER_INPUT] paket : 00 1A 00 00 00 06 01 03 00 00 00 0A
[2023-09-18 14:31:23.430296] [SERVER_INPUT] paket : 00 1B 00 00 00 06 01 03 00 00 00 0A
[2023-09-18 14:31:24.543753] [SERVER_INPUT] paket : 00 1C 00 00 00 06 01 03 00 00 00 0A
[2023-09-18 14:31:25.651015] [SERVER_INPUT] paket : 00 1D 00 00 00 06 01 03 00 00 00 0A
[2023-09-18 14:31:26.759673] [SERVER_INPUT] paket : 00 1E 00 00 00 06 01 03 00 00 00 0A
[2023-09-18 14:31:27.876070] [SERVER_INPUT] paket : 00 1F 00 00 00 06 01 03 00 00 00 0A
[2023-09-18 14:31:28.987981] [SERVER_INPUT] paket : 00 20 00 00 00 06 01 03 00 00 00 0A
[2023-09-18 14:31:30.119132] [SERVER_INPUT] paket : 00 21 00 00 00 06 01 03 00 00 00 0A
[2023-09-18 14:31:31.218910] [SERVER_INPUT] paket : 00 22 00 00 00 06 01 03 00 00 00 0A
[2023-09-18 14:31:32.306310] [SERVER_INPUT] paket : 00 23 00 00 00 06 01 03 00 00 00 0A
[2023-09-18 14:31:33.435278] [SERVER_INPUT] paket : 00 24 00 00 00 06 01 03 00 00 00 0A
[2023-09-18 14:31:34.550471] [SERVER_INPUT] paket : 00 25 00 00 00 06 01 03 00 00 00 0A
[2023-09-18 14:31:35.651615] [SERVER_INPUT] paket : 00 26 00 00 00 06 01 03 00 00 00 0A
[2023-09-18 14:31:36.746306] [SERVER_INPUT] paket : 00 27 00 00 00 06 01 03 00 00 00 0A
[2023-09-18 14:31:37.845127] [SERVER_INPUT] paket : 00 28 00 00 00 06 01 03 00 00 00 0A
[2023-09-18 14:31:38.974248] [SERVER_INPUT] paket : 00 29 00 00 00 06 01 03 00 00 00 0A
[2023-09-18 14:31:40.074549] [SERVER_INPUT] paket : 00 2A 00 00 00 06 01 03 00 00 00 0A
[2023-09-18 14:31:41.181569] [SERVER_INPUT] paket : 00 2B 00 00 00 06 01 03 00 00 00 0A
[2023-09-18 14:31:42.279645] [SERVER_INPUT] paket : 00 2C 00 00 00 06 01 03 00 00 00 0A
[2023-09-18 14:31:43.399914] [SERVER_INPUT] paket : 00 2D 00 00 00 06 01 03 00 00 00 0A
[2023-09-18 14:32:49.382062] [CLIENT_CONNECT] setting content : Protocol: TCP, IP: 121.11.11.11, Transaction Delay: 100, Timeout: 5
[2023-09-18 14:32:49.435648] [CLIENT_CONNECT] Connection to '121.11.11.11' was failed.
[2023-09-18 14:32:49.502035] [CLIENT_INPUT] paket : 00 01 00 00 00 06 30 03 00 00 00 0A
[2023-09-18 14:32:49.532324] [CLIENT_OUTPUT] paket :
[2023-09-18 14:32:52.723761] [CLIENT_INPUT] paket : 00 02 00 00 00 06 30 03 00 00 00 0A
[2023-09-18 14:32:52.781069] [CLIENT_OUTPUT] paket :
[2023-09-18 14:32:55.860410] [CLIENT_INPUT] paket : 00 03 00 00 00 06 30 03 00 00 00 0A
[2023-09-18 14:32:55.975651] [CLIENT_OUTPUT] paket :
[2023-09-18 14:32:59.012478] [CLIENT_INPUT] paket : 00 04 00 00 00 06 30 03 00 00 00 0A
[2023-09-18 14:32:59.197308] [CLIENT_OUTPUT] paket :
[2023-09-18 14:33:02.227247] [CLIENT_INPUT] paket : 00 05 00 00 00 06 30 03 00 00 00 0A
[2023-09-18 14:33:02.287291] [CLIENT_OUTPUT] paket :
[2023-09-18 14:33:05.331079] [CLIENT_INPUT] paket : 00 06 00 00 00 06 30 03 00 00 00 0A
[2023-09-18 14:33:05.372029] [CLIENT_OUTPUT] paket :
[2023-09-18 14:33:08.420995] [CLIENT_INPUT] paket : 00 07 00 00 00 06 30 03 00 00 00 0A
[2023-09-18 14:33:08.503479] [CLIENT_OUTPUT] paket :
[2023-09-18 14:33:14.854556] [CLIENT_CONNECT] setting content : Protocol: TCP, IP: 121.11.11.11, Transaction Delay: 100, Timeout: 5
[2023-09-18 14:33:14.953220] [CLIENT_CONNECT] Connection to '121.11.11.11' was failed.
[2023-09-18 14:33:14.981958] [CLIENT_INPUT] paket : 00 01 00 00 00 06 30 03 00 00 00 0A
[2023-09-18 14:33:15.031852] [CLIENT_OUTPUT] paket :
[2023-09-18 14:33:18.059598] [CLIENT_INPUT] paket : 00 02 00 00 00 06 30 03 00 00 00 0A
[2023-09-18 14:33:18.116519] [CLIENT_OUTPUT] paket :
[2023-09-18 14:33:21.161778] [CLIENT_INPUT] paket : 00 03 00 00 00 06 30 03 00 00 00 0A
[2023-09-18 14:33:21.272508] [CLIENT_OUTPUT] paket :
[2023-09-18 14:33:24.359932] [CLIENT_INPUT] paket : 00 04 00 00 00 06 30 03 00 00 00 0A
[2023-09-18 14:33:24.483093] [CLIENT_OUTPUT] paket :
[2023-09-18 14:33:27.537809] [CLIENT_INPUT] paket : 00 05 00 00 00 06 30 03 00 00 00 0A
[2023-09-18 14:33:27.669796] [CLIENT_OUTPUT] paket :
[2023-09-18 14:33:30.711715] [CLIENT_INPUT] paket : 00 06 00 00 00 06 30 03 00 00 00 0A
[2023-09-18 14:33:30.754471] [CLIENT_OUTPUT] paket :
[2023-09-18 14:33:33.793946] [CLIENT_INPUT] paket : 00 07 00 00 00 06 30 03 00 00 00 0A
[2023-09-18 14:33:33.867308] [CLIENT_OUTPUT] paket :
[2023-09-18 14:33:36.898676] [CLIENT_INPUT] paket : 00 08 00 00 00 06 30 03 00 00 00 0A
[2023-09-18 14:33:36.953152] [CLIENT_OUTPUT] paket :
[2023-09-18 14:33:40.014140] [CLIENT_INPUT] paket : 00 09 00 00 00 06 30 03 00 00 00 0A
[2023-09-18 14:33:40.049582] [CLIENT_OUTPUT] paket :
[2023-09-18 14:33:43.082201] [CLIENT_INPUT] paket : 00 0A 00 00 00 06 30 03 00 00 00 0A
[2023-09-18 14:33:43.153656] [CLIENT_OUTPUT] paket :
[2023-09-18 14:33:46.218731] [CLIENT_INPUT] paket : 00 0B 00 00 00 06 30 03 00 00 00 0A
[2023-09-18 14:33:46.303893] [CLIENT_OUTPUT] paket :
[2023-09-18 14:33:49.366670] [CLIENT_INPUT] paket : 00 0C 00 00 00 06 30 03 00 00 00 0A
[2023-09-18 14:33:49.451339] [CLIENT_OUTPUT] paket :
[2023-09-18 14:33:52.506500] [CLIENT_INPUT] paket : 00 0D 00 00 00 06 30 03 00 00 00 0A
[2023-09-18 14:33:52.621109] [CLIENT_OUTPUT] paket :
[2023-09-18 14:33:55.684385] [CLIENT_INPUT] paket : 00 0E 00 00 00 06 30 03 00 00 00 0A
[2023-09-18 14:33:55.853153] [CLIENT_OUTPUT] paket :
[2023-09-18 14:35:52.697182] [CLIENT_CONNECT] setting content : Protocol: TCP, IP: 124.1.1.1, Transaction Delay: 100, Timeout: 5
[2023-09-18 14:35:52.746686] [CLIENT_CONNECT] Connection to '124.1.1.1' was successful.
[2023-09-18 14:35:52.857708] [SERVER_INPUT] paket : 00 01 00 00 00 06 01 03 00 00 00 0A
[2023-09-18 14:35:52.920270] [CLIENT_INPUT] paket : 00 01 00 00 00 06 01 03 00 00 00 0A
[2023-09-18 14:35:53.007109] [CLIENT_OUTPUT] paket : 00 01 00 00 00 17 01 03 14 00 01 00 02 00 03 00 00 00 00 00 00 00 00 00 00 00 00 00 00
[2023-09-18 14:35:56.049397] [SERVER_INPUT] paket : 00 02 00 00 00 06 01 03 00 00 00 0A
[2023-09-18 14:35:56.122230] [CLIENT_INPUT] paket : 00 02 00 00 00 06 01 03 00 00 00 0A
[2023-09-18 14:35:56.166789] [CLIENT_OUTPUT] paket : 00 02 00 00 00 17 01 03 14 00 01 00 02 00 03 00 00 00 00 00 00 00 00 00 00 00 00 00 00
[2023-09-18 14:35:59.262073] [SERVER_INPUT] paket : 00 03 00 00 00 06 01 03 00 00 00 0A
[2023-09-18 14:35:59.436526] [CLIENT_INPUT] paket : 00 03 00 00 00 06 01 03 00 00 00 0A
[2023-09-18 14:35:59.520860] [CLIENT_OUTPUT] paket : 00 03 00 00 00 17 01 03 14 00 01 00 02 00 03 00 00 00 00 00 00 00 00 00 00 00 00 00 00
[2023-09-18 14:36:02.593953] [SERVER_INPUT] paket : 00 04 00 00 00 06 01 03 00 00 00 0A
[2023-09-18 14:36:02.656846] [CLIENT_INPUT] paket : 00 04 00 00 00 06 01 03 00 00 00 0A
[2023-09-18 14:36:02.683609] [CLIENT_OUTPUT] paket : 00 04 00 00 00 17 01 03 14 00 01 00 02 00 03 00 00 00 00 00 00 00 00 00 00 00 00 00 00
[2023-09-18 14:36:05.788659] [SERVER_INPUT] paket : 00 05 00 00 00 06 01 03 00 00 00 0A
[2023-09-18 14:36:05.882107] [CLIENT_INPUT] paket : 00 05 00 00 00 06 01 03 00 00 00 0A
[2023-09-18 14:36:05.937699] [CLIENT_OUTPUT] paket : 00 05 00 00 00 17 01 03 14 00 01 00 02 00 03 00 00 00 00 00 00 00 00 00 00 00 00 00 00
[2023-09-18 14:36:08.982565] [SERVER_INPUT] paket : 00 06 00 00 00 06 01 03 00 00 00 0A
[2023-09-18 14:36:09.106051] [CLIENT_INPUT] paket : 00 06 00 00 00 06 01 03 00 00 00 0A
[2023-09-18 14:36:09.171049] [CLIENT_OUTPUT] paket : 00 06 00 00 00 17 01 03 14 00 01 00 02 00 03 00 00 00 00 00 00 00 00 00 00 00 00 00 00
[2023-09-18 14:36:12.237873] [SERVER_INPUT] paket : 00 07 00 00 00 06 01 03 00 00 00 0A
[2023-09-18 14:36:12.307056] [CLIENT_INPUT] paket : 00 07 00 00 00 06 01 03 00 00 00 0A
[2023-09-18 14:36:12.333796] [CLIENT_OUTPUT] paket : 00 07 00 00 00 17 01 03 14 00 01 00 02 00 03 00 00 00 00 00 00 00 00 00 00 00 00 00 00
[2023-09-18 14:36:15.411301] [SERVER_INPUT] paket : 00 08 00 00 00 06 01 03 00 00 00 0A
[2023-09-18 14:36:15.476556] [CLIENT_INPUT] paket : 00 08 00 00 00 06 01 03 00 00 00 0A
[2023-09-18 14:36:15.658115] [CLIENT_OUTPUT] paket : 00 08 00 00 00 17 01 03 14 00 01 00 02 00 03 00 00 00 00 00 00 00 00 00 00 00 00 00 00
[2023-09-18 14:36:18.759423] [SERVER_INPUT] paket : 00 09 00 00 00 06 01 03 00 00 00 0A
[2023-09-18 14:36:19.018772] [CLIENT_INPUT] paket : 00 09 00 00 00 06 01 03 00 00 00 0A
[2023-09-18 14:36:19.063117] [CLIENT_OUTPUT] paket : 00 09 00 00 00 17 01 03 14 00 01 00 02 00 03 00 00 00 00 00 00 00 00 00 00 00 00 00 00
[2023-09-18 14:36:22.095926] [SERVER_INPUT] paket : 00 0A 00 00 00 06 01 03 00 00 00 0A
[2023-09-18 14:36:22.164928] [CLIENT_INPUT] paket : 00 0A 00 00 00 06 01 03 00 00 00 0A
[2023-09-18 14:36:22.209412] [CLIENT_OUTPUT] paket : 00 0A 00 00 00 17 01 03 14 00 01 00 02 00 03 00 00 00 00 00 00 00 00 00 00 00 00 00 00
[2023-09-18 14:36:25.297161] [SERVER_INPUT] paket : 00 0B 00 00 00 06 01 03 00 00 00 0A
[2023-09-18 14:36:25.415017] [CLIENT_INPUT] paket : 00 0B 00 00 00 06 01 03 00 00 00 0A
[2023-09-18 14:36:25.536609] [CLIENT_OUTPUT] paket : 00 0B 00 00 00 17 01 03 14 00 01 00 02 00 03 00 00 00 00 00 00 00 00 00 00 00 00 00 00
[2023-09-18 14:36:28.593661] [SERVER_INPUT] paket : 00 0C 00 00 00 06 01 03 00 00 00 0A
[2023-09-18 14:36:28.637943] [CLIENT_INPUT] paket : 00 0C 00 00 00 06 01 03 00 00 00 0A
[2023-09-18 14:36:28.724706] [CLIENT_OUTPUT] paket : 00 0C 00 00 00 17 01 03 14 00 01 00 02 00 03 00 00 00 00 00 00 00 00 00 00 00 00 00 00
[2023-09-18 14:36:31.767940] [SERVER_INPUT] paket : 00 0D 00 00 00 06 01 03 00 00 00 0A
[2023-09-18 14:36:31.805431] [CLIENT_INPUT] paket : 00 0D 00 00 00 06 01 03 00 00 00 0A
[2023-09-18 14:36:31.842086] [CLIENT_OUTPUT] paket : 00 0D 00 00 00 17 01 03 14 00 01 00 02 00 03 00 00 00 00 00 00 00 00 00 00 00 00 00 00
[2023-09-18 14:36:34.895102] [SERVER_INPUT] paket : 00 0E 00 00 00 06 01 03 00 00 00 0A
[2023-09-18 14:36:34.947370] [CLIENT_INPUT] paket : 00 0E 00 00 00 06 01 03 00 00 00 0A
[2023-09-18 14:36:35.163523] [CLIENT_OUTPUT] paket : 00 0E 00 00 00 17 01 03 14 00 01 00 02 00 03 00 00 00 00 00 00 00 00 00 00 00 00 00 00
[2023-09-18 14:36:38.303809] [SERVER_INPUT] paket : 00 0F 00 00 00 06 01 03 00 00 00 0A
[2023-09-18 14:36:38.378035] [CLIENT_INPUT] paket : 00 0F 00 00 00 06 01 03 00 00 00 0A
[2023-09-18 14:36:38.442972] [CLIENT_OUTPUT] paket : 00 0F 00 00 00 17 01 03 14 00 01 00 02 00 03 00 00 00 00 00 00 00 00 00 00 00 00 00 00
[2023-09-18 14:36:41.485039] [SERVER_INPUT] paket : 00 10 00 00 00 06 01 03 00 00 00 0A
[2023-09-18 14:36:41.620211] [CLIENT_INPUT] paket : 00 10 00 00 00 06 01 03 00 00 00 0A
[2023-09-18 14:36:41.709376] [CLIENT_OUTPUT] paket : 00 10 00 00 00 17 01 03 14 00 01 00 02 00 03 00 00 00 00 00 00 00 00 00 00 00 00 00 00
[2023-09-18 14:36:44.770583] [SERVER_INPUT] paket : 00 11 00 00 00 06 01 03 00 00 00 0A
[2023-09-18 14:36:44.921565] [CLIENT_INPUT] paket : 00 11 00 00 00 06 01 03 00 00 00 0A
[2023-09-18 14:36:44.968059] [CLIENT_OUTPUT] paket : 00 11 00 00 00 17 01 03 14 00 01 00 02 00 03 00 00 00 00 00 00 00 00 00 00 00 00 00 00
[2023-09-18 14:36:48.053173] [SERVER_INPUT] paket : 00 12 00 00 00 06 01 03 00 00 00 0A
[2023-09-18 14:36:48.117634] [CLIENT_INPUT] paket : 00 12 00 00 00 06 01 03 00 00 00 0A
[2023-09-18 14:36:48.172734] [CLIENT_OUTPUT] paket : 00 12 00 00 00 17 01 03 14 00 01 00 02 00 03 00 00 00 00 00 00 00 00 00 00 00 00 00 00
[2023-09-18 14:36:51.269096] [SERVER_INPUT] paket : 00 13 00 00 00 06 01 03 00 00 00 0A
[2023-09-18 14:36:51.319497] [CLIENT_INPUT] paket : 00 13 00 00 00 06 01 03 00 00 00 0A
[2023-09-18 14:36:51.351881] [CLIENT_OUTPUT] paket : 00 13 00 00 00 17 01 03 14 00 01 00 02 00 03 00 00 00 00 00 00 00 00 00 00 00 00 00 00
[2023-09-18 14:36:54.393579] [SERVER_INPUT] paket : 00 14 00 00 00 06 01 03 00 00 00 0A
[2023-09-18 14:36:54.463481] [CLIENT_INPUT] paket : 00 14 00 00 00 06 01 03 00 00 00 0A
[2023-09-18 14:36:54.518591] [CLIENT_OUTPUT] paket : 00 14 00 00 00 17 01 03 14 00 01 00 02 00 03 00 00 00 00 00 00 00 00 00 00 00 00 00 00
[2023-09-18 14:36:57.691733] [SERVER_INPUT] paket : 00 15 00 00 00 06 01 03 00 00 00 0A
[2023-09-18 14:36:57.762793] [CLIENT_INPUT] paket : 00 15 00 00 00 06 01 03 00 00 00 0A
[2023-09-18 14:36:57.905825] [CLIENT_OUTPUT] paket : 00 15 00 00 00 17 01 03 14 00 01 00 02 00 03 00 00 00 00 00 00 00 00 00 00 00 00 00 00
[2023-09-18 14:37:01.005394] [SERVER_INPUT] paket : 00 16 00 00 00 06 01 03 00 00 00 0A
[2023-09-18 14:37:01.120491] [CLIENT_INPUT] paket : 00 16 00 00 00 06 01 03 00 00 00 0A
[2023-09-18 14:37:01.163487] [CLIENT_OUTPUT] paket : 00 16 00 00 00 17 01 03 14 00 01 00 02 00 03 00 00 00 00 00 00 00 00 00 00 00 00 00 00
[2023-09-18 14:37:04.255397] [SERVER_INPUT] paket : 00 17 00 00 00 06 01 03 00 00 00 0A
[2023-09-18 14:37:04.492939] [CLIENT_INPUT] paket : 00 17 00 00 00 06 01 03 00 00 00 0A
[2023-09-18 14:37:04.537958] [CLIENT_OUTPUT] paket : 00 17 00 00 00 17 01 03 14 00 01 00 02 00 03 00 00 00 00 00 00 00 00 00 00 00 00 00 00
[2023-09-18 14:37:07.617216] [SERVER_INPUT] paket : 00 18 00 00 00 06 01 03 00 00 00 0A
[2023-09-18 14:37:07.746614] [CLIENT_INPUT] paket : 00 18 00 00 00 06 01 03 00 00 00 0A
[2023-09-18 14:37:07.798775] [CLIENT_OUTPUT] paket : 00 18 00 00 00 17 01 03 14 00 01 00 02 00 03 00 00 00 00 00 00 00 00 00 00 00 00 00 00
[2023-09-18 14:37:10.851787] [SERVER_INPUT] paket : 00 19 00 00 00 06 01 03 00 00 00 0A
[2023-09-18 14:37:10.930564] [CLIENT_INPUT] paket : 00 19 00 00 00 06 01 03 00 00 00 0A
[2023-09-18 14:37:10.986964] [CLIENT_OUTPUT] paket : 00 19 00 00 00 17 01 03 14 00 01 00 02 00 03 00 00 00 00 00 00 00 00 00 00 00 00 00 00
[2023-09-18 14:37:14.038307] [SERVER_INPUT] paket : 00 1A 00 00 00 06 01 03 00 00 00 0A
[2023-09-18 14:37:14.618606] [CLIENT_INPUT] paket : 00 1A 00 00 00 06 01 03 00 00 00 0A
[2023-09-18 14:37:14.825494] [CLIENT_OUTPUT] paket : 00 1A 00 00 00 17 01 03 14 00 01 00 02 00 03 00 00 00 00 00 00 00 00 00 00 00 00 00 00
[2023-09-18 14:37:17.945064] [SERVER_INPUT] paket : 00 1B 00 00 00 06 01 03 00 00 00 0A
[2023-09-18 14:37:17.979721] [CLIENT_INPUT] paket : 00 1B 00 00 00 06 01 03 00 00 00 0A
[2023-09-18 14:37:18.070052] [CLIENT_OUTPUT] paket : 00 1B 00 00 00 17 01 03 14 00 01 00 02 00 03 00 00 00 00 00 00 00 00 00 00 00 00 00 00
[2023-09-18 14:37:21.102288] [SERVER_INPUT] paket : 00 1C 00 00 00 06 01 03 00 00 00 0A
[2023-09-18 14:37:21.161269] [CLIENT_INPUT] paket : 00 1C 00 00 00 06 01 03 00 00 00 0A
[2023-09-18 14:37:21.220702] [CLIENT_OUTPUT] paket : 00 1C 00 00 00 17 01 03 14 00 01 00 02 00 03 00 00 00 00 00 00 00 00 00 00 00 00 00 00
[2023-09-18 14:37:24.324451] [SERVER_INPUT] paket : 00 1D 00 00 00 06 01 03 00 00 00 0A
[2023-09-18 14:37:24.352502] [CLIENT_INPUT] paket : 00 1D 00 00 00 06 01 03 00 00 00 0A
[2023-09-18 14:37:24.398729] [CLIENT_OUTPUT] paket : 00 1D 00 00 00 17 01 03 14 00 01 00 02 00 03 00 00 00 00 00 00 00 00 00 00 00 00 00 00
[2023-09-18 14:37:27.439038] [SERVER_INPUT] paket : 00 1E 00 00 00 06 01 03 00 00 00 0A
[2023-09-18 14:37:27.486730] [CLIENT_INPUT] paket : 00 1E 00 00 00 06 01 03 00 00 00 0A
[2023-09-18 14:37:27.554134] [CLIENT_OUTPUT] paket : 00 1E 00 00 00 17 01 03 14 00 01 00 02 00 03 00 00 00 00 00 00 00 00 00 00 00 00 00 00
[2023-09-18 14:37:31.696559] [SERVER_INPUT] paket : 00 1F 00 00 00 06 01 03 00 00 00 0A
[2023-09-18 14:37:31.729106] [CLIENT_INPUT] paket : 00 1F 00 00 00 06 01 03 00 00 00 0A
[2023-09-18 14:37:31.764584] [CLIENT_OUTPUT] paket : 00 1F 00 00 00 17 01 03 14 00 01 00 02 00 03 00 00 00 00 00 00 00 00 00 00 00 00 00 00
[2023-09-18 14:37:34.836717] [SERVER_INPUT] paket : 00 20 00 00 00 06 01 03 00 00 00 0A
[2023-09-18 14:37:34.934861] [CLIENT_INPUT] paket : 00 20 00 00 00 06 01 03 00 00 00 0A
[2023-09-18 14:37:35.005282] [CLIENT_OUTPUT] paket : 00 20 00 00 00 17 01 03 14 00 01 00 02 00 03 00 00 00 00 00 00 00 00 00 00 00 00 00 00
[2023-09-18 14:37:38.054345] [SERVER_INPUT] paket : 00 21 00 00 00 06 01 03 00 00 00 0A
[2023-09-18 14:37:38.123893] [CLIENT_INPUT] paket : 00 21 00 00 00 06 01 03 00 00 00 0A
[2023-09-18 14:37:38.191192] [CLIENT_OUTPUT] paket : 00 21 00 00 00 17 01 03 14 00 01 00 02 00 03 00 00 00 00 00 00 00 00 00 00 00 00 00 00
[2023-09-18 14:37:41.243606] [SERVER_INPUT] paket : 00 22 00 00 00 06 01 03 00 00 00 0A
[2023-09-18 14:37:41.281498] [CLIENT_INPUT] paket : 00 22 00 00 00 06 01 03 00 00 00 0A
[2023-09-18 14:37:41.305733] [CLIENT_OUTPUT] paket : 00 22 00 00 00 17 01 03 14 00 01 00 02 00 03 00 00 00 00 00 00 00 00 00 00 00 00 00 00
[2023-09-18 14:37:44.376135] [SERVER_INPUT] paket : 00 23 00 00 00 06 01 03 00 00 00 0A
[2023-09-18 14:37:44.493172] [CLIENT_INPUT] paket : 00 23 00 00 00 06 01 03 00 00 00 0A
[2023-09-18 14:37:44.526636] [CLIENT_OUTPUT] paket : 00 23 00 00 00 17 01 03 14 00 01 00 02 00 03 00 00 00 00 00 00 00 00 00 00 00 00 00 00
[2023-09-18 14:37:47.597009] [SERVER_INPUT] paket : 00 24 00 00 00 06 01 03 00 00 00 0A
[2023-09-18 14:37:47.688898] [CLIENT_INPUT] paket : 00 24 00 00 00 06 01 03 00 00 00 0A
[2023-09-18 14:37:47.758639] [CLIENT_OUTPUT] paket : 00 24 00 00 00 17 01 03 14 00 01 00 02 00 03 00 00 00 00 00 00 00 00 00 00 00 00 00 00
[2023-09-18 14:37:50.901788] [SERVER_INPUT] paket : 00 25 00 00 00 06 01 03 00 00 00 0A
[2023-09-18 14:37:51.019223] [CLIENT_INPUT] paket : 00 25 00 00 00 06 01 03 00 00 00 0A
[2023-09-18 14:37:51.101225] [CLIENT_OUTPUT] paket : 00 25 00 00 00 17 01 03 14 00 01 00 02 00 03 00 00 00 00 00 00 00 00 00 00 00 00 00 00
[2023-09-18 14:37:54.212672] [SERVER_INPUT] paket : 00 26 00 00 00 06 01 03 00 00 00 0A
[2023-09-18 14:37:54.316019] [CLIENT_INPUT] paket : 00 26 00 00 00 06 01 03 00 00 00 0A
[2023-09-18 14:37:54.377206] [CLIENT_OUTPUT] paket : 00 26 00 00 00 17 01 03 14 00 01 00 02 00 03 00 00 00 00 00 00 00 00 00 00 00 00 00 00
[2023-09-18 14:37:57.445059] [SERVER_INPUT] paket : 00 27 00 00 00 06 01 03 00 00 00 0A
[2023-09-18 14:37:57.580527] [CLIENT_INPUT] paket : 00 27 00 00 00 06 01 03 00 00 00 0A
[2023-09-18 14:37:57.626458] [CLIENT_OUTPUT] paket : 00 27 00 00 00 17 01 03 14 00 01 00 02 00 03 00 00 00 00 00 00 00 00 00 00 00 00 00 00
[2023-09-18 14:38:00.676222] [SERVER_INPUT] paket : 00 28 00 00 00 06 01 03 00 00 00 0A
[2023-09-18 14:38:00.834879] [CLIENT_INPUT] paket : 00 28 00 00 00 06 01 03 00 00 00 0A
[2023-09-18 14:38:00.910856] [CLIENT_OUTPUT] paket : 00 28 00 00 00 17 01 03 14 00 01 00 02 00 03 00 00 00 00 00 00 00 00 00 00 00 00 00 00
[2023-09-18 14:38:03.958878] [SERVER_INPUT] paket : 00 29 00 00 00 06 01 03 00 00 00 0A
[2023-09-18 14:38:04.037740] [CLIENT_INPUT] paket : 00 29 00 00 00 06 01 03 00 00 00 0A
[2023-09-18 14:38:04.091767] [CLIENT_OUTPUT] paket : 00 29 00 00 00 17 01 03 14 00 01 00 02 00 03 00 00 00 00 00 00 00 00 00 00 00 00 00 00
[2023-09-18 14:38:07.140233] [SERVER_INPUT] paket : 00 2A 00 00 00 06 01 03 00 00 00 0A
[2023-09-18 14:38:07.253190] [CLIENT_INPUT] paket : 00 2A 00 00 00 06 01 03 00 00 00 0A
[2023-09-18 14:38:07.315247] [CLIENT_OUTPUT] paket : 00 2A 00 00 00 17 01 03 14 00 01 00 02 00 03 00 00 00 00 00 00 00 00 00 00 00 00 00 00
[2023-09-18 14:38:10.397441] [SERVER_INPUT] paket : 00 2B 00 00 00 06 01 03 00 00 00 0A
[2023-09-18 14:38:10.549765] [CLIENT_INPUT] paket : 00 2B 00 00 00 06 01 03 00 00 00 0A
[2023-09-18 14:38:10.606138] [CLIENT_OUTPUT] paket : 00 2B 00 00 00 17 01 03 14 00 01 00 02 00 03 00 00 00 00 00 00 00 00 00 00 00 00 00 00
[2023-09-18 14:38:13.659800] [SERVER_INPUT] paket : 00 2C 00 00 00 06 01 03 00 00 00 0A
[2023-09-18 14:38:13.804447] [SERVER_INPUT] paket :
[2023-09-18 14:38:13.864216] [SERVER_INPUT] paket :
[2023-09-18 14:38:25.941892] [CLIENT_CONNECT] setting content : Protocol: TCP, IP: 124.1.1.1, Transaction Delay: 100, Timeout: 5
[2023-09-18 14:38:26.009270] [CLIENT_CONNECT] Connection to '124.1.1.1' was successful.
[2023-09-18 14:38:26.062699] [SERVER_INPUT] paket :
[2023-09-18 14:38:46.409509] [CLIENT_CONNECT] setting content : Protocol: TCP, IP: 124.1.1.1, Transaction Delay: 100, Timeout: 5
[2023-09-18 14:38:46.747143] [CLIENT_CONNECT] Connection to '124.1.1.1' was successful.
[2023-09-18 14:38:46.821144] [SERVER_INPUT] paket : 00 01 00 00 00 06 01 03 00 00 00 0A
[2023-09-18 14:38:46.853339] [CLIENT_INPUT] paket : 00 01 00 00 00 06 01 03 00 00 00 0A
[2023-09-18 14:38:46.944307] [CLIENT_OUTPUT] paket : 00 01 00 00 00 17 01 03 14 00 01 00 02 00 03 00 00 00 00 00 00 00 00 00 00 00 00 00 00
[2023-09-18 14:38:49.979272] [SERVER_INPUT] paket : 00 02 00 00 00 06 01 03 00 00 00 0A
[2023-09-18 14:38:50.060197] [CLIENT_INPUT] paket : 00 02 00 00 00 06 01 03 00 00 00 0A
[2023-09-18 14:38:50.101753] [CLIENT_OUTPUT] paket : 00 02 00 00 00 17 01 03 14 00 01 00 02 00 03 00 00 00 00 00 00 00 00 00 00 00 00 00 00
[2023-09-18 14:38:53.156778] [SERVER_INPUT] paket : 00 03 00 00 00 06 01 03 00 00 00 0A
[2023-09-18 14:38:53.201741] [CLIENT_INPUT] paket : 00 03 00 00 00 06 01 03 00 00 00 0A
[2023-09-18 14:38:53.273745] [CLIENT_OUTPUT] paket : 00 03 00 00 00 17 01 03 14 00 01 00 02 00 03 00 00 00 00 00 00 00 00 00 00 00 00 00 00
[2023-09-18 14:38:55.141406] [SERVER_INPUT] paket :
[2023-09-18 14:38:55.199744] [SERVER_INPUT] paket :
