[2023-09-14 13:57:53.649241] [SERVER_INPUT] paket : 00 01 00
[2023-09-14 13:57:56.741359] [SERVER_INPUT] paket : 00
[2023-09-14 13:57:59.673211] [SERVER_INPUT] paket : 00 02 00 00
[2023-09-14 13:58:02.658773] [SERVER_INPUT] paket : 00 00 00 00 00 09 01 10 00 00 00 01
[2023-09-14 14:06:43.915923] [CLIENT_INPUT] paket : 00 01 00
[2023-09-14 14:06:46.964743] [CLIENT_INPUT] paket : 00
[2023-09-14 14:06:49.984224] [CLIENT_INPUT] paket : 00 02 00 00
[2023-09-14 14:06:52.917212] [CLIENT_INPUT] paket : 00 00 00 00 00 09 01 10 00 00 00 01
[2023-09-14 14:08:32.378739] [CLIENT_INPUT] paket : 00 01 00
[2023-09-14 14:08:35.416260] [CLIENT_INPUT] paket : 00
[2023-09-14 14:08:38.393244] [CLIENT_INPUT] paket : 00 02 00 00
[2023-09-14 14:08:41.389418] [CLIENT_INPUT] paket : 00 00 00 00 00 09 01 10 00 00 00 01
[2023-09-14 14:10:31.509305] [CLIENT_INPUT] paket : 00 01 00
[2023-09-14 14:10:34.559394] [CLIENT_INPUT] paket : 00
[2023-09-14 14:10:37.550566] [CLIENT_INPUT] paket : 00 02 00 00
[2023-09-14 14:10:40.505247] [CLIENT_INPUT] paket : 00 00 00 00 00 09 01 10 00 00 00 01
[2023-09-14 14:11:29.173674] [CLIENT_INPUT] paket : 00 01 00
[2023-09-14 14:11:32.219187] [CLIENT_INPUT] paket : 00
[2023-09-14 14:11:35.186325] [CLIENT_INPUT] paket : 00 02 00 00
[2023-09-14 14:12:09.997078] [CLIENT_INPUT] paket : 00 01 00
[2023-09-14 14:12:13.021369] [CLIENT_INPUT] paket : 00
[2023-09-14 14:12:16.038341] [CLIENT_INPUT] paket : 00 02 00 00
[2023-09-14 14:12:18.982516] [CLIENT_INPUT] paket : 00 00 00 00 00 09 01 10 00 00 00 01
[2023-09-14 14:22:42.434508] [CLIENT_INPUT] paket : 00 01 00 00 00 0D 01 10 00 00 00 03 06 1A 2B 3C 4D 00 01
[2023-09-14 14:22:45.485080] [CLIENT_INPUT] paket : 00 03 00 00 00 06 01 03 00 06 00 01
[2023-09-14 14:22:48.488852] [CLIENT_INPUT] paket : 00 02 00 00 00 06 01 03 00 0A 00 04
[2023-09-14 14:22:51.436080] [CLIENT_INPUT] paket : 00 00 00 00 00 09 01 10 00 00 00 01 02 00 01
[2023-09-14 14:30:31.967706] [CLIENT_INPUT] paket : 00 01 00 00 00 0D 01 10 00 00 00 03 06 1A 2B 3C 4D 00 01
[2023-09-14 14:30:35.033566] [CLIENT_INPUT] paket : 00 03 00 00 00 06 01 03 00 06 00 01
[2023-09-14 14:30:37.984650] [CLIENT_INPUT] paket : 00 02 00 00 00 06 01 03 00 0A 00 04
[2023-09-14 14:30:40.972109] [CLIENT_INPUT] paket : 00 00 00 00 00 09 01 10 00 00 00 01 02 00 01
[2023-09-14 14:32:38.324508] [CLIENT_INPUT] paket : 00 01 00 00 00 0D 01 10 00 00 00 03 06 1A 2B 3C 4D 00 01
[2023-09-14 14:32:41.405845] [CLIENT_INPUT] paket : 00 03 00 00 00 06 01 03 00 06 00 01
[2023-09-14 14:32:44.348749] [CLIENT_INPUT] paket : 00 02 00 00 00 06 01 03 00 0A 00 04
[2023-09-14 14:32:47.312153] [CLIENT_INPUT] paket : 00 00 00 00 00 09 01 10 00 00 00 01 02 00 01
[2023-09-14 14:35:27.635547] [CLIENT_INPUT] paket : 00 01 00 00 00 0D 01 10 00 00 00 03 06 1A 2B 3C 4D 00 01
[2023-09-14 14:35:30.697284] [CLIENT_INPUT] paket : 00 03 00 00 00 06 01 03 00 06 00 01
[2023-09-14 14:35:33.670421] [CLIENT_INPUT] paket : 00 02 00 00 00 06 01 03 00 0A 00 04
[2023-09-14 14:35:36.630297] [CLIENT_INPUT] paket : 00 00 00 00 00 09 01 10 00 00 00 01 02 00 01
[2023-09-14 15:07:50.950817] [CLIENT_INPUT] paket : 00 01 00 00 00 0D 01 10 00 00 00 03 06 1A 2B 3C 4D 00 01
[2023-09-14 15:07:54.030583] [CLIENT_INPUT] paket : 00 03 00 00 00 06 01 03 00 06 00 01
[2023-09-14 15:07:56.995823] [CLIENT_INPUT] paket : 00 02 00 00 00 06 01 03 00 0A 00 04
[2023-09-14 15:07:59.966296] [CLIENT_INPUT] paket : 00 00 00 00 00 09 01 10 00 00 00 01 02 00 01
[2023-09-14 15:09:39.902797] [CLIENT_INPUT] paket : 00 01 00 00 00 0D 01 10 00 00 00 03 06 1A 2B 3C 4D 00 01
[2023-09-14 15:09:42.925600] [CLIENT_INPUT] paket : 00 03 00 00 00 06 01 03 00 06 00 01
[2023-09-14 15:09:45.911002] [CLIENT_INPUT] paket : 00 02 00 00 00 06 01 03 00 0A 00 04
[2023-09-14 15:09:48.879326] [CLIENT_INPUT] paket : 00 00 00 00 00 09 01 10 00 00 00 01 02 00 01
[2023-09-14 15:10:54.941198] [CLIENT_INPUT] paket : 00 01 00 00 00 0D 01 10 00 00 00 03 06 1A 2B 3C 4D 00 01
[2023-09-14 15:10:57.988304] [CLIENT_INPUT] paket : 00 03 00 00 00 06 01 03 00 06 00 01
[2023-09-14 15:11:00.955477] [CLIENT_INPUT] paket : 00 02 00 00 00 06 01 03 00 0A 00 04
[2023-09-14 15:11:03.926115] [CLIENT_INPUT] paket : 00 00 00 00 00 09 01 10 00 00 00 01 02 00 01
[2023-09-14 15:21:10.211267] [CLIENT_INPUT] paket : 00 01 00 00 00 0D 01 10 00 00 00 03 06 1A 2B 3C 4D 00 01
[2023-09-14 15:21:13.258199] [CLIENT_INPUT] paket : 00 03 00 00 00 06 01 03 00 06 00 01
[2023-09-14 15:21:16.219239] [CLIENT_INPUT] paket : 00 02 00 00 00 06 01 03 00 0A 00 04
[2023-09-14 15:21:19.198084] [CLIENT_INPUT] paket : 00 00 00 00 00 09 01 10 00 00 00 01 02 00 01
[2023-09-14 15:22:38.514199] [CLIENT_INPUT] paket : 00 01 00 00 00 0D 01 10 00 00 00 03 06 1A 2B 3C 4D 00 01
[2023-09-14 15:22:41.275154] [CLIENT_INPUT] paket : 00 03 00 00 00 06 01 03 00 06 00 01
[2023-09-14 15:22:44.049734] [CLIENT_INPUT] paket : 00 02 00 00 00 06 01 03 00 0A 00 04
[2023-09-14 15:22:46.983824] [CLIENT_INPUT] paket : 00 00 00 00 00 09 01 10 00 00 00 01 02 00 01
[2023-09-14 15:24:34.768079] [CLIENT_INPUT] paket : 00 01 00 00 00 06 01 03 00 00 00 03
[2023-09-14 15:24:37.777443] [CLIENT_INPUT] paket : 00 01 00 00 00 06 01 03 00 06 00 02
[2023-09-14 15:24:39.053354] [CLIENT_INPUT] paket : 00 02 00 00 00 06 01 03 00 00 00 03
[2023-09-14 15:24:42.901634] [CLIENT_INPUT] paket : 00 02 00 00 00 06 01 03 00 06 00 02
[2023-09-14 15:24:43.499753] [CLIENT_INPUT] paket : 00 03 00 00 00 06 01 03 00 00 00 03
[2023-09-14 15:24:47.612958] [CLIENT_INPUT] paket : 00 04 00 00 00 06 01 03 00 00 00 03
[2023-09-14 15:24:48.170169] [CLIENT_INPUT] paket : 00 03 00 00 00 06 01 03 00 06 00 02
[2023-09-14 15:24:51.723523] [CLIENT_INPUT] paket : 00 05 00 00 00 06 01 03 00 00 00 03
[2023-09-14 15:24:53.361533] [CLIENT_INPUT] paket : 00 04 00 00 00 06 01 03 00 06 00 02
[2023-09-14 15:24:56.154555] [CLIENT_INPUT] paket : 00 06 00 00 00 06 01 03 00 00 00 03
[2023-09-14 15:24:58.834768] [CLIENT_INPUT] paket : 00 05 00 00 00 06 01 03 00 06 00 02
[2023-09-14 15:25:00.297950] [CLIENT_INPUT] paket : 00 07 00 00 00 06 01 03 00 00 00 03
[2023-09-14 15:25:04.015103] [CLIENT_INPUT] paket : 00 06 00 00 00 06 01 03 00 06 00 02
[2023-09-14 15:25:04.652215] [CLIENT_INPUT] paket : 00 08 00 00 00 06 01 03 00 00 00 03
[2023-09-14 15:25:08.959634] [CLIENT_INPUT] paket : 00 09 00 00 00 06 01 03 00 00 00 03
[2023-09-14 15:25:09.263172] [CLIENT_INPUT] paket : 00 07 00 00 00 06 01 03 00 06 00 02
[2023-09-14 15:25:13.258448] [CLIENT_INPUT] paket : 00 0A 00 00 00 06 01 03 00 00 00 03
[2023-09-14 15:25:14.358113] [CLIENT_INPUT] paket : 00 08 00 00 00 06 01 03 00 06 00 02
[2023-09-14 15:25:17.659927] [CLIENT_INPUT] paket : 00 0B 00 00 00 06 01 03 00 00 00 03
[2023-09-14 15:25:19.596347] [CLIENT_INPUT] paket : 00 09 00 00 00 06 01 03 00 06 00 02
[2023-09-14 15:25:21.877694] [CLIENT_INPUT] paket : 00 0C 00 00 00 06 01 03 00 00 00 03
[2023-09-14 15:25:24.825863] [CLIENT_INPUT] paket : 00 0A 00 00 00 06 01 03 00 06 00 02
[2023-09-14 15:25:26.013154] [CLIENT_INPUT] paket : 00 0D 00 00 00 06 01 03 00 00 00 03
[2023-09-14 15:25:29.985181] [CLIENT_INPUT] paket : 00 0B 00 00 00 06 01 03 00 06 00 02
[2023-09-14 15:25:30.202117] [CLIENT_INPUT] paket : 00 0E 00 00 00 06 01 03 00 00 00 03
[2023-09-14 15:25:34.311318] [CLIENT_INPUT] paket : 00 0F 00 00 00 06 01 03 00 00 00 03
[2023-09-14 15:25:35.270959] [CLIENT_INPUT] paket : 00 0C 00 00 00 06 01 03 00 06 00 02
[2023-09-14 15:25:38.548286] [CLIENT_INPUT] paket : 00 10 00 00 00 06 01 03 00 00 00 03
[2023-09-14 15:25:40.544067] [CLIENT_INPUT] paket : 00 0D 00 00 00 06 01 03 00 06 00 02
[2023-09-14 15:25:42.724309] [CLIENT_INPUT] paket : 00 11 00 00 00 06 01 03 00 00 00 03
[2023-09-14 15:25:45.689075] [CLIENT_INPUT] paket : 00 0E 00 00 00 06 01 03 00 06 00 02
[2023-09-14 15:25:46.947844] [CLIENT_INPUT] paket : 00 12 00 00 00 06 01 03 00 00 00 03
[2023-09-14 15:25:50.866610] [CLIENT_INPUT] paket : 00 0F 00 00 00 06 01 03 00 06 00 02
[2023-09-14 15:25:51.178992] [CLIENT_INPUT] paket : 00 13 00 00 00 06 01 03 00 00 00 03
[2023-09-14 15:25:55.657940] [CLIENT_INPUT] paket : 00 14 00 00 00 06 01 03 00 00 00 03
[2023-09-14 15:25:55.983460] [CLIENT_INPUT] paket : 00 10 00 00 00 06 01 03 00 06 00 02
[2023-09-14 15:26:00.154831] [CLIENT_INPUT] paket : 00 15 00 00 00 06 01 03 00 00 00 03
[2023-09-14 15:26:01.563308] [CLIENT_INPUT] paket : 00 11 00 00 00 06 01 03 00 06 00 02
[2023-09-14 15:26:04.560051] [CLIENT_INPUT] paket : 00 16 00 00 00 06 01 03 00 00 00 03
[2023-09-14 15:26:06.780700] [CLIENT_INPUT] paket : 00 12 00 00 00 06 01 03 00 06 00 02
[2023-09-14 15:26:08.906819] [CLIENT_INPUT] paket : 00 17 00 00 00 06 01 03 00 00 00 03
[2023-09-14 15:32:48.102079] [CLIENT_INPUT] paket : 00 01 00 00 00 06 01 03 00 00 00 05
[2023-09-14 15:32:52.265523] [CLIENT_INPUT] paket : 00 02 00 00 00 06 01 03 00 00 00 05
[2023-09-14 15:33:33.761803] [CLIENT_INPUT] paket : 00 01 00 00 00 06 01 03 00 00 00 05
[2023-09-14 15:33:37.996133] [CLIENT_INPUT] paket : 00 02 00 00 00 06 01 03 00 00 00 05
[2023-09-14 15:33:43.731972] [CLIENT_INPUT] paket : 00 03 00 00 00 06 01 03 00 00 00 05
[2023-09-14 15:33:48.750373] [CLIENT_INPUT] paket : 00 04 00 00 00 06 01 03 00 00 00 05
[2023-09-14 15:33:53.467206] [CLIENT_INPUT] paket : 00 05 00 00 00 06 01 03 00 00 00 05
[2023-09-14 15:33:58.528461] [CLIENT_INPUT] paket : 00 06 00 00 00 06 01 03 00 00 00 05
[2023-09-14 15:34:03.353447] [CLIENT_INPUT] paket : 00 07 00 00 00 06 01 03 00 00 00 05
[2023-09-14 15:34:08.512845] [CLIENT_INPUT] paket : 00 08 00 00 00 06 01 03 00 00 00 05
[2023-09-14 15:34:13.510477] [CLIENT_INPUT] paket : 00 02 00 00 00 06 01 03 00 00 00 04
[2023-09-14 15:38:22.395522] [CLIENT_INPUT] paket : 00 02 00 00 00 06 01 03 00 00 00 04
[2023-09-14 15:39:16.263381] [CLIENT_INPUT] paket : 00 01 00 00 00 06 01 03 00 00 00 05
[2023-09-14 15:39:20.530728] [CLIENT_INPUT] paket : 00 02 00 00 00 06 01 03 00 00 00 05
[2023-09-14 15:39:24.642600] [CLIENT_INPUT] paket : 00 03 00 00 00 06 01 03 00 00 00 05
[2023-09-14 15:39:29.031893] [CLIENT_INPUT] paket : 00 04 00 00 00 06 01 03 00 00 00 05
[2023-09-14 15:39:33.227098] [CLIENT_INPUT] paket : 00 05 00 00 00 06 01 03 00 00 00 05
[2023-09-14 15:39:37.528111] [CLIENT_INPUT] paket : 00 06 00 00 00 06 01 03 00 00 00 05
[2023-09-14 15:39:41.617650] [CLIENT_INPUT] paket : 00 07 00 00 00 06 01 03 00 00 00 05
[2023-09-14 15:39:45.924518] [CLIENT_INPUT] paket : 00 08 00 00 00 06 01 03 00 00 00 05
[2023-09-14 15:39:50.076984] [CLIENT_INPUT] paket : 00 09 00 00 00 06 01 03 00 00 00 05
[2023-09-14 15:39:54.835132] [CLIENT_INPUT] paket : 00 0A 00 00 00 06 01 03 00 00 00 05
[2023-09-14 15:39:59.279604] [CLIENT_INPUT] paket : 00 0B 00 00 00 06 01 03 00 00 00 05
[2023-09-14 17:35:10.111005] [CLIENT_INPUT] paket : 00 01 00 00 00 03 01 83 02
[2023-09-14 17:35:14.839738] [CLIENT_INPUT] paket : 00 02 00 00 00 03 01 83 02
[2023-09-14 17:35:19.559177] [CLIENT_INPUT] paket : 00 03 00 00 00 03 01 83 02
[2023-09-14 17:35:23.869015] [CLIENT_INPUT] paket : 00 04 00 00 00 03 01 83 02
[2023-09-14 17:35:41.469938] [CLIENT_INPUT] paket : 00 01 00 00 00 0D 01 03 0A 02 2B 00 01 00 64 00 00 00 00
[2023-09-14 17:35:45.640272] [CLIENT_INPUT] paket : 00 02 00 00 00 0D 01 03 0A 02 2B 00 01 00 64 00 00 00 00
[2023-09-14 17:35:49.748694] [CLIENT_INPUT] paket : 00 03 00 00 00 0D 01 03 0A 02 2B 00 01 00 64 00 00 00 00
[2023-09-14 17:35:53.933733] [CLIENT_INPUT] paket : 00 04 00 00 00 0D 01 03 0A 02 2B 00 01 00 64 00 00 00 00
[2023-09-14 17:35:58.125504] [CLIENT_INPUT] paket : 00 05 00 00 00 0D 01 03 0A 02 2B 00 01 00 64 00 00 00 00
[2023-09-14 17:36:02.255712] [CLIENT_INPUT] paket : 00 06 00 00 00 0D 01 03 0A 02 2B 00 01 00 64 00 00 00 00
[2023-09-14 17:36:06.324787] [CLIENT_INPUT] paket : 00 07 00 00 00 0D 01 03 0A 02 2B 00 01 00 64 00 00 00 00
[2023-09-14 17:36:10.467787] [CLIENT_INPUT] paket : 00 08 00 00 00 0D 01 03 0A 02 2B 00 01 00 64 00 00 00 00
[2023-09-14 17:36:14.609082] [CLIENT_INPUT] paket : 00 09 00 00 00 0D 01 03 0A 02 2B 00 01 00 64 00 00 00 00
[2023-09-14 17:36:18.703133] [CLIENT_INPUT] paket : 00 0A 00 00 00 0D 01 03 0A 02 2B 00 01 00 64 00 00 00 00
[2023-09-14 17:36:23.071929] [CLIENT_INPUT] paket : 00 0B 00 00 00 0D 01 03 0A 02 2B 00 01 00 64 00 00 00 00
[2023-09-14 17:36:27.212468] [CLIENT_INPUT] paket : 00 0C 00 00 00 0D 01 03 0A 02 2B 00 01 00 64 00 00 00 00
[2023-09-14 17:36:31.353876] [CLIENT_INPUT] paket : 00 0D 00 00 00 0D 01 03 0A 02 2B 00 01 00 64 00 00 00 00
[2023-09-14 17:36:35.796835] [CLIENT_INPUT] paket : 00 0E 00 00 00 0D 01 03 0A 02 2B 00 01 00 64 00 00 00 00
[2023-09-14 17:36:40.811615] [CLIENT_INPUT] paket : 00 0F 00 00 00 0D 01 03 0A 02 2B 00 01 00 64 00 00 00 00
[2023-09-14 17:36:45.188346] [CLIENT_INPUT] paket : 00 10 00 00 00 0D 01 03 0A 02 2B 00 01 00 64 00 00 00 00
[2023-09-14 17:36:49.835696] [CLIENT_INPUT] paket : 00 11 00 00 00 0D 01 03 0A 02 2B 00 01 00 64 00 00 00 00
[2023-09-14 17:36:54.798723] [CLIENT_INPUT] paket : 00 12 00 00 00 0D 01 03 0A 02 2B 00 01 00 64 00 00 00 00
[2023-09-14 17:36:59.034688] [CLIENT_INPUT] paket : 00 13 00 00 00 0D 01 03 0A 02 2B 00 01 00 64 00 00 00 00
[2023-09-14 17:37:03.787689] [CLIENT_INPUT] paket : 00 14 00 00 00 0D 01 03 0A 02 2B 00 01 00 64 00 00 00 00
[2023-09-14 17:37:08.810881] [CLIENT_INPUT] paket : 00 15 00 00 00 0D 01 03 0A 02 2B 00 01 00 64 00 00 00 00
[2023-09-14 17:37:13.784032] [CLIENT_INPUT] paket : 00 16 00 00 00 0D 01 03 0A 02 2B 00 01 00 64 00 00 00 00
[2023-09-14 17:37:18.697956] [CLIENT_INPUT] paket : 00 17 00 00 00 0D 01 03 0A 02 2B 00 01 00 64 00 00 00 00
[2023-09-14 17:37:23.812614] [CLIENT_INPUT] paket : 00 18 00 00 00 0D 01 03 0A 02 2B 00 01 00 64 00 00 00 00
[2023-09-14 17:37:28.849516] [CLIENT_INPUT] paket : 00 19 00 00 00 0D 01 03 0A 02 2B 00 01 00 64 00 00 00 00
[2023-09-14 17:37:33.061641] [CLIENT_INPUT] paket : 00 1A 00 00 00 0D 01 03 0A 02 2B 00 01 00 64 00 00 00 00
[2023-09-14 17:37:37.174715] [CLIENT_INPUT] paket : 00 1B 00 00 00 0D 01 03 0A 02 2B 00 01 00 64 00 00 00 00
[2023-09-14 17:37:41.263365] [CLIENT_INPUT] paket : 00 1C 00 00 00 0D 01 03 0A 02 2B 00 01 00 64 00 00 00 00
[2023-09-14 17:37:45.464100] [CLIENT_INPUT] paket : 00 1D 00 00 00 0D 01 03 0A 02 2B 00 01 00 64 00 00 00 00
[2023-09-14 17:37:49.539784] [CLIENT_INPUT] paket : 00 1E 00 00 00 0D 01 03 0A 02 2B 00 01 00 64 00 00 00 00
[2023-09-14 17:37:53.649111] [CLIENT_INPUT] paket : 00 1F 00 00 00 0D 01 03 0A 02 2B 00 01 00 64 00 00 00 00
[2023-09-14 17:37:57.750424] [CLIENT_INPUT] paket : 00 20 00 00 00 0D 01 03 0A 02 2B 00 01 00 64 00 00 00 00
[2023-09-14 17:38:01.877038] [CLIENT_INPUT] paket : 00 21 00 00 00 0D 01 03 0A 02 2B 00 01 00 64 00 00 00 00
[2023-09-14 17:38:06.113725] [CLIENT_INPUT] paket : 00 22 00 00 00 0D 01 03 0A 02 2B 00 01 00 64 00 00 00 00
[2023-09-14 17:39:30.856293] [CLIENT_INPUT] paket : 00 01 00 00 00 0D 01 03 0A 02 2B 00 01 00 64 00 00 00 00
[2023-09-14 17:39:35.058931] [CLIENT_INPUT] paket : 00 02 00 00 00 0D 01 03 0A 02 2B 00 01 00 64 00 00 00 00
[2023-09-14 17:39:39.193263] [CLIENT_INPUT] paket : 00 03 00 00 00 0D 01 03 0A 02 2B 00 01 00 64 00 00 00 00
[2023-09-14 17:41:32.397096] [CLIENT_INPUT] paket : 00 01 00 00 00 0D 01 03 0A 02 2B 00 01 00 64 00 00 00 00
[2023-09-14 17:41:36.639570] [CLIENT_INPUT] paket : 00 02 00 00 00 0D 01 03 0A 02 2B 00 01 00 64 00 00 00 00
[2023-09-14 17:41:40.809955] [CLIENT_INPUT] paket : 00 03 00 00 00 0D 01 03 0A 02 2B 00 01 00 64 00 00 00 00
[2023-09-14 17:41:44.966126] [CLIENT_INPUT] paket : 00 04 00 00 00 0D 01 03 0A 02 2B 00 01 00 64 00 00 00 00
[2023-09-14 17:41:49.177200] [CLIENT_INPUT] paket : 00 05 00 00 00 0D 01 03 0A 02 2B 00 01 00 64 00 00 00 00
[2023-09-14 17:41:53.353511] [CLIENT_INPUT] paket : 00 06 00 00 00 0D 01 03 0A 02 2B 00 01 00 64 00 00 00 00
[2023-09-14 17:41:57.473422] [CLIENT_INPUT] paket : 00 07 00 00 00 0D 01 03 0A 02 2B 00 01 00 64 00 00 00 00
[2023-09-14 17:43:02.198742] [CLIENT_INPUT] paket : 00 01 00 00 00 0D 01 03 0A 02 2B 00 01 00 64 00 00 00 00
[2023-09-14 17:43:06.358397] [CLIENT_INPUT] paket : 00 02 00 00 00 0D 01 03 0A 02 2B 00 01 00 64 00 00 00 00
[2023-09-14 17:43:40.658256] [CLIENT_INPUT] paket : 00 01 00 00 00 0D 01 03 0A 02 2B 00 01 00 64 00 00 00 00
[2023-09-14 17:43:44.777327] [CLIENT_INPUT] paket : 00 02 00 00 00 0D 01 03 0A 02 2B 00 01 00 64 00 00 00 00
[2023-09-14 17:43:48.885017] [CLIENT_INPUT] paket : 00 03 00 00 00 0D 01 03 0A 02 2B 00 01 00 64 00 00 00 00
[2023-09-14 17:43:53.169169] [CLIENT_INPUT] paket : 00 04 00 00 00 0D 01 03 0A 02 2B 00 01 00 64 00 00 00 00
[2023-09-14 17:43:57.324921] [CLIENT_INPUT] paket : 00 05 00 00 00 0D 01 03 0A 02 2B 00 01 00 64 00 00 00 00
[2023-09-14 17:44:01.431581] [CLIENT_INPUT] paket : 00 06 00 00 00 0D 01 03 0A 02 2B 00 01 00 64 00 00 00 00
[2023-09-14 17:44:59.624250] [CLIENT_INPUT] paket : 00 01 00 00 00 06 01 03 01 60 00 05
[2023-09-14 17:45:07.730141] [CLIENT_INPUT] paket : 00 02 00 00 00 06 01 03 01 60 00 05
[2023-09-14 17:45:17.720033] [CLIENT_INPUT] paket : 00 03 00 00 00 06 01 03 01 60 00 05
[2023-09-14 17:45:26.736033] [CLIENT_INPUT] paket : 00 04 00 00 00 06 01 03 01 60 00 05
[2023-09-14 17:45:37.724410] [CLIENT_INPUT] paket : 00 01 00 00 00 0D 01 03 0A 02 2B 00 01 00 64 00 00 00 00
[2023-09-14 17:45:42.778930] [CLIENT_INPUT] paket : 00 06 00 00 00 0D 01 03 0A 02 2B 00 01 00 64 00 00 00 00
[2023-09-14 17:45:47.789710] [CLIENT_INPUT] paket : 00 07 00 00 00 0D 01 03 0A 02 2B 00 01 00 64 00 00 00 00
[2023-09-14 17:46:27.659372] [CLIENT_INPUT] paket : 00 01 00 00 00 0D 01 03 0A 02 2B 00 01 00 64 00 00 00 00
[2023-09-14 17:46:31.819680] [CLIENT_INPUT] paket : 00 02 00 00 00 0D 01 03 0A 02 2B 00 01 00 64 00 00 00 00
[2023-09-14 17:47:51.631891] [CLIENT_INPUT] paket : 00 01 00 00 00 0D 01 03 0A 02 2B 00 01 00 64 00 00 00 00
[2023-09-14 17:47:55.729582] [CLIENT_INPUT] paket : 00 02 00 00 00 0D 01 03 0A 02 2B 00 01 00 64 00 00 00 00
[2023-09-14 17:47:59.845814] [CLIENT_INPUT] paket : 00 03 00 00 00 0D 01 03 0A 02 2B 00 01 00 64 00 00 00 00
[2023-09-14 17:48:03.990813] [CLIENT_INPUT] paket : 00 04 00 00 00 0D 01 03 0A 02 2B 00 01 00 64 00 00 00 00
[2023-09-14 17:48:08.251068] [CLIENT_INPUT] paket : 00 05 00 00 00 0D 01 03 0A 02 2B 00 01 00 64 00 00 00 00
[2023-09-14 17:48:12.473724] [CLIENT_INPUT] paket : 00 06 00 00 00 0D 01 03 0A 02 2B 00 01 00 64 00 00 00 00
[2023-09-14 17:48:16.563059] [CLIENT_INPUT] paket : 00 07 00 00 00 0D 01 03 0A 02 2B 00 01 00 64 00 00 00 00
[2023-09-14 17:48:20.726497] [CLIENT_INPUT] paket : 00 08 00 00 00 0D 01 03 0A 02 2B 00 01 00 64 00 00 00 00
[2023-09-14 17:48:24.842557] [CLIENT_INPUT] paket : 00 09 00 00 00 0D 01 03 0A 02 2B 00 01 00 64 00 00 00 00
[2023-09-14 17:48:29.004012] [CLIENT_INPUT] paket : 00 0A 00 00 00 0D 01 03 0A 02 2B 00 01 00 64 00 00 00 00
[2023-09-14 17:48:33.095676] [CLIENT_INPUT] paket : 00 0B 00 00 00 0D 01 03 0A 02 2B 00 01 00 64 00 00 00 00
[2023-09-14 17:48:37.231992] [CLIENT_INPUT] paket : 00 0C 00 00 00 0D 01 03 0A 02 2B 00 01 00 64 00 00 00 00
[2023-09-14 17:48:41.339556] [CLIENT_INPUT] paket : 00 0D 00 00 00 0D 01 03 0A 02 2B 00 01 00 64 00 00 00 00
[2023-09-14 17:48:45.536395] [CLIENT_INPUT] paket : 00 0E 00 00 00 0D 01 03 0A 02 2B 00 01 00 64 00 00 00 00
[2023-09-14 17:48:49.763254] [CLIENT_INPUT] paket : 00 0F 00 00 00 0D 01 03 0A 02 2B 00 01 00 64 00 00 00 00
[2023-09-14 17:48:53.898820] [CLIENT_INPUT] paket : 00 10 00 00 00 0D 01 03 0A 02 2B 00 01 00 64 00 00 00 00
[2023-09-14 17:48:58.106839] [CLIENT_INPUT] paket : 00 11 00 00 00 0D 01 03 0A 02 2B 00 01 00 64 00 00 00 00
[2023-09-14 17:49:02.299816] [CLIENT_INPUT] paket : 00 12 00 00 00 0D 01 03 0A 02 2B 00 01 00 64 00 00 00 00
[2023-09-14 17:49:06.427169] [CLIENT_INPUT] paket : 00 13 00 00 00 0D 01 03 0A 02 2B 00 01 00 64 00 00 00 00
[2023-09-14 17:49:10.546331] [CLIENT_INPUT] paket : 00 14 00 00 00 0D 01 03 0A 02 2B 00 01 00 64 00 00 00 00
[2023-09-14 17:49:14.689343] [CLIENT_INPUT] paket : 00 15 00 00 00 0D 01 03 0A 02 2B 00 01 00 64 00 00 00 00
[2023-09-14 17:49:19.783331] [CLIENT_INPUT] paket : 00 16 00 00 00 0D 01 03 0A 02 2B 00 01 00 64 00 00 00 00
[2023-09-14 17:49:24.765701] [CLIENT_INPUT] paket : 00 17 00 00 00 0D 01 03 0A 02 2B 00 01 00 64 00 00 00 00
[2023-09-14 17:49:29.275602] [CLIENT_INPUT] paket : 00 18 00 00 00 0D 01 03 0A 02 2B 00 01 00 64 00 00 00 00
[2023-09-14 17:49:33.765063] [CLIENT_INPUT] paket : 00 19 00 00 00 0D 01 03 0A 02 2B 00 01 00 64 00 00 00 00
[2023-09-14 17:49:37.958552] [CLIENT_INPUT] paket : 00 1A 00 00 00 0D 01 03 0A 02 2B 00 01 00 64 00 00 00 00
[2023-09-14 17:49:42.780546] [CLIENT_INPUT] paket : 00 1B 00 00 00 0D 01 03 0A 02 2B 00 01 00 64 00 00 00 00
[2023-09-14 17:49:47.814604] [CLIENT_INPUT] paket : 00 1C 00 00 00 0D 01 03 0A 02 2B 00 01 00 64 00 00 00 00
[2023-09-14 17:49:52.777455] [CLIENT_INPUT] paket : 00 1D 00 00 00 0D 01 03 0A 02 2B 00 01 00 64 00 00 00 00
[2023-09-14 17:49:57.744303] [CLIENT_INPUT] paket : 00 1E 00 00 00 0D 01 03 0A 02 2B 00 01 00 64 00 00 00 00
[2023-09-14 17:50:02.825673] [CLIENT_INPUT] paket : 00 1F 00 00 00 0D 01 03 0A 02 2B 00 01 00 64 00 00 00 00
[2023-09-14 17:50:07.808154] [CLIENT_INPUT] paket : 00 20 00 00 00 0D 01 03 0A 02 2B 00 01 00 64 00 00 00 00
[2023-09-14 17:50:12.766494] [CLIENT_INPUT] paket : 00 21 00 00 00 0D 01 03 0A 02 2B 00 01 00 64 00 00 00 00
[2023-09-14 17:50:17.551929] [CLIENT_INPUT] paket : 00 22 00 00 00 0D 01 03 0A 02 2B 00 01 00 64 00 00 00 00
[2023-09-14 17:50:21.768994] [CLIENT_INPUT] paket : 00 23 00 00 00 0D 01 03 0A 02 2B 00 01 00 64 00 00 00 00
[2023-09-14 17:50:26.783721] [CLIENT_INPUT] paket : 00 24 00 00 00 0D 01 03 0A 02 2B 00 01 00 64 00 00 00 00
